ARM GAS  C:\Users\MICHA_~1\AppData\Local\Temp\cc5i4OkO.s 			page 1


   1              		.syntax unified
   2              		.cpu cortex-m3
   3              		.fpu softvfp
   4              		.eabi_attribute 20, 1
   5              		.eabi_attribute 21, 1
   6              		.eabi_attribute 23, 3
   7              		.eabi_attribute 24, 1
   8              		.eabi_attribute 25, 1
   9              		.eabi_attribute 26, 1
  10              		.eabi_attribute 30, 4
  11              		.eabi_attribute 34, 1
  12              		.eabi_attribute 18, 4
  13              		.thumb
  14              		.file	"cymetadata.c"
  15              		.text
  16              	.Ltext0:
  17              		.cfi_sections	.debug_frame
  18              		.global	cy_metadata
  19              		.global	cy_meta_flashprotect
  20              		.global	cy_meta_wonvl
  21              		.global	cy_meta_custnvl
  22              		.global	cy_meta_configecc
  23              		.global	cy_meta_loader
  24              		.section	.cyconfigecc,"a",%progbits
  25              		.type	cy_meta_configecc, %object
  26              		.size	cy_meta_configecc, 1
  27              	cy_meta_configecc:
  28 0000 00       		.space	1
  29              		.section	.cywolatch,"a",%progbits
  30              		.type	cy_meta_wonvl, %object
  31              		.size	cy_meta_wonvl, 4
  32              	cy_meta_wonvl:
  33 0000 BC       		.byte	-68
  34 0001 90       		.byte	-112
  35 0002 AC       		.byte	-84
  36 0003 AF       		.byte	-81
  37              		.section	.cyloadermeta,"a",%progbits
  38              		.type	cy_meta_loader, %object
  39              		.size	cy_meta_loader, 64
  40              	cy_meta_loader:
  41 0000 00       		.byte	0
  42 0001 00       		.byte	0
  43 0002 00       		.byte	0
  44 0003 00       		.byte	0
  45 0004 00       		.byte	0
  46 0005 00       		.byte	0
  47 0006 00       		.byte	0
  48 0007 00       		.byte	0
  49 0008 00       		.byte	0
  50 0009 00       		.byte	0
  51 000a 00       		.byte	0
  52 000b 00       		.byte	0
  53 000c 00       		.byte	0
  54 000d 00       		.byte	0
  55 000e 00       		.byte	0
  56 000f 00       		.byte	0
  57 0010 00       		.byte	0
ARM GAS  C:\Users\MICHA_~1\AppData\Local\Temp\cc5i4OkO.s 			page 2


  58 0011 00       		.byte	0
  59 0012 00       		.byte	0
  60 0013 00       		.byte	0
  61 0014 01       		.byte	1
  62 0015 00       		.byte	0
  63 0016 01       		.byte	1
  64 0017 00       		.byte	0
  65 0018 00       		.byte	0
  66 0019 00       		.byte	0
  67 001a 00       		.byte	0
  68 001b 00       		.byte	0
  69 001c 00       		.byte	0
  70 001d 00       		.byte	0
  71 001e 00       		.byte	0
  72 001f 00       		.byte	0
  73 0020 00       		.byte	0
  74 0021 00       		.byte	0
  75 0022 00       		.byte	0
  76 0023 00       		.byte	0
  77 0024 00       		.byte	0
  78 0025 00       		.byte	0
  79 0026 00       		.byte	0
  80 0027 00       		.byte	0
  81 0028 00       		.byte	0
  82 0029 00       		.byte	0
  83 002a 00       		.byte	0
  84 002b 00       		.byte	0
  85 002c 00       		.byte	0
  86 002d 00       		.byte	0
  87 002e 00       		.byte	0
  88 002f 00       		.byte	0
  89 0030 00       		.byte	0
  90 0031 00       		.byte	0
  91 0032 00       		.byte	0
  92 0033 00       		.byte	0
  93 0034 00       		.byte	0
  94 0035 00       		.byte	0
  95 0036 00       		.byte	0
  96 0037 00       		.byte	0
  97 0038 00       		.byte	0
  98 0039 00       		.byte	0
  99 003a 00       		.byte	0
 100 003b 00       		.byte	0
 101 003c 00       		.byte	0
 102 003d 00       		.byte	0
 103 003e 00       		.byte	0
 104 003f 00       		.byte	0
 105              		.section	.cycustnvl,"a",%progbits
 106              		.type	cy_meta_custnvl, %object
 107              		.size	cy_meta_custnvl, 4
 108              	cy_meta_custnvl:
 109 0000 80       		.byte	-128
 110 0001 00       		.byte	0
 111 0002 40       		.byte	64
 112 0003 05       		.byte	5
 113              		.section	.cymeta,"a",%progbits
 114              		.type	cy_metadata, %object
ARM GAS  C:\Users\MICHA_~1\AppData\Local\Temp\cc5i4OkO.s 			page 3


 115              		.size	cy_metadata, 12
 116              	cy_metadata:
 117 0000 00       		.byte	0
 118 0001 01       		.byte	1
 119 0002 2E       		.byte	46
 120 0003 13       		.byte	19
 121 0004 30       		.byte	48
 122 0005 69       		.byte	105
 123 0006 00       		.byte	0
 124 0007 01       		.byte	1
 125 0008 00       		.byte	0
 126 0009 00       		.byte	0
 127 000a 00       		.byte	0
 128 000b 00       		.byte	0
 129              		.section	.cyflashprotect,"a",%progbits
 130              		.type	cy_meta_flashprotect, %object
 131              		.size	cy_meta_flashprotect, 128
 132              	cy_meta_flashprotect:
 133 0000 00000000 		.space	128
 133      00000000 
 133      00000000 
 133      00000000 
 133      00000000 
 134              		.text
 135              	.Letext0:
 136              		.file 1 ".\\Generated_Source\\PSoC5\\cymetadata.c"
 137              		.file 2 ".\\Generated_Source\\PSoC5\\cytypes.h"
 138              		.section	.debug_info,"",%progbits
 139              	.Ldebug_info0:
 140 0000 61010000 		.4byte	0x161
 141 0004 0200     		.2byte	0x2
 142 0006 00000000 		.4byte	.Ldebug_abbrev0
 143 000a 04       		.byte	0x4
 144 000b 01       		.uleb128 0x1
 145 000c 47010000 		.4byte	.LASF19
 146 0010 01       		.byte	0x1
 147 0011 00000000 		.4byte	.LASF20
 148 0015 67000000 		.4byte	.LASF21
 149 0019 00000000 		.4byte	.Ldebug_line0
 150 001d 02       		.uleb128 0x2
 151 001e 01       		.byte	0x1
 152 001f 06       		.byte	0x6
 153 0020 99010000 		.4byte	.LASF0
 154 0024 02       		.uleb128 0x2
 155 0025 01       		.byte	0x1
 156 0026 08       		.byte	0x8
 157 0027 47000000 		.4byte	.LASF1
 158 002b 02       		.uleb128 0x2
 159 002c 02       		.byte	0x2
 160 002d 05       		.byte	0x5
 161 002e 37010000 		.4byte	.LASF2
 162 0032 02       		.uleb128 0x2
 163 0033 02       		.byte	0x2
 164 0034 07       		.byte	0x7
 165 0035 98000000 		.4byte	.LASF3
 166 0039 02       		.uleb128 0x2
 167 003a 04       		.byte	0x4
ARM GAS  C:\Users\MICHA_~1\AppData\Local\Temp\cc5i4OkO.s 			page 4


 168 003b 05       		.byte	0x5
 169 003c 90010000 		.4byte	.LASF4
 170 0040 02       		.uleb128 0x2
 171 0041 04       		.byte	0x4
 172 0042 07       		.byte	0x7
 173 0043 55000000 		.4byte	.LASF5
 174 0047 02       		.uleb128 0x2
 175 0048 08       		.byte	0x8
 176 0049 05       		.byte	0x5
 177 004a 24010000 		.4byte	.LASF6
 178 004e 02       		.uleb128 0x2
 179 004f 08       		.byte	0x8
 180 0050 07       		.byte	0x7
 181 0051 E1000000 		.4byte	.LASF7
 182 0055 03       		.uleb128 0x3
 183 0056 04       		.byte	0x4
 184 0057 05       		.byte	0x5
 185 0058 696E7400 		.ascii	"int\000"
 186 005c 02       		.uleb128 0x2
 187 005d 04       		.byte	0x4
 188 005e 07       		.byte	0x7
 189 005f D4000000 		.4byte	.LASF8
 190 0063 04       		.uleb128 0x4
 191 0064 41010000 		.4byte	.LASF22
 192 0068 02       		.byte	0x2
 193 0069 5B       		.byte	0x5b
 194 006a 24000000 		.4byte	0x24
 195 006e 02       		.uleb128 0x2
 196 006f 04       		.byte	0x4
 197 0070 04       		.byte	0x4
 198 0071 41000000 		.4byte	.LASF9
 199 0075 02       		.uleb128 0x2
 200 0076 08       		.byte	0x8
 201 0077 04       		.byte	0x4
 202 0078 AB000000 		.4byte	.LASF10
 203 007c 02       		.uleb128 0x2
 204 007d 01       		.byte	0x1
 205 007e 08       		.byte	0x8
 206 007f 32010000 		.4byte	.LASF11
 207 0083 05       		.uleb128 0x5
 208 0084 63000000 		.4byte	0x63
 209 0088 93000000 		.4byte	0x93
 210 008c 06       		.uleb128 0x6
 211 008d 93000000 		.4byte	0x93
 212 0091 3F       		.byte	0x3f
 213 0092 00       		.byte	0
 214 0093 02       		.uleb128 0x2
 215 0094 04       		.byte	0x4
 216 0095 07       		.byte	0x7
 217 0096 1B010000 		.4byte	.LASF12
 218 009a 07       		.uleb128 0x7
 219 009b 26000000 		.4byte	.LASF13
 220 009f 01       		.byte	0x1
 221 00a0 1C       		.byte	0x1c
 222 00a1 AC000000 		.4byte	0xac
 223 00a5 01       		.byte	0x1
 224 00a6 05       		.byte	0x5
ARM GAS  C:\Users\MICHA_~1\AppData\Local\Temp\cc5i4OkO.s 			page 5


 225 00a7 03       		.byte	0x3
 226 00a8 00000000 		.4byte	cy_meta_loader
 227 00ac 08       		.uleb128 0x8
 228 00ad 83000000 		.4byte	0x83
 229 00b1 05       		.uleb128 0x5
 230 00b2 63000000 		.4byte	0x63
 231 00b6 C1000000 		.4byte	0xc1
 232 00ba 06       		.uleb128 0x6
 233 00bb 93000000 		.4byte	0x93
 234 00bf 00       		.byte	0
 235 00c0 00       		.byte	0
 236 00c1 07       		.uleb128 0x7
 237 00c2 C2000000 		.4byte	.LASF14
 238 00c6 01       		.byte	0x1
 239 00c7 2E       		.byte	0x2e
 240 00c8 D3000000 		.4byte	0xd3
 241 00cc 01       		.byte	0x1
 242 00cd 05       		.byte	0x5
 243 00ce 03       		.byte	0x3
 244 00cf 00000000 		.4byte	cy_meta_configecc
 245 00d3 08       		.uleb128 0x8
 246 00d4 B1000000 		.4byte	0xb1
 247 00d8 05       		.uleb128 0x5
 248 00d9 63000000 		.4byte	0x63
 249 00dd E8000000 		.4byte	0xe8
 250 00e1 06       		.uleb128 0x6
 251 00e2 93000000 		.4byte	0x93
 252 00e6 03       		.byte	0x3
 253 00e7 00       		.byte	0
 254 00e8 07       		.uleb128 0x7
 255 00e9 B2000000 		.4byte	.LASF15
 256 00ed 01       		.byte	0x1
 257 00ee 39       		.byte	0x39
 258 00ef FA000000 		.4byte	0xfa
 259 00f3 01       		.byte	0x1
 260 00f4 05       		.byte	0x5
 261 00f5 03       		.byte	0x3
 262 00f6 00000000 		.4byte	cy_meta_custnvl
 263 00fa 08       		.uleb128 0x8
 264 00fb D8000000 		.4byte	0xd8
 265 00ff 07       		.uleb128 0x7
 266 0100 0D010000 		.4byte	.LASF16
 267 0104 01       		.byte	0x1
 268 0105 44       		.byte	0x44
 269 0106 11010000 		.4byte	0x111
 270 010a 01       		.byte	0x1
 271 010b 05       		.byte	0x5
 272 010c 03       		.byte	0x3
 273 010d 00000000 		.4byte	cy_meta_wonvl
 274 0111 08       		.uleb128 0x8
 275 0112 D8000000 		.4byte	0xd8
 276 0116 05       		.uleb128 0x5
 277 0117 63000000 		.4byte	0x63
 278 011b 26010000 		.4byte	0x126
 279 011f 06       		.uleb128 0x6
 280 0120 93000000 		.4byte	0x93
 281 0124 7F       		.byte	0x7f
ARM GAS  C:\Users\MICHA_~1\AppData\Local\Temp\cc5i4OkO.s 			page 6


 282 0125 00       		.byte	0
 283 0126 07       		.uleb128 0x7
 284 0127 F8000000 		.4byte	.LASF17
 285 012b 01       		.byte	0x1
 286 012c 4F       		.byte	0x4f
 287 012d 38010000 		.4byte	0x138
 288 0131 01       		.byte	0x1
 289 0132 05       		.byte	0x5
 290 0133 03       		.byte	0x3
 291 0134 00000000 		.4byte	cy_meta_flashprotect
 292 0138 08       		.uleb128 0x8
 293 0139 16010000 		.4byte	0x116
 294 013d 05       		.uleb128 0x5
 295 013e 63000000 		.4byte	0x63
 296 0142 4D010000 		.4byte	0x14d
 297 0146 06       		.uleb128 0x6
 298 0147 93000000 		.4byte	0x93
 299 014b 0B       		.byte	0xb
 300 014c 00       		.byte	0
 301 014d 07       		.uleb128 0x7
 302 014e 35000000 		.4byte	.LASF18
 303 0152 01       		.byte	0x1
 304 0153 69       		.byte	0x69
 305 0154 5F010000 		.4byte	0x15f
 306 0158 01       		.byte	0x1
 307 0159 05       		.byte	0x5
 308 015a 03       		.byte	0x3
 309 015b 00000000 		.4byte	cy_metadata
 310 015f 08       		.uleb128 0x8
 311 0160 3D010000 		.4byte	0x13d
 312 0164 00       		.byte	0
 313              		.section	.debug_abbrev,"",%progbits
 314              	.Ldebug_abbrev0:
 315 0000 01       		.uleb128 0x1
 316 0001 11       		.uleb128 0x11
 317 0002 01       		.byte	0x1
 318 0003 25       		.uleb128 0x25
 319 0004 0E       		.uleb128 0xe
 320 0005 13       		.uleb128 0x13
 321 0006 0B       		.uleb128 0xb
 322 0007 03       		.uleb128 0x3
 323 0008 0E       		.uleb128 0xe
 324 0009 1B       		.uleb128 0x1b
 325 000a 0E       		.uleb128 0xe
 326 000b 10       		.uleb128 0x10
 327 000c 06       		.uleb128 0x6
 328 000d 00       		.byte	0
 329 000e 00       		.byte	0
 330 000f 02       		.uleb128 0x2
 331 0010 24       		.uleb128 0x24
 332 0011 00       		.byte	0
 333 0012 0B       		.uleb128 0xb
 334 0013 0B       		.uleb128 0xb
 335 0014 3E       		.uleb128 0x3e
 336 0015 0B       		.uleb128 0xb
 337 0016 03       		.uleb128 0x3
 338 0017 0E       		.uleb128 0xe
ARM GAS  C:\Users\MICHA_~1\AppData\Local\Temp\cc5i4OkO.s 			page 7


 339 0018 00       		.byte	0
 340 0019 00       		.byte	0
 341 001a 03       		.uleb128 0x3
 342 001b 24       		.uleb128 0x24
 343 001c 00       		.byte	0
 344 001d 0B       		.uleb128 0xb
 345 001e 0B       		.uleb128 0xb
 346 001f 3E       		.uleb128 0x3e
 347 0020 0B       		.uleb128 0xb
 348 0021 03       		.uleb128 0x3
 349 0022 08       		.uleb128 0x8
 350 0023 00       		.byte	0
 351 0024 00       		.byte	0
 352 0025 04       		.uleb128 0x4
 353 0026 16       		.uleb128 0x16
 354 0027 00       		.byte	0
 355 0028 03       		.uleb128 0x3
 356 0029 0E       		.uleb128 0xe
 357 002a 3A       		.uleb128 0x3a
 358 002b 0B       		.uleb128 0xb
 359 002c 3B       		.uleb128 0x3b
 360 002d 0B       		.uleb128 0xb
 361 002e 49       		.uleb128 0x49
 362 002f 13       		.uleb128 0x13
 363 0030 00       		.byte	0
 364 0031 00       		.byte	0
 365 0032 05       		.uleb128 0x5
 366 0033 01       		.uleb128 0x1
 367 0034 01       		.byte	0x1
 368 0035 49       		.uleb128 0x49
 369 0036 13       		.uleb128 0x13
 370 0037 01       		.uleb128 0x1
 371 0038 13       		.uleb128 0x13
 372 0039 00       		.byte	0
 373 003a 00       		.byte	0
 374 003b 06       		.uleb128 0x6
 375 003c 21       		.uleb128 0x21
 376 003d 00       		.byte	0
 377 003e 49       		.uleb128 0x49
 378 003f 13       		.uleb128 0x13
 379 0040 2F       		.uleb128 0x2f
 380 0041 0B       		.uleb128 0xb
 381 0042 00       		.byte	0
 382 0043 00       		.byte	0
 383 0044 07       		.uleb128 0x7
 384 0045 34       		.uleb128 0x34
 385 0046 00       		.byte	0
 386 0047 03       		.uleb128 0x3
 387 0048 0E       		.uleb128 0xe
 388 0049 3A       		.uleb128 0x3a
 389 004a 0B       		.uleb128 0xb
 390 004b 3B       		.uleb128 0x3b
 391 004c 0B       		.uleb128 0xb
 392 004d 49       		.uleb128 0x49
 393 004e 13       		.uleb128 0x13
 394 004f 3F       		.uleb128 0x3f
 395 0050 0C       		.uleb128 0xc
ARM GAS  C:\Users\MICHA_~1\AppData\Local\Temp\cc5i4OkO.s 			page 8


 396 0051 02       		.uleb128 0x2
 397 0052 0A       		.uleb128 0xa
 398 0053 00       		.byte	0
 399 0054 00       		.byte	0
 400 0055 08       		.uleb128 0x8
 401 0056 26       		.uleb128 0x26
 402 0057 00       		.byte	0
 403 0058 49       		.uleb128 0x49
 404 0059 13       		.uleb128 0x13
 405 005a 00       		.byte	0
 406 005b 00       		.byte	0
 407 005c 00       		.byte	0
 408              		.section	.debug_aranges,"",%progbits
 409 0000 14000000 		.4byte	0x14
 410 0004 0200     		.2byte	0x2
 411 0006 00000000 		.4byte	.Ldebug_info0
 412 000a 04       		.byte	0x4
 413 000b 00       		.byte	0
 414 000c 0000     		.2byte	0
 415 000e 0000     		.2byte	0
 416 0010 00000000 		.4byte	0
 417 0014 00000000 		.4byte	0
 418              		.section	.debug_line,"",%progbits
 419              	.Ldebug_line0:
 420 0000 4F000000 		.section	.debug_str,"MS",%progbits,1
 420      02004900 
 420      00000201 
 420      FB0E0D00 
 420      01010101 
 421              	.LASF20:
 422 0000 2E5C4765 		.ascii	".\\Generated_Source\\PSoC5\\cymetadata.c\000"
 422      6E657261 
 422      7465645F 
 422      536F7572 
 422      63655C50 
 423              	.LASF13:
 424 0026 63795F6D 		.ascii	"cy_meta_loader\000"
 424      6574615F 
 424      6C6F6164 
 424      657200
 425              	.LASF18:
 426 0035 63795F6D 		.ascii	"cy_metadata\000"
 426      65746164 
 426      61746100 
 427              	.LASF9:
 428 0041 666C6F61 		.ascii	"float\000"
 428      7400
 429              	.LASF1:
 430 0047 756E7369 		.ascii	"unsigned char\000"
 430      676E6564 
 430      20636861 
 430      7200
 431              	.LASF5:
 432 0055 6C6F6E67 		.ascii	"long unsigned int\000"
 432      20756E73 
 432      69676E65 
 432      6420696E 
ARM GAS  C:\Users\MICHA_~1\AppData\Local\Temp\cc5i4OkO.s 			page 9


 432      7400
 433              	.LASF21:
 434 0067 573A5C53 		.ascii	"W:\\SCSI2SD\\software\\SCSI2SD\\USB_Bootloader.cyds"
 434      43534932 
 434      53445C73 
 434      6F667477 
 434      6172655C 
 435 0096 6E00     		.ascii	"n\000"
 436              	.LASF3:
 437 0098 73686F72 		.ascii	"short unsigned int\000"
 437      7420756E 
 437      7369676E 
 437      65642069 
 437      6E7400
 438              	.LASF10:
 439 00ab 646F7562 		.ascii	"double\000"
 439      6C6500
 440              	.LASF15:
 441 00b2 63795F6D 		.ascii	"cy_meta_custnvl\000"
 441      6574615F 
 441      63757374 
 441      6E766C00 
 442              	.LASF14:
 443 00c2 63795F6D 		.ascii	"cy_meta_configecc\000"
 443      6574615F 
 443      636F6E66 
 443      69676563 
 443      6300
 444              	.LASF8:
 445 00d4 756E7369 		.ascii	"unsigned int\000"
 445      676E6564 
 445      20696E74 
 445      00
 446              	.LASF7:
 447 00e1 6C6F6E67 		.ascii	"long long unsigned int\000"
 447      206C6F6E 
 447      6720756E 
 447      7369676E 
 447      65642069 
 448              	.LASF17:
 449 00f8 63795F6D 		.ascii	"cy_meta_flashprotect\000"
 449      6574615F 
 449      666C6173 
 449      6870726F 
 449      74656374 
 450              	.LASF16:
 451 010d 63795F6D 		.ascii	"cy_meta_wonvl\000"
 451      6574615F 
 451      776F6E76 
 451      6C00
 452              	.LASF12:
 453 011b 73697A65 		.ascii	"sizetype\000"
 453      74797065 
 453      00
 454              	.LASF6:
 455 0124 6C6F6E67 		.ascii	"long long int\000"
 455      206C6F6E 
ARM GAS  C:\Users\MICHA_~1\AppData\Local\Temp\cc5i4OkO.s 			page 10


 455      6720696E 
 455      7400
 456              	.LASF11:
 457 0132 63686172 		.ascii	"char\000"
 457      00
 458              	.LASF2:
 459 0137 73686F72 		.ascii	"short int\000"
 459      7420696E 
 459      7400
 460              	.LASF22:
 461 0141 75696E74 		.ascii	"uint8\000"
 461      3800
 462              	.LASF19:
 463 0147 474E5520 		.ascii	"GNU C 4.7.3 20130312 (release) [ARM/embedded-4_7-br"
 463      4320342E 
 463      372E3320 
 463      32303133 
 463      30333132 
 464 017a 616E6368 		.ascii	"anch revision 196615]\000"
 464      20726576 
 464      6973696F 
 464      6E203139 
 464      36363135 
 465              	.LASF4:
 466 0190 6C6F6E67 		.ascii	"long int\000"
 466      20696E74 
 466      00
 467              	.LASF0:
 468 0199 7369676E 		.ascii	"signed char\000"
 468      65642063 
 468      68617200 
 469              		.ident	"GCC: (GNU Tools for ARM Embedded Processors) 4.7.3 20130312 (release) [ARM/embedded-4_7-br
