ARM GAS  C:\Users\MICHA_~1\AppData\Local\Temp\cckTs2oT.s 			page 1


   1              		.syntax unified
   2              		.cpu cortex-m3
   3              		.fpu softvfp
   4              		.eabi_attribute 20, 1
   5              		.eabi_attribute 21, 1
   6              		.eabi_attribute 23, 3
   7              		.eabi_attribute 24, 1
   8              		.eabi_attribute 25, 1
   9              		.eabi_attribute 26, 1
  10              		.eabi_attribute 30, 4
  11              		.eabi_attribute 34, 1
  12              		.eabi_attribute 18, 4
  13              		.thumb
  14              		.file	"cyutils.c"
  15              		.text
  16              	.Ltext0:
  17              		.cfi_sections	.debug_frame
  18              		.section	.text.CySetReg24,"ax",%progbits
  19              		.align	1
  20              		.global	CySetReg24
  21              		.thumb
  22              		.thumb_func
  23              		.type	CySetReg24, %function
  24              	CySetReg24:
  25              	.LFB0:
  26              		.file 1 ".\\Generated_Source\\PSoC5\\cyutils.c"
   1:.\Generated_Source\PSoC5/cyutils.c **** /*******************************************************************************
   2:.\Generated_Source\PSoC5/cyutils.c **** * FILENAME: cyutils.c
   3:.\Generated_Source\PSoC5/cyutils.c **** * Version 4.0
   4:.\Generated_Source\PSoC5/cyutils.c **** *
   5:.\Generated_Source\PSoC5/cyutils.c **** *  Description:
   6:.\Generated_Source\PSoC5/cyutils.c **** *   CyUtils provides function to handle 24-bit value writes.
   7:.\Generated_Source\PSoC5/cyutils.c **** *
   8:.\Generated_Source\PSoC5/cyutils.c **** ********************************************************************************
   9:.\Generated_Source\PSoC5/cyutils.c **** * Copyright 2008-2013, Cypress Semiconductor Corporation.  All rights reserved.
  10:.\Generated_Source\PSoC5/cyutils.c **** * You may use this file only in accordance with the license, terms, conditions,
  11:.\Generated_Source\PSoC5/cyutils.c **** * disclaimers, and limitations in the end user license agreement accompanying
  12:.\Generated_Source\PSoC5/cyutils.c **** * the software package with which this file was provided.
  13:.\Generated_Source\PSoC5/cyutils.c **** *******************************************************************************/
  14:.\Generated_Source\PSoC5/cyutils.c **** 
  15:.\Generated_Source\PSoC5/cyutils.c **** #include "cytypes.h"
  16:.\Generated_Source\PSoC5/cyutils.c **** 
  17:.\Generated_Source\PSoC5/cyutils.c **** #if (!CY_PSOC3)
  18:.\Generated_Source\PSoC5/cyutils.c **** 
  19:.\Generated_Source\PSoC5/cyutils.c ****     /***************************************************************************
  20:.\Generated_Source\PSoC5/cyutils.c ****     * Function Name: CySetReg24
  21:.\Generated_Source\PSoC5/cyutils.c ****     ****************************************************************************
  22:.\Generated_Source\PSoC5/cyutils.c ****     *
  23:.\Generated_Source\PSoC5/cyutils.c ****     * Summary:
  24:.\Generated_Source\PSoC5/cyutils.c ****     *  Writes the 24-bit value to the specified register.
  25:.\Generated_Source\PSoC5/cyutils.c ****     *
  26:.\Generated_Source\PSoC5/cyutils.c ****     * Parameters:
  27:.\Generated_Source\PSoC5/cyutils.c ****     *  addr : adress where data must be written
  28:.\Generated_Source\PSoC5/cyutils.c ****     *  value: data that must be written
  29:.\Generated_Source\PSoC5/cyutils.c ****     *
  30:.\Generated_Source\PSoC5/cyutils.c ****     * Return:
  31:.\Generated_Source\PSoC5/cyutils.c ****     *  None
ARM GAS  C:\Users\MICHA_~1\AppData\Local\Temp\cckTs2oT.s 			page 2


  32:.\Generated_Source\PSoC5/cyutils.c ****     *
  33:.\Generated_Source\PSoC5/cyutils.c ****     * Reentrant:
  34:.\Generated_Source\PSoC5/cyutils.c ****     *  No
  35:.\Generated_Source\PSoC5/cyutils.c ****     *
  36:.\Generated_Source\PSoC5/cyutils.c ****     ***************************************************************************/
  37:.\Generated_Source\PSoC5/cyutils.c ****     void CySetReg24(uint32 volatile * addr, uint32 value)
  38:.\Generated_Source\PSoC5/cyutils.c ****     {
  27              		.loc 1 38 0
  28              		.cfi_startproc
  29              		@ args = 0, pretend = 0, frame = 0
  30              		@ frame_needed = 0, uses_anonymous_args = 0
  31              		@ link register save eliminated.
  32              	.LVL0:
  39:.\Generated_Source\PSoC5/cyutils.c ****         uint8 volatile *tmpAddr;
  40:.\Generated_Source\PSoC5/cyutils.c **** 
  41:.\Generated_Source\PSoC5/cyutils.c ****         tmpAddr = (uint8 volatile *) addr;
  42:.\Generated_Source\PSoC5/cyutils.c **** 
  43:.\Generated_Source\PSoC5/cyutils.c ****         tmpAddr[0u] = (uint8) value;
  33              		.loc 1 43 0
  34 0000 CBB2     		uxtb	r3, r1
  44:.\Generated_Source\PSoC5/cyutils.c ****         tmpAddr[1u] = (uint8) (value >> 8u);
  35              		.loc 1 44 0
  36 0002 C1F30722 		ubfx	r2, r1, #8, #8
  45:.\Generated_Source\PSoC5/cyutils.c ****         tmpAddr[2u] = (uint8) (value >> 16u);
  37              		.loc 1 45 0
  38 0006 C1F30741 		ubfx	r1, r1, #16, #8
  39              	.LVL1:
  43:.\Generated_Source\PSoC5/cyutils.c ****         tmpAddr[0u] = (uint8) value;
  40              		.loc 1 43 0
  41 000a 0370     		strb	r3, [r0, #0]
  44:.\Generated_Source\PSoC5/cyutils.c ****         tmpAddr[1u] = (uint8) (value >> 8u);
  42              		.loc 1 44 0
  43 000c 4270     		strb	r2, [r0, #1]
  44              		.loc 1 45 0
  45 000e 8170     		strb	r1, [r0, #2]
  46 0010 7047     		bx	lr
  47              		.cfi_endproc
  48              	.LFE0:
  49              		.size	CySetReg24, .-CySetReg24
  50              		.text
  51              	.Letext0:
  52              		.file 2 ".\\Generated_Source\\PSoC5\\cytypes.h"
  53              		.section	.debug_info,"",%progbits
  54              	.Ldebug_info0:
  55 0000 F0000000 		.4byte	0xf0
  56 0004 0200     		.2byte	0x2
  57 0006 00000000 		.4byte	.Ldebug_abbrev0
  58 000a 04       		.byte	0x4
  59 000b 01       		.uleb128 0x1
  60 000c 00010000 		.4byte	.LASF16
  61 0010 01       		.byte	0x1
  62 0011 06000000 		.4byte	.LASF17
  63 0015 67000000 		.4byte	.LASF18
  64 0019 00000000 		.4byte	.Ldebug_ranges0+0
  65 001d 00000000 		.4byte	0
  66 0021 00000000 		.4byte	0
  67 0025 00000000 		.4byte	.Ldebug_line0
ARM GAS  C:\Users\MICHA_~1\AppData\Local\Temp\cckTs2oT.s 			page 3


  68 0029 02       		.uleb128 0x2
  69 002a 01       		.byte	0x1
  70 002b 06       		.byte	0x6
  71 002c 52010000 		.4byte	.LASF0
  72 0030 02       		.uleb128 0x2
  73 0031 01       		.byte	0x1
  74 0032 08       		.byte	0x8
  75 0033 3F000000 		.4byte	.LASF1
  76 0037 02       		.uleb128 0x2
  77 0038 02       		.byte	0x2
  78 0039 05       		.byte	0x5
  79 003a F0000000 		.4byte	.LASF2
  80 003e 02       		.uleb128 0x2
  81 003f 02       		.byte	0x2
  82 0040 07       		.byte	0x7
  83 0041 98000000 		.4byte	.LASF3
  84 0045 02       		.uleb128 0x2
  85 0046 04       		.byte	0x4
  86 0047 05       		.byte	0x5
  87 0048 49010000 		.4byte	.LASF4
  88 004c 02       		.uleb128 0x2
  89 004d 04       		.byte	0x4
  90 004e 07       		.byte	0x7
  91 004f 55000000 		.4byte	.LASF5
  92 0053 02       		.uleb128 0x2
  93 0054 08       		.byte	0x8
  94 0055 05       		.byte	0x5
  95 0056 DD000000 		.4byte	.LASF6
  96 005a 02       		.uleb128 0x2
  97 005b 08       		.byte	0x8
  98 005c 07       		.byte	0x7
  99 005d C6000000 		.4byte	.LASF7
 100 0061 03       		.uleb128 0x3
 101 0062 04       		.byte	0x4
 102 0063 05       		.byte	0x5
 103 0064 696E7400 		.ascii	"int\000"
 104 0068 02       		.uleb128 0x2
 105 0069 04       		.byte	0x4
 106 006a 07       		.byte	0x7
 107 006b B9000000 		.4byte	.LASF8
 108 006f 04       		.uleb128 0x4
 109 0070 FA000000 		.4byte	.LASF9
 110 0074 02       		.byte	0x2
 111 0075 5B       		.byte	0x5b
 112 0076 30000000 		.4byte	0x30
 113 007a 04       		.uleb128 0x4
 114 007b B2000000 		.4byte	.LASF10
 115 007f 02       		.byte	0x2
 116 0080 5D       		.byte	0x5d
 117 0081 4C000000 		.4byte	0x4c
 118 0085 02       		.uleb128 0x2
 119 0086 04       		.byte	0x4
 120 0087 04       		.byte	0x4
 121 0088 39000000 		.4byte	.LASF11
 122 008c 02       		.uleb128 0x2
 123 008d 08       		.byte	0x8
 124 008e 04       		.byte	0x4
ARM GAS  C:\Users\MICHA_~1\AppData\Local\Temp\cckTs2oT.s 			page 4


 125 008f AB000000 		.4byte	.LASF12
 126 0093 02       		.uleb128 0x2
 127 0094 01       		.byte	0x1
 128 0095 08       		.byte	0x8
 129 0096 EB000000 		.4byte	.LASF13
 130 009a 05       		.uleb128 0x5
 131 009b 6F000000 		.4byte	0x6f
 132 009f 05       		.uleb128 0x5
 133 00a0 7A000000 		.4byte	0x7a
 134 00a4 06       		.uleb128 0x6
 135 00a5 01       		.byte	0x1
 136 00a6 29000000 		.4byte	.LASF19
 137 00aa 01       		.byte	0x1
 138 00ab 25       		.byte	0x25
 139 00ac 01       		.byte	0x1
 140 00ad 00000000 		.4byte	.LFB0
 141 00b1 12000000 		.4byte	.LFE0
 142 00b5 02       		.byte	0x2
 143 00b6 7D       		.byte	0x7d
 144 00b7 00       		.sleb128 0
 145 00b8 01       		.byte	0x1
 146 00b9 E7000000 		.4byte	0xe7
 147 00bd 07       		.uleb128 0x7
 148 00be 34000000 		.4byte	.LASF14
 149 00c2 01       		.byte	0x1
 150 00c3 25       		.byte	0x25
 151 00c4 E7000000 		.4byte	0xe7
 152 00c8 01       		.byte	0x1
 153 00c9 50       		.byte	0x50
 154 00ca 08       		.uleb128 0x8
 155 00cb 00000000 		.4byte	.LASF15
 156 00cf 01       		.byte	0x1
 157 00d0 25       		.byte	0x25
 158 00d1 7A000000 		.4byte	0x7a
 159 00d5 00000000 		.4byte	.LLST0
 160 00d9 09       		.uleb128 0x9
 161 00da 4D000000 		.4byte	.LASF20
 162 00de 01       		.byte	0x1
 163 00df 27       		.byte	0x27
 164 00e0 ED000000 		.4byte	0xed
 165 00e4 01       		.byte	0x1
 166 00e5 50       		.byte	0x50
 167 00e6 00       		.byte	0
 168 00e7 0A       		.uleb128 0xa
 169 00e8 04       		.byte	0x4
 170 00e9 9F000000 		.4byte	0x9f
 171 00ed 0A       		.uleb128 0xa
 172 00ee 04       		.byte	0x4
 173 00ef 9A000000 		.4byte	0x9a
 174 00f3 00       		.byte	0
 175              		.section	.debug_abbrev,"",%progbits
 176              	.Ldebug_abbrev0:
 177 0000 01       		.uleb128 0x1
 178 0001 11       		.uleb128 0x11
 179 0002 01       		.byte	0x1
 180 0003 25       		.uleb128 0x25
 181 0004 0E       		.uleb128 0xe
ARM GAS  C:\Users\MICHA_~1\AppData\Local\Temp\cckTs2oT.s 			page 5


 182 0005 13       		.uleb128 0x13
 183 0006 0B       		.uleb128 0xb
 184 0007 03       		.uleb128 0x3
 185 0008 0E       		.uleb128 0xe
 186 0009 1B       		.uleb128 0x1b
 187 000a 0E       		.uleb128 0xe
 188 000b 55       		.uleb128 0x55
 189 000c 06       		.uleb128 0x6
 190 000d 11       		.uleb128 0x11
 191 000e 01       		.uleb128 0x1
 192 000f 52       		.uleb128 0x52
 193 0010 01       		.uleb128 0x1
 194 0011 10       		.uleb128 0x10
 195 0012 06       		.uleb128 0x6
 196 0013 00       		.byte	0
 197 0014 00       		.byte	0
 198 0015 02       		.uleb128 0x2
 199 0016 24       		.uleb128 0x24
 200 0017 00       		.byte	0
 201 0018 0B       		.uleb128 0xb
 202 0019 0B       		.uleb128 0xb
 203 001a 3E       		.uleb128 0x3e
 204 001b 0B       		.uleb128 0xb
 205 001c 03       		.uleb128 0x3
 206 001d 0E       		.uleb128 0xe
 207 001e 00       		.byte	0
 208 001f 00       		.byte	0
 209 0020 03       		.uleb128 0x3
 210 0021 24       		.uleb128 0x24
 211 0022 00       		.byte	0
 212 0023 0B       		.uleb128 0xb
 213 0024 0B       		.uleb128 0xb
 214 0025 3E       		.uleb128 0x3e
 215 0026 0B       		.uleb128 0xb
 216 0027 03       		.uleb128 0x3
 217 0028 08       		.uleb128 0x8
 218 0029 00       		.byte	0
 219 002a 00       		.byte	0
 220 002b 04       		.uleb128 0x4
 221 002c 16       		.uleb128 0x16
 222 002d 00       		.byte	0
 223 002e 03       		.uleb128 0x3
 224 002f 0E       		.uleb128 0xe
 225 0030 3A       		.uleb128 0x3a
 226 0031 0B       		.uleb128 0xb
 227 0032 3B       		.uleb128 0x3b
 228 0033 0B       		.uleb128 0xb
 229 0034 49       		.uleb128 0x49
 230 0035 13       		.uleb128 0x13
 231 0036 00       		.byte	0
 232 0037 00       		.byte	0
 233 0038 05       		.uleb128 0x5
 234 0039 35       		.uleb128 0x35
 235 003a 00       		.byte	0
 236 003b 49       		.uleb128 0x49
 237 003c 13       		.uleb128 0x13
 238 003d 00       		.byte	0
ARM GAS  C:\Users\MICHA_~1\AppData\Local\Temp\cckTs2oT.s 			page 6


 239 003e 00       		.byte	0
 240 003f 06       		.uleb128 0x6
 241 0040 2E       		.uleb128 0x2e
 242 0041 01       		.byte	0x1
 243 0042 3F       		.uleb128 0x3f
 244 0043 0C       		.uleb128 0xc
 245 0044 03       		.uleb128 0x3
 246 0045 0E       		.uleb128 0xe
 247 0046 3A       		.uleb128 0x3a
 248 0047 0B       		.uleb128 0xb
 249 0048 3B       		.uleb128 0x3b
 250 0049 0B       		.uleb128 0xb
 251 004a 27       		.uleb128 0x27
 252 004b 0C       		.uleb128 0xc
 253 004c 11       		.uleb128 0x11
 254 004d 01       		.uleb128 0x1
 255 004e 12       		.uleb128 0x12
 256 004f 01       		.uleb128 0x1
 257 0050 40       		.uleb128 0x40
 258 0051 0A       		.uleb128 0xa
 259 0052 9742     		.uleb128 0x2117
 260 0054 0C       		.uleb128 0xc
 261 0055 01       		.uleb128 0x1
 262 0056 13       		.uleb128 0x13
 263 0057 00       		.byte	0
 264 0058 00       		.byte	0
 265 0059 07       		.uleb128 0x7
 266 005a 05       		.uleb128 0x5
 267 005b 00       		.byte	0
 268 005c 03       		.uleb128 0x3
 269 005d 0E       		.uleb128 0xe
 270 005e 3A       		.uleb128 0x3a
 271 005f 0B       		.uleb128 0xb
 272 0060 3B       		.uleb128 0x3b
 273 0061 0B       		.uleb128 0xb
 274 0062 49       		.uleb128 0x49
 275 0063 13       		.uleb128 0x13
 276 0064 02       		.uleb128 0x2
 277 0065 0A       		.uleb128 0xa
 278 0066 00       		.byte	0
 279 0067 00       		.byte	0
 280 0068 08       		.uleb128 0x8
 281 0069 05       		.uleb128 0x5
 282 006a 00       		.byte	0
 283 006b 03       		.uleb128 0x3
 284 006c 0E       		.uleb128 0xe
 285 006d 3A       		.uleb128 0x3a
 286 006e 0B       		.uleb128 0xb
 287 006f 3B       		.uleb128 0x3b
 288 0070 0B       		.uleb128 0xb
 289 0071 49       		.uleb128 0x49
 290 0072 13       		.uleb128 0x13
 291 0073 02       		.uleb128 0x2
 292 0074 06       		.uleb128 0x6
 293 0075 00       		.byte	0
 294 0076 00       		.byte	0
 295 0077 09       		.uleb128 0x9
ARM GAS  C:\Users\MICHA_~1\AppData\Local\Temp\cckTs2oT.s 			page 7


 296 0078 34       		.uleb128 0x34
 297 0079 00       		.byte	0
 298 007a 03       		.uleb128 0x3
 299 007b 0E       		.uleb128 0xe
 300 007c 3A       		.uleb128 0x3a
 301 007d 0B       		.uleb128 0xb
 302 007e 3B       		.uleb128 0x3b
 303 007f 0B       		.uleb128 0xb
 304 0080 49       		.uleb128 0x49
 305 0081 13       		.uleb128 0x13
 306 0082 02       		.uleb128 0x2
 307 0083 0A       		.uleb128 0xa
 308 0084 00       		.byte	0
 309 0085 00       		.byte	0
 310 0086 0A       		.uleb128 0xa
 311 0087 0F       		.uleb128 0xf
 312 0088 00       		.byte	0
 313 0089 0B       		.uleb128 0xb
 314 008a 0B       		.uleb128 0xb
 315 008b 49       		.uleb128 0x49
 316 008c 13       		.uleb128 0x13
 317 008d 00       		.byte	0
 318 008e 00       		.byte	0
 319 008f 00       		.byte	0
 320              		.section	.debug_loc,"",%progbits
 321              	.Ldebug_loc0:
 322              	.LLST0:
 323 0000 00000000 		.4byte	.LVL0
 324 0004 0A000000 		.4byte	.LVL1
 325 0008 0100     		.2byte	0x1
 326 000a 51       		.byte	0x51
 327 000b 0A000000 		.4byte	.LVL1
 328 000f 12000000 		.4byte	.LFE0
 329 0013 0400     		.2byte	0x4
 330 0015 F3       		.byte	0xf3
 331 0016 01       		.uleb128 0x1
 332 0017 51       		.byte	0x51
 333 0018 9F       		.byte	0x9f
 334 0019 00000000 		.4byte	0
 335 001d 00000000 		.4byte	0
 336              		.section	.debug_aranges,"",%progbits
 337 0000 1C000000 		.4byte	0x1c
 338 0004 0200     		.2byte	0x2
 339 0006 00000000 		.4byte	.Ldebug_info0
 340 000a 04       		.byte	0x4
 341 000b 00       		.byte	0
 342 000c 0000     		.2byte	0
 343 000e 0000     		.2byte	0
 344 0010 00000000 		.4byte	.LFB0
 345 0014 12000000 		.4byte	.LFE0-.LFB0
 346 0018 00000000 		.4byte	0
 347 001c 00000000 		.4byte	0
 348              		.section	.debug_ranges,"",%progbits
 349              	.Ldebug_ranges0:
 350 0000 00000000 		.4byte	.LFB0
 351 0004 12000000 		.4byte	.LFE0
 352 0008 00000000 		.4byte	0
ARM GAS  C:\Users\MICHA_~1\AppData\Local\Temp\cckTs2oT.s 			page 8


 353 000c 00000000 		.4byte	0
 354              		.section	.debug_line,"",%progbits
 355              	.Ldebug_line0:
 356 0000 61000000 		.section	.debug_str,"MS",%progbits,1
 356      02004600 
 356      00000201 
 356      FB0E0D00 
 356      01010101 
 357              	.LASF15:
 358 0000 76616C75 		.ascii	"value\000"
 358      6500
 359              	.LASF17:
 360 0006 2E5C4765 		.ascii	".\\Generated_Source\\PSoC5\\cyutils.c\000"
 360      6E657261 
 360      7465645F 
 360      536F7572 
 360      63655C50 
 361              	.LASF19:
 362 0029 43795365 		.ascii	"CySetReg24\000"
 362      74526567 
 362      323400
 363              	.LASF14:
 364 0034 61646472 		.ascii	"addr\000"
 364      00
 365              	.LASF11:
 366 0039 666C6F61 		.ascii	"float\000"
 366      7400
 367              	.LASF1:
 368 003f 756E7369 		.ascii	"unsigned char\000"
 368      676E6564 
 368      20636861 
 368      7200
 369              	.LASF20:
 370 004d 746D7041 		.ascii	"tmpAddr\000"
 370      64647200 
 371              	.LASF5:
 372 0055 6C6F6E67 		.ascii	"long unsigned int\000"
 372      20756E73 
 372      69676E65 
 372      6420696E 
 372      7400
 373              	.LASF18:
 374 0067 573A5C53 		.ascii	"W:\\SCSI2SD\\software\\SCSI2SD\\USB_Bootloader.cyds"
 374      43534932 
 374      53445C73 
 374      6F667477 
 374      6172655C 
 375 0096 6E00     		.ascii	"n\000"
 376              	.LASF3:
 377 0098 73686F72 		.ascii	"short unsigned int\000"
 377      7420756E 
 377      7369676E 
 377      65642069 
 377      6E7400
 378              	.LASF12:
 379 00ab 646F7562 		.ascii	"double\000"
 379      6C6500
ARM GAS  C:\Users\MICHA_~1\AppData\Local\Temp\cckTs2oT.s 			page 9


 380              	.LASF10:
 381 00b2 75696E74 		.ascii	"uint32\000"
 381      333200
 382              	.LASF8:
 383 00b9 756E7369 		.ascii	"unsigned int\000"
 383      676E6564 
 383      20696E74 
 383      00
 384              	.LASF7:
 385 00c6 6C6F6E67 		.ascii	"long long unsigned int\000"
 385      206C6F6E 
 385      6720756E 
 385      7369676E 
 385      65642069 
 386              	.LASF6:
 387 00dd 6C6F6E67 		.ascii	"long long int\000"
 387      206C6F6E 
 387      6720696E 
 387      7400
 388              	.LASF13:
 389 00eb 63686172 		.ascii	"char\000"
 389      00
 390              	.LASF2:
 391 00f0 73686F72 		.ascii	"short int\000"
 391      7420696E 
 391      7400
 392              	.LASF9:
 393 00fa 75696E74 		.ascii	"uint8\000"
 393      3800
 394              	.LASF16:
 395 0100 474E5520 		.ascii	"GNU C 4.7.3 20130312 (release) [ARM/embedded-4_7-br"
 395      4320342E 
 395      372E3320 
 395      32303133 
 395      30333132 
 396 0133 616E6368 		.ascii	"anch revision 196615]\000"
 396      20726576 
 396      6973696F 
 396      6E203139 
 396      36363135 
 397              	.LASF4:
 398 0149 6C6F6E67 		.ascii	"long int\000"
 398      20696E74 
 398      00
 399              	.LASF0:
 400 0152 7369676E 		.ascii	"signed char\000"
 400      65642063 
 400      68617200 
 401              		.ident	"GCC: (GNU Tools for ARM Embedded Processors) 4.7.3 20130312 (release) [ARM/embedded-4_7-br
