ARM GAS  C:\Users\MICHA_~1\AppData\Local\Temp\cc8co29w.s 			page 1


   1              		.syntax unified
   2              		.cpu cortex-m3
   3              		.fpu softvfp
   4              		.eabi_attribute 20, 1
   5              		.eabi_attribute 21, 1
   6              		.eabi_attribute 23, 3
   7              		.eabi_attribute 24, 1
   8              		.eabi_attribute 25, 1
   9              		.eabi_attribute 26, 1
  10              		.eabi_attribute 30, 4
  11              		.eabi_attribute 34, 1
  12              		.eabi_attribute 18, 4
  13              		.thumb
  14              		.file	"USBFS_boot.c"
  15              		.text
  16              	.Ltext0:
  17              		.cfi_sections	.debug_frame
  18              		.section	.text.USBFS_CyBtldrCommStart,"ax",%progbits
  19              		.align	1
  20              		.global	USBFS_CyBtldrCommStart
  21              		.thumb
  22              		.thumb_func
  23              		.type	USBFS_CyBtldrCommStart, %function
  24              	USBFS_CyBtldrCommStart:
  25              	.LFB0:
  26              		.file 1 ".\\Generated_Source\\PSoC5\\USBFS_boot.c"
   1:.\Generated_Source\PSoC5/USBFS_boot.c **** /*******************************************************************************
   2:.\Generated_Source\PSoC5/USBFS_boot.c **** * File Name: USBFS_boot.c
   3:.\Generated_Source\PSoC5/USBFS_boot.c **** * Version 2.60
   4:.\Generated_Source\PSoC5/USBFS_boot.c **** *
   5:.\Generated_Source\PSoC5/USBFS_boot.c **** * Description:
   6:.\Generated_Source\PSoC5/USBFS_boot.c **** *  Boot loader API for USBFS Component.
   7:.\Generated_Source\PSoC5/USBFS_boot.c **** *
   8:.\Generated_Source\PSoC5/USBFS_boot.c **** *  Note:
   9:.\Generated_Source\PSoC5/USBFS_boot.c **** *
  10:.\Generated_Source\PSoC5/USBFS_boot.c **** ********************************************************************************
  11:.\Generated_Source\PSoC5/USBFS_boot.c **** * Copyright 2008-2013, Cypress Semiconductor Corporation.  All rights reserved.
  12:.\Generated_Source\PSoC5/USBFS_boot.c **** * You may use this file only in accordance with the license, terms, conditions,
  13:.\Generated_Source\PSoC5/USBFS_boot.c **** * disclaimers, and limitations in the end user license agreement accompanying
  14:.\Generated_Source\PSoC5/USBFS_boot.c **** * the software package with which this file was provided.
  15:.\Generated_Source\PSoC5/USBFS_boot.c **** *******************************************************************************/
  16:.\Generated_Source\PSoC5/USBFS_boot.c **** 
  17:.\Generated_Source\PSoC5/USBFS_boot.c **** #include "USBFS.h"
  18:.\Generated_Source\PSoC5/USBFS_boot.c **** 
  19:.\Generated_Source\PSoC5/USBFS_boot.c **** #if defined(CYDEV_BOOTLOADER_IO_COMP) && ((CYDEV_BOOTLOADER_IO_COMP == CyBtldr_USBFS) || \
  20:.\Generated_Source\PSoC5/USBFS_boot.c ****                                           (CYDEV_BOOTLOADER_IO_COMP == CyBtldr_Custom_Interface))
  21:.\Generated_Source\PSoC5/USBFS_boot.c **** 
  22:.\Generated_Source\PSoC5/USBFS_boot.c **** 
  23:.\Generated_Source\PSoC5/USBFS_boot.c **** /***************************************
  24:.\Generated_Source\PSoC5/USBFS_boot.c **** *    Bootloader defines
  25:.\Generated_Source\PSoC5/USBFS_boot.c **** ***************************************/
  26:.\Generated_Source\PSoC5/USBFS_boot.c **** 
  27:.\Generated_Source\PSoC5/USBFS_boot.c **** #define USBFS_CyBtLdrStarttimer(X, T)         {USBFS_universalTime = T * 10; X = 0u;}
  28:.\Generated_Source\PSoC5/USBFS_boot.c **** #define USBFS_CyBtLdrChecktimer(X)            ((X++ < USBFS_universalTime) ? 1u : 0u)
  29:.\Generated_Source\PSoC5/USBFS_boot.c **** 
  30:.\Generated_Source\PSoC5/USBFS_boot.c **** #define USBFS_BTLDR_OUT_EP      (0x01u)
  31:.\Generated_Source\PSoC5/USBFS_boot.c **** #define USBFS_BTLDR_IN_EP       (0x02u)
ARM GAS  C:\Users\MICHA_~1\AppData\Local\Temp\cc8co29w.s 			page 2


  32:.\Generated_Source\PSoC5/USBFS_boot.c **** 
  33:.\Generated_Source\PSoC5/USBFS_boot.c **** 
  34:.\Generated_Source\PSoC5/USBFS_boot.c **** /***************************************
  35:.\Generated_Source\PSoC5/USBFS_boot.c **** *    Bootloader Variables
  36:.\Generated_Source\PSoC5/USBFS_boot.c **** ***************************************/
  37:.\Generated_Source\PSoC5/USBFS_boot.c **** 
  38:.\Generated_Source\PSoC5/USBFS_boot.c **** static uint16 USBFS_universalTime;
  39:.\Generated_Source\PSoC5/USBFS_boot.c **** static uint8 USBFS_started = 0u;
  40:.\Generated_Source\PSoC5/USBFS_boot.c **** 
  41:.\Generated_Source\PSoC5/USBFS_boot.c **** 
  42:.\Generated_Source\PSoC5/USBFS_boot.c **** /*******************************************************************************
  43:.\Generated_Source\PSoC5/USBFS_boot.c **** * Function Name: USBFS_CyBtldrCommStart
  44:.\Generated_Source\PSoC5/USBFS_boot.c **** ********************************************************************************
  45:.\Generated_Source\PSoC5/USBFS_boot.c **** *
  46:.\Generated_Source\PSoC5/USBFS_boot.c **** * Summary:
  47:.\Generated_Source\PSoC5/USBFS_boot.c **** *  Starts the component and enables the interrupt.
  48:.\Generated_Source\PSoC5/USBFS_boot.c **** *
  49:.\Generated_Source\PSoC5/USBFS_boot.c **** * Parameters:
  50:.\Generated_Source\PSoC5/USBFS_boot.c **** *  None.
  51:.\Generated_Source\PSoC5/USBFS_boot.c **** *
  52:.\Generated_Source\PSoC5/USBFS_boot.c **** * Return:
  53:.\Generated_Source\PSoC5/USBFS_boot.c **** *  None.
  54:.\Generated_Source\PSoC5/USBFS_boot.c **** *
  55:.\Generated_Source\PSoC5/USBFS_boot.c **** * Side Effects:
  56:.\Generated_Source\PSoC5/USBFS_boot.c **** *  This function starts the USB with 3V or 5V operation.
  57:.\Generated_Source\PSoC5/USBFS_boot.c **** *
  58:.\Generated_Source\PSoC5/USBFS_boot.c **** * Reentrant:
  59:.\Generated_Source\PSoC5/USBFS_boot.c **** *  No.
  60:.\Generated_Source\PSoC5/USBFS_boot.c **** *
  61:.\Generated_Source\PSoC5/USBFS_boot.c **** *******************************************************************************/
  62:.\Generated_Source\PSoC5/USBFS_boot.c **** void USBFS_CyBtldrCommStart(void) 
  63:.\Generated_Source\PSoC5/USBFS_boot.c **** {
  27              		.loc 1 63 0
  28              		.cfi_startproc
  29              		@ args = 0, pretend = 0, frame = 0
  30              		@ frame_needed = 0, uses_anonymous_args = 0
  31 0000 08B5     		push	{r3, lr}
  32              	.LCFI0:
  33              		.cfi_def_cfa_offset 8
  34              		.cfi_offset 3, -8
  35              		.cfi_offset 14, -4
  64:.\Generated_Source\PSoC5/USBFS_boot.c ****     CyGlobalIntEnable;      /* Enable Global Interrupts */
  36              		.loc 1 64 0
  37              	@ 64 ".\Generated_Source\PSoC5\USBFS_boot.c" 1
  38 0002 62B6     		CPSIE   i
  39              	@ 0 "" 2
  65:.\Generated_Source\PSoC5/USBFS_boot.c **** 
  66:.\Generated_Source\PSoC5/USBFS_boot.c ****     /*Start USBFS Operation/device 0 and with 5V or 3V operation depend on Voltage Configuration in
  67:.\Generated_Source\PSoC5/USBFS_boot.c ****     USBFS_Start(0u, USBFS_DWR_VDDD_OPERATION);
  40              		.loc 1 67 0
  41              		.thumb
  42 0004 0020     		movs	r0, #0
  43 0006 0221     		movs	r1, #2
  44 0008 FFF7FEFF 		bl	USBFS_Start
  45              	.LVL0:
  68:.\Generated_Source\PSoC5/USBFS_boot.c **** 
  69:.\Generated_Source\PSoC5/USBFS_boot.c ****     /* USB component started, the correct enumeration will be checked in first Read operation */
ARM GAS  C:\Users\MICHA_~1\AppData\Local\Temp\cc8co29w.s 			page 3


  70:.\Generated_Source\PSoC5/USBFS_boot.c ****     USBFS_started = 1u;
  46              		.loc 1 70 0
  47 000c 014B     		ldr	r3, .L2
  48 000e 0122     		movs	r2, #1
  49 0010 1A70     		strb	r2, [r3, #0]
  50 0012 08BD     		pop	{r3, pc}
  51              	.L3:
  52              		.align	2
  53              	.L2:
  54 0014 00000000 		.word	.LANCHOR0
  55              		.cfi_endproc
  56              	.LFE0:
  57              		.size	USBFS_CyBtldrCommStart, .-USBFS_CyBtldrCommStart
  58              		.section	.text.USBFS_CyBtldrCommStop,"ax",%progbits
  59              		.align	1
  60              		.global	USBFS_CyBtldrCommStop
  61              		.thumb
  62              		.thumb_func
  63              		.type	USBFS_CyBtldrCommStop, %function
  64              	USBFS_CyBtldrCommStop:
  65              	.LFB1:
  71:.\Generated_Source\PSoC5/USBFS_boot.c **** 
  72:.\Generated_Source\PSoC5/USBFS_boot.c **** }
  73:.\Generated_Source\PSoC5/USBFS_boot.c **** 
  74:.\Generated_Source\PSoC5/USBFS_boot.c **** 
  75:.\Generated_Source\PSoC5/USBFS_boot.c **** /*******************************************************************************
  76:.\Generated_Source\PSoC5/USBFS_boot.c **** * Function Name: USBFS_CyBtldrCommStop.
  77:.\Generated_Source\PSoC5/USBFS_boot.c **** ********************************************************************************
  78:.\Generated_Source\PSoC5/USBFS_boot.c **** *
  79:.\Generated_Source\PSoC5/USBFS_boot.c **** * Summary:
  80:.\Generated_Source\PSoC5/USBFS_boot.c **** *  Disable the component and disable the interrupt.
  81:.\Generated_Source\PSoC5/USBFS_boot.c **** *
  82:.\Generated_Source\PSoC5/USBFS_boot.c **** * Parameters:
  83:.\Generated_Source\PSoC5/USBFS_boot.c **** *  None.
  84:.\Generated_Source\PSoC5/USBFS_boot.c **** *
  85:.\Generated_Source\PSoC5/USBFS_boot.c **** * Return:
  86:.\Generated_Source\PSoC5/USBFS_boot.c **** *  None.
  87:.\Generated_Source\PSoC5/USBFS_boot.c **** *
  88:.\Generated_Source\PSoC5/USBFS_boot.c **** *******************************************************************************/
  89:.\Generated_Source\PSoC5/USBFS_boot.c **** void USBFS_CyBtldrCommStop(void) 
  90:.\Generated_Source\PSoC5/USBFS_boot.c **** {
  66              		.loc 1 90 0
  67              		.cfi_startproc
  68              		@ args = 0, pretend = 0, frame = 0
  69              		@ frame_needed = 0, uses_anonymous_args = 0
  70              		@ link register save eliminated.
  91:.\Generated_Source\PSoC5/USBFS_boot.c ****     USBFS_Stop();
  92:.\Generated_Source\PSoC5/USBFS_boot.c **** }
  71              		.loc 1 92 0
  91:.\Generated_Source\PSoC5/USBFS_boot.c ****     USBFS_Stop();
  72              		.loc 1 91 0
  73 0000 FFF7FEBF 		b	USBFS_Stop
  74              	.LVL1:
  75              		.cfi_endproc
  76              	.LFE1:
  77              		.size	USBFS_CyBtldrCommStop, .-USBFS_CyBtldrCommStop
  78              		.section	.text.USBFS_CyBtldrCommReset,"ax",%progbits
ARM GAS  C:\Users\MICHA_~1\AppData\Local\Temp\cc8co29w.s 			page 4


  79              		.align	1
  80              		.global	USBFS_CyBtldrCommReset
  81              		.thumb
  82              		.thumb_func
  83              		.type	USBFS_CyBtldrCommReset, %function
  84              	USBFS_CyBtldrCommReset:
  85              	.LFB2:
  93:.\Generated_Source\PSoC5/USBFS_boot.c **** 
  94:.\Generated_Source\PSoC5/USBFS_boot.c **** 
  95:.\Generated_Source\PSoC5/USBFS_boot.c **** /*******************************************************************************
  96:.\Generated_Source\PSoC5/USBFS_boot.c **** * Function Name: USBFS_CyBtldrCommReset.
  97:.\Generated_Source\PSoC5/USBFS_boot.c **** ********************************************************************************
  98:.\Generated_Source\PSoC5/USBFS_boot.c **** *
  99:.\Generated_Source\PSoC5/USBFS_boot.c **** * Summary:
 100:.\Generated_Source\PSoC5/USBFS_boot.c **** *  Resets the receive and transmit communication Buffers.
 101:.\Generated_Source\PSoC5/USBFS_boot.c **** *
 102:.\Generated_Source\PSoC5/USBFS_boot.c **** * Parameters:
 103:.\Generated_Source\PSoC5/USBFS_boot.c **** *  None.
 104:.\Generated_Source\PSoC5/USBFS_boot.c **** *
 105:.\Generated_Source\PSoC5/USBFS_boot.c **** * Return:
 106:.\Generated_Source\PSoC5/USBFS_boot.c **** *  None.
 107:.\Generated_Source\PSoC5/USBFS_boot.c **** *
 108:.\Generated_Source\PSoC5/USBFS_boot.c **** * Reentrant:
 109:.\Generated_Source\PSoC5/USBFS_boot.c **** *  No.
 110:.\Generated_Source\PSoC5/USBFS_boot.c **** *
 111:.\Generated_Source\PSoC5/USBFS_boot.c **** *******************************************************************************/
 112:.\Generated_Source\PSoC5/USBFS_boot.c **** void USBFS_CyBtldrCommReset(void) 
 113:.\Generated_Source\PSoC5/USBFS_boot.c **** {
  86              		.loc 1 113 0
  87              		.cfi_startproc
  88              		@ args = 0, pretend = 0, frame = 0
  89              		@ frame_needed = 0, uses_anonymous_args = 0
  90              		@ link register save eliminated.
 114:.\Generated_Source\PSoC5/USBFS_boot.c ****     USBFS_EnableOutEP(USBFS_BTLDR_OUT_EP);  /* Enable the OUT endpoint */
  91              		.loc 1 114 0
  92 0000 0120     		movs	r0, #1
 115:.\Generated_Source\PSoC5/USBFS_boot.c **** }
  93              		.loc 1 115 0
 114:.\Generated_Source\PSoC5/USBFS_boot.c ****     USBFS_EnableOutEP(USBFS_BTLDR_OUT_EP);  /* Enable the OUT endpoint */
  94              		.loc 1 114 0
  95 0002 FFF7FEBF 		b	USBFS_EnableOutEP
  96              	.LVL2:
  97              		.cfi_endproc
  98              	.LFE2:
  99              		.size	USBFS_CyBtldrCommReset, .-USBFS_CyBtldrCommReset
 100              		.section	.text.USBFS_CyBtldrCommWrite,"ax",%progbits
 101              		.align	1
 102              		.global	USBFS_CyBtldrCommWrite
 103              		.thumb
 104              		.thumb_func
 105              		.type	USBFS_CyBtldrCommWrite, %function
 106              	USBFS_CyBtldrCommWrite:
 107              	.LFB3:
 116:.\Generated_Source\PSoC5/USBFS_boot.c **** 
 117:.\Generated_Source\PSoC5/USBFS_boot.c **** 
 118:.\Generated_Source\PSoC5/USBFS_boot.c **** /*******************************************************************************
 119:.\Generated_Source\PSoC5/USBFS_boot.c **** * Function Name: USBFS_CyBtldrCommWrite.
ARM GAS  C:\Users\MICHA_~1\AppData\Local\Temp\cc8co29w.s 			page 5


 120:.\Generated_Source\PSoC5/USBFS_boot.c **** ********************************************************************************
 121:.\Generated_Source\PSoC5/USBFS_boot.c **** *
 122:.\Generated_Source\PSoC5/USBFS_boot.c **** * Summary:
 123:.\Generated_Source\PSoC5/USBFS_boot.c **** *  Allows the caller to write data to the boot loader host. The function will
 124:.\Generated_Source\PSoC5/USBFS_boot.c **** *  handle polling to allow a block of data to be completely sent to the host
 125:.\Generated_Source\PSoC5/USBFS_boot.c **** *  device.
 126:.\Generated_Source\PSoC5/USBFS_boot.c **** *
 127:.\Generated_Source\PSoC5/USBFS_boot.c **** * Parameters:
 128:.\Generated_Source\PSoC5/USBFS_boot.c **** *  pData:    A pointer to the block of data to send to the device
 129:.\Generated_Source\PSoC5/USBFS_boot.c **** *  size:     The number of bytes to write.
 130:.\Generated_Source\PSoC5/USBFS_boot.c **** *  count:    Pointer to an unsigned short variable to write the number of
 131:.\Generated_Source\PSoC5/USBFS_boot.c **** *             bytes actually written.
 132:.\Generated_Source\PSoC5/USBFS_boot.c **** *  timeOut:  Number of units to wait before returning because of a timeout.
 133:.\Generated_Source\PSoC5/USBFS_boot.c **** *
 134:.\Generated_Source\PSoC5/USBFS_boot.c **** * Return:
 135:.\Generated_Source\PSoC5/USBFS_boot.c **** *  Returns the value that best describes the problem.
 136:.\Generated_Source\PSoC5/USBFS_boot.c **** *
 137:.\Generated_Source\PSoC5/USBFS_boot.c **** * Reentrant:
 138:.\Generated_Source\PSoC5/USBFS_boot.c **** *  No.
 139:.\Generated_Source\PSoC5/USBFS_boot.c **** *
 140:.\Generated_Source\PSoC5/USBFS_boot.c **** *******************************************************************************/
 141:.\Generated_Source\PSoC5/USBFS_boot.c **** cystatus USBFS_CyBtldrCommWrite(uint8 *pData, uint16 size, uint16 *count, uint8 timeOut) CYSMALL
 142:.\Generated_Source\PSoC5/USBFS_boot.c ****                                                             
 143:.\Generated_Source\PSoC5/USBFS_boot.c **** {
 108              		.loc 1 143 0
 109              		.cfi_startproc
 110              		@ args = 0, pretend = 0, frame = 0
 111              		@ frame_needed = 0, uses_anonymous_args = 0
 112              	.LVL3:
 113 0000 F8B5     		push	{r3, r4, r5, r6, r7, lr}
 114              	.LCFI1:
 115              		.cfi_def_cfa_offset 24
 116              		.cfi_offset 3, -24
 117              		.cfi_offset 4, -20
 118              		.cfi_offset 5, -16
 119              		.cfi_offset 6, -12
 120              		.cfi_offset 7, -8
 121              		.cfi_offset 14, -4
 122              		.loc 1 143 0
 123 0002 0746     		mov	r7, r0
 124 0004 0E46     		mov	r6, r1
 144:.\Generated_Source\PSoC5/USBFS_boot.c ****     uint16 time;
 145:.\Generated_Source\PSoC5/USBFS_boot.c ****     cystatus status;
 146:.\Generated_Source\PSoC5/USBFS_boot.c **** 
 147:.\Generated_Source\PSoC5/USBFS_boot.c ****     /* Enable IN transfer */
 148:.\Generated_Source\PSoC5/USBFS_boot.c ****     USBFS_LoadInEP(USBFS_BTLDR_IN_EP, pData, USBFS_BTLDR_SIZEOF_READ_BUFFER);
 125              		.loc 1 148 0
 126 0006 0220     		movs	r0, #2
 127              	.LVL4:
 143:.\Generated_Source\PSoC5/USBFS_boot.c **** {
 128              		.loc 1 143 0
 129 0008 1546     		mov	r5, r2
 130              		.loc 1 148 0
 131 000a 3946     		mov	r1, r7
 132              	.LVL5:
 133 000c 4022     		movs	r2, #64
 134              	.LVL6:
ARM GAS  C:\Users\MICHA_~1\AppData\Local\Temp\cc8co29w.s 			page 6


 143:.\Generated_Source\PSoC5/USBFS_boot.c **** {
 135              		.loc 1 143 0
 136 000e 1C46     		mov	r4, r3
 137              		.loc 1 148 0
 138 0010 FFF7FEFF 		bl	USBFS_LoadInEP
 139              	.LVL7:
 149:.\Generated_Source\PSoC5/USBFS_boot.c **** 
 150:.\Generated_Source\PSoC5/USBFS_boot.c ****     /* Start a timer to wait on. */
 151:.\Generated_Source\PSoC5/USBFS_boot.c ****     USBFS_CyBtLdrStarttimer(time, timeOut);
 140              		.loc 1 151 0
 141 0014 0A23     		movs	r3, #10
 142 0016 5C43     		muls	r4, r3, r4
 143 0018 0D48     		ldr	r0, .L13
 144 001a 4480     		strh	r4, [r0, #2]	@ movhi
 145              	.LVL8:
 146 001c 0024     		movs	r4, #0
 147              	.LVL9:
 148              	.L7:
 152:.\Generated_Source\PSoC5/USBFS_boot.c **** 
 153:.\Generated_Source\PSoC5/USBFS_boot.c ****     /* Wait for the master to read it. */
 154:.\Generated_Source\PSoC5/USBFS_boot.c ****     while((USBFS_GetEPState(USBFS_BTLDR_IN_EP) == USBFS_IN_BUFFER_FULL) && \
 149              		.loc 1 154 0 discriminator 1
 150 001e 0220     		movs	r0, #2
 151 0020 FFF7FEFF 		bl	USBFS_GetEPState
 152              	.LVL10:
 153 0024 50B9     		cbnz	r0, .L8
 154              		.loc 1 154 0 is_stmt 0 discriminator 2
 155 0026 0A49     		ldr	r1, .L13
 155:.\Generated_Source\PSoC5/USBFS_boot.c ****            USBFS_CyBtLdrChecktimer(time))
 156              		.loc 1 155 0 is_stmt 1 discriminator 2
 157 0028 671C     		adds	r7, r4, #1
 154:.\Generated_Source\PSoC5/USBFS_boot.c ****     while((USBFS_GetEPState(USBFS_BTLDR_IN_EP) == USBFS_IN_BUFFER_FULL) && \
 158              		.loc 1 154 0 discriminator 2
 159 002a 4A88     		ldrh	r2, [r1, #2]
 160              		.loc 1 155 0 discriminator 2
 161 002c BFB2     		uxth	r7, r7
 162              	.LVL11:
 154:.\Generated_Source\PSoC5/USBFS_boot.c ****     while((USBFS_GetEPState(USBFS_BTLDR_IN_EP) == USBFS_IN_BUFFER_FULL) && \
 163              		.loc 1 154 0 discriminator 2
 164 002e A242     		cmp	r2, r4
 165 0030 04D9     		bls	.L8
 166              	.L9:
 156:.\Generated_Source\PSoC5/USBFS_boot.c ****     {
 157:.\Generated_Source\PSoC5/USBFS_boot.c ****         CyDelay(1u); /* 1ms delay */
 167              		.loc 1 157 0
 168 0032 0120     		movs	r0, #1
 169 0034 FFF7FEFF 		bl	CyDelay
 170              	.LVL12:
 155:.\Generated_Source\PSoC5/USBFS_boot.c ****            USBFS_CyBtLdrChecktimer(time))
 171              		.loc 1 155 0
 172 0038 3C46     		mov	r4, r7
 173 003a F0E7     		b	.L7
 174              	.LVL13:
 175              	.L8:
 158:.\Generated_Source\PSoC5/USBFS_boot.c ****     }
 159:.\Generated_Source\PSoC5/USBFS_boot.c **** 
 160:.\Generated_Source\PSoC5/USBFS_boot.c ****     if (USBFS_GetEPState(USBFS_BTLDR_IN_EP) == USBFS_IN_BUFFER_FULL)
ARM GAS  C:\Users\MICHA_~1\AppData\Local\Temp\cc8co29w.s 			page 7


 176              		.loc 1 160 0
 177 003c 0220     		movs	r0, #2
 178 003e FFF7FEFF 		bl	USBFS_GetEPState
 179              	.LVL14:
 180 0042 10B1     		cbz	r0, .L11
 161:.\Generated_Source\PSoC5/USBFS_boot.c ****     {
 162:.\Generated_Source\PSoC5/USBFS_boot.c ****         status = CYRET_TIMEOUT;
 163:.\Generated_Source\PSoC5/USBFS_boot.c ****     }
 164:.\Generated_Source\PSoC5/USBFS_boot.c ****     else
 165:.\Generated_Source\PSoC5/USBFS_boot.c ****     {
 166:.\Generated_Source\PSoC5/USBFS_boot.c ****         *count = size;
 181              		.loc 1 166 0
 182 0044 2E80     		strh	r6, [r5, #0]	@ movhi
 183              	.LVL15:
 167:.\Generated_Source\PSoC5/USBFS_boot.c ****         status = CYRET_SUCCESS;
 184              		.loc 1 167 0
 185 0046 0020     		movs	r0, #0
 186 0048 F8BD     		pop	{r3, r4, r5, r6, r7, pc}
 187              	.LVL16:
 188              	.L11:
 162:.\Generated_Source\PSoC5/USBFS_boot.c ****         status = CYRET_TIMEOUT;
 189              		.loc 1 162 0
 190 004a 1020     		movs	r0, #16
 191              	.LVL17:
 168:.\Generated_Source\PSoC5/USBFS_boot.c ****     }
 169:.\Generated_Source\PSoC5/USBFS_boot.c **** 
 170:.\Generated_Source\PSoC5/USBFS_boot.c ****     return(status);
 171:.\Generated_Source\PSoC5/USBFS_boot.c **** }
 192              		.loc 1 171 0
 193 004c F8BD     		pop	{r3, r4, r5, r6, r7, pc}
 194              	.L14:
 195 004e 00BF     		.align	2
 196              	.L13:
 197 0050 00000000 		.word	.LANCHOR0
 198              		.cfi_endproc
 199              	.LFE3:
 200              		.size	USBFS_CyBtldrCommWrite, .-USBFS_CyBtldrCommWrite
 201              		.section	.text.USBFS_CyBtldrCommRead,"ax",%progbits
 202              		.align	1
 203              		.global	USBFS_CyBtldrCommRead
 204              		.thumb
 205              		.thumb_func
 206              		.type	USBFS_CyBtldrCommRead, %function
 207              	USBFS_CyBtldrCommRead:
 208              	.LFB4:
 172:.\Generated_Source\PSoC5/USBFS_boot.c **** 
 173:.\Generated_Source\PSoC5/USBFS_boot.c **** 
 174:.\Generated_Source\PSoC5/USBFS_boot.c **** /*******************************************************************************
 175:.\Generated_Source\PSoC5/USBFS_boot.c **** * Function Name: USBFS_CyBtldrCommRead.
 176:.\Generated_Source\PSoC5/USBFS_boot.c **** ********************************************************************************
 177:.\Generated_Source\PSoC5/USBFS_boot.c **** *
 178:.\Generated_Source\PSoC5/USBFS_boot.c **** * Summary:
 179:.\Generated_Source\PSoC5/USBFS_boot.c **** *  Allows the caller to read data from the boot loader host. The function will
 180:.\Generated_Source\PSoC5/USBFS_boot.c **** *  handle polling to allow a block of data to be completely received from the
 181:.\Generated_Source\PSoC5/USBFS_boot.c **** *  host device.
 182:.\Generated_Source\PSoC5/USBFS_boot.c **** *
 183:.\Generated_Source\PSoC5/USBFS_boot.c **** * Parameters:
ARM GAS  C:\Users\MICHA_~1\AppData\Local\Temp\cc8co29w.s 			page 8


 184:.\Generated_Source\PSoC5/USBFS_boot.c **** *  pData:    A pointer to the area to store the block of data received
 185:.\Generated_Source\PSoC5/USBFS_boot.c **** *             from the device.
 186:.\Generated_Source\PSoC5/USBFS_boot.c **** *  size:     The number of bytes to read.
 187:.\Generated_Source\PSoC5/USBFS_boot.c **** *  count:    Pointer to an unsigned short variable to write the number
 188:.\Generated_Source\PSoC5/USBFS_boot.c **** *             of bytes actually read.
 189:.\Generated_Source\PSoC5/USBFS_boot.c **** *  timeOut:  Number of units to wait before returning because of a timeOut.
 190:.\Generated_Source\PSoC5/USBFS_boot.c **** *            Timeout is measured in 10s of ms.
 191:.\Generated_Source\PSoC5/USBFS_boot.c **** *
 192:.\Generated_Source\PSoC5/USBFS_boot.c **** * Return:
 193:.\Generated_Source\PSoC5/USBFS_boot.c **** *  Returns the value that best describes the problem.
 194:.\Generated_Source\PSoC5/USBFS_boot.c **** *
 195:.\Generated_Source\PSoC5/USBFS_boot.c **** * Reentrant:
 196:.\Generated_Source\PSoC5/USBFS_boot.c **** *  No.
 197:.\Generated_Source\PSoC5/USBFS_boot.c **** *
 198:.\Generated_Source\PSoC5/USBFS_boot.c **** *******************************************************************************/
 199:.\Generated_Source\PSoC5/USBFS_boot.c **** cystatus USBFS_CyBtldrCommRead(uint8 *pData, uint16 size, uint16 *count, uint8 timeOut) CYSMALL
 200:.\Generated_Source\PSoC5/USBFS_boot.c ****                                                             
 201:.\Generated_Source\PSoC5/USBFS_boot.c **** {
 209              		.loc 1 201 0
 210              		.cfi_startproc
 211              		@ args = 0, pretend = 0, frame = 0
 212              		@ frame_needed = 0, uses_anonymous_args = 0
 213              	.LVL18:
 214 0000 2DE9F041 		push	{r4, r5, r6, r7, r8, lr}
 215              	.LCFI2:
 216              		.cfi_def_cfa_offset 24
 217              		.cfi_offset 4, -24
 218              		.cfi_offset 5, -20
 219              		.cfi_offset 6, -16
 220              		.cfi_offset 7, -12
 221              		.cfi_offset 8, -8
 222              		.cfi_offset 14, -4
 223              		.loc 1 201 0
 224 0004 1546     		mov	r5, r2
 202:.\Generated_Source\PSoC5/USBFS_boot.c ****     cystatus status;
 203:.\Generated_Source\PSoC5/USBFS_boot.c ****     uint16 time;
 204:.\Generated_Source\PSoC5/USBFS_boot.c **** 
 205:.\Generated_Source\PSoC5/USBFS_boot.c ****     if(size > USBFS_BTLDR_SIZEOF_WRITE_BUFFER)
 206:.\Generated_Source\PSoC5/USBFS_boot.c ****     {
 207:.\Generated_Source\PSoC5/USBFS_boot.c ****         size = USBFS_BTLDR_SIZEOF_WRITE_BUFFER;
 208:.\Generated_Source\PSoC5/USBFS_boot.c ****     }
 209:.\Generated_Source\PSoC5/USBFS_boot.c ****     /* Start a timer to wait on. */
 210:.\Generated_Source\PSoC5/USBFS_boot.c ****     USBFS_CyBtLdrStarttimer(time, timeOut);
 225              		.loc 1 210 0
 226 0006 0A22     		movs	r2, #10
 227              	.LVL19:
 228 0008 5343     		muls	r3, r2, r3
 229              	.LVL20:
 230 000a 284C     		ldr	r4, .L43
 201:.\Generated_Source\PSoC5/USBFS_boot.c **** {
 231              		.loc 1 201 0
 232 000c 8046     		mov	r8, r0
 233              		.loc 1 210 0
 234 000e 6380     		strh	r3, [r4, #2]	@ movhi
 211:.\Generated_Source\PSoC5/USBFS_boot.c **** 
 212:.\Generated_Source\PSoC5/USBFS_boot.c ****     /* Wait on enumeration in first time */
 213:.\Generated_Source\PSoC5/USBFS_boot.c ****     if(USBFS_started)
ARM GAS  C:\Users\MICHA_~1\AppData\Local\Temp\cc8co29w.s 			page 9


 235              		.loc 1 213 0
 236 0010 2478     		ldrb	r4, [r4, #0]	@ zero_extendqisi2
 201:.\Generated_Source\PSoC5/USBFS_boot.c **** {
 237              		.loc 1 201 0
 238 0012 0F46     		mov	r7, r1
 239              	.LVL21:
 240              		.loc 1 213 0
 241 0014 D4B1     		cbz	r4, .L40
 242              	.L28:
 243 0016 0024     		movs	r4, #0
 244              	.LVL22:
 245              	.L16:
 214:.\Generated_Source\PSoC5/USBFS_boot.c ****     {
 215:.\Generated_Source\PSoC5/USBFS_boot.c ****         /* Wait for Device to enumerate */
 216:.\Generated_Source\PSoC5/USBFS_boot.c ****         while(!USBFS_GetConfiguration() && USBFS_CyBtLdrChecktimer(time))
 246              		.loc 1 216 0 discriminator 1
 247 0018 FFF7FEFF 		bl	USBFS_GetConfiguration
 248              	.LVL23:
 249 001c 58B9     		cbnz	r0, .L18
 250              		.loc 1 216 0 is_stmt 0 discriminator 2
 251 001e 234B     		ldr	r3, .L43
 252 0020 661C     		adds	r6, r4, #1
 253 0022 5888     		ldrh	r0, [r3, #2]
 254 0024 B6B2     		uxth	r6, r6
 255              	.LVL24:
 256 0026 A042     		cmp	r0, r4
 257 0028 04D9     		bls	.L41
 258              	.L19:
 217:.\Generated_Source\PSoC5/USBFS_boot.c ****         {
 218:.\Generated_Source\PSoC5/USBFS_boot.c ****             CyDelay(1u); /* 1ms delay */
 259              		.loc 1 218 0 is_stmt 1
 260 002a 0120     		movs	r0, #1
 261 002c FFF7FEFF 		bl	CyDelay
 262              	.LVL25:
 216:.\Generated_Source\PSoC5/USBFS_boot.c ****         while(!USBFS_GetConfiguration() && USBFS_CyBtLdrChecktimer(time))
 263              		.loc 1 216 0
 264 0030 3446     		mov	r4, r6
 265 0032 F1E7     		b	.L16
 266              	.L41:
 267 0034 3446     		mov	r4, r6
 268              	.LVL26:
 269              	.L18:
 219:.\Generated_Source\PSoC5/USBFS_boot.c ****         }
 220:.\Generated_Source\PSoC5/USBFS_boot.c ****         /* Enable first OUT, if enumeration complete */
 221:.\Generated_Source\PSoC5/USBFS_boot.c ****         if(USBFS_GetConfiguration())
 270              		.loc 1 221 0
 271 0036 FFF7FEFF 		bl	USBFS_GetConfiguration
 272              	.LVL27:
 273 003a E0B1     		cbz	r0, .L35
 222:.\Generated_Source\PSoC5/USBFS_boot.c ****         {
 223:.\Generated_Source\PSoC5/USBFS_boot.c ****             USBFS_IsConfigurationChanged();  /* Clear configuration changes state status */
 274              		.loc 1 223 0
 275 003c FFF7FEFF 		bl	USBFS_IsConfigurationChanged
 276              	.LVL28:
 224:.\Generated_Source\PSoC5/USBFS_boot.c ****             USBFS_CyBtldrCommReset();
 277              		.loc 1 224 0
 278 0040 FFF7FEFF 		bl	USBFS_CyBtldrCommReset
ARM GAS  C:\Users\MICHA_~1\AppData\Local\Temp\cc8co29w.s 			page 10


 279              	.LVL29:
 225:.\Generated_Source\PSoC5/USBFS_boot.c ****             USBFS_started = 0u;
 280              		.loc 1 225 0
 281 0044 194A     		ldr	r2, .L43
 282 0046 0021     		movs	r1, #0
 283 0048 1170     		strb	r1, [r2, #0]
 284 004a 14E0     		b	.L35
 285              	.LVL30:
 286              	.L40:
 226:.\Generated_Source\PSoC5/USBFS_boot.c ****         }
 227:.\Generated_Source\PSoC5/USBFS_boot.c ****     }
 228:.\Generated_Source\PSoC5/USBFS_boot.c ****     else /* Check for configuration changes, has been done by Host */
 229:.\Generated_Source\PSoC5/USBFS_boot.c ****     {
 230:.\Generated_Source\PSoC5/USBFS_boot.c ****         if(USBFS_IsConfigurationChanged() != 0u) /* Host could send double SET_INTERFACE request or
 287              		.loc 1 230 0
 288 004c FFF7FEFF 		bl	USBFS_IsConfigurationChanged
 289              	.LVL31:
 290 0050 08B9     		cbnz	r0, .L22
 291              	.L23:
 210:.\Generated_Source\PSoC5/USBFS_boot.c ****     USBFS_CyBtLdrStarttimer(time, timeOut);
 292              		.loc 1 210 0
 293 0052 0024     		movs	r4, #0
 294 0054 0FE0     		b	.L35
 295              	.L22:
 231:.\Generated_Source\PSoC5/USBFS_boot.c ****         {
 232:.\Generated_Source\PSoC5/USBFS_boot.c ****             if(USBFS_GetConfiguration() != 0u)   /* Init OUT endpoints when device reconfigured */
 296              		.loc 1 232 0
 297 0056 FFF7FEFF 		bl	USBFS_GetConfiguration
 298              	.LVL32:
 299 005a 0028     		cmp	r0, #0
 300 005c F9D0     		beq	.L23
 233:.\Generated_Source\PSoC5/USBFS_boot.c ****             {
 234:.\Generated_Source\PSoC5/USBFS_boot.c ****                 USBFS_CyBtldrCommReset();
 301              		.loc 1 234 0
 302 005e FFF7FEFF 		bl	USBFS_CyBtldrCommReset
 303              	.LVL33:
 304 0062 08E0     		b	.L35
 305              	.LVL34:
 306              	.L42:
 235:.\Generated_Source\PSoC5/USBFS_boot.c ****             }
 236:.\Generated_Source\PSoC5/USBFS_boot.c ****         }
 237:.\Generated_Source\PSoC5/USBFS_boot.c ****     }
 238:.\Generated_Source\PSoC5/USBFS_boot.c ****     /* Wait on next packet */
 239:.\Generated_Source\PSoC5/USBFS_boot.c ****     while((USBFS_GetEPState(USBFS_BTLDR_OUT_EP) != USBFS_OUT_BUFFER_FULL) && \
 307              		.loc 1 239 0 discriminator 2
 308 0064 114B     		ldr	r3, .L43
 240:.\Generated_Source\PSoC5/USBFS_boot.c ****            USBFS_CyBtLdrChecktimer(time))
 309              		.loc 1 240 0 discriminator 2
 310 0066 661C     		adds	r6, r4, #1
 239:.\Generated_Source\PSoC5/USBFS_boot.c ****     while((USBFS_GetEPState(USBFS_BTLDR_OUT_EP) != USBFS_OUT_BUFFER_FULL) && \
 311              		.loc 1 239 0 discriminator 2
 312 0068 5988     		ldrh	r1, [r3, #2]
 313              		.loc 1 240 0 discriminator 2
 314 006a B6B2     		uxth	r6, r6
 315              	.LVL35:
 239:.\Generated_Source\PSoC5/USBFS_boot.c ****     while((USBFS_GetEPState(USBFS_BTLDR_OUT_EP) != USBFS_OUT_BUFFER_FULL) && \
 316              		.loc 1 239 0 discriminator 2
ARM GAS  C:\Users\MICHA_~1\AppData\Local\Temp\cc8co29w.s 			page 11


 317 006c A142     		cmp	r1, r4
 318 006e 09D9     		bls	.L24
 319              	.L25:
 241:.\Generated_Source\PSoC5/USBFS_boot.c ****     {
 242:.\Generated_Source\PSoC5/USBFS_boot.c ****         CyDelay(1u); /* 1ms delay */
 320              		.loc 1 242 0
 321 0070 FFF7FEFF 		bl	CyDelay
 322              	.LVL36:
 240:.\Generated_Source\PSoC5/USBFS_boot.c ****            USBFS_CyBtLdrChecktimer(time))
 323              		.loc 1 240 0
 324 0074 3446     		mov	r4, r6
 325              	.LVL37:
 326              	.L35:
 239:.\Generated_Source\PSoC5/USBFS_boot.c ****     while((USBFS_GetEPState(USBFS_BTLDR_OUT_EP) != USBFS_OUT_BUFFER_FULL) && \
 327              		.loc 1 239 0 discriminator 1
 328 0076 0120     		movs	r0, #1
 329 0078 FFF7FEFF 		bl	USBFS_GetEPState
 330              	.LVL38:
 331 007c 0128     		cmp	r0, #1
 332              		.loc 1 242 0 discriminator 1
 333 007e 4FF00100 		mov	r0, #1
 239:.\Generated_Source\PSoC5/USBFS_boot.c ****     while((USBFS_GetEPState(USBFS_BTLDR_OUT_EP) != USBFS_OUT_BUFFER_FULL) && \
 334              		.loc 1 239 0 discriminator 1
 335 0082 EFD1     		bne	.L42
 336              	.LVL39:
 337              	.L24:
 243:.\Generated_Source\PSoC5/USBFS_boot.c ****     }
 244:.\Generated_Source\PSoC5/USBFS_boot.c **** 
 245:.\Generated_Source\PSoC5/USBFS_boot.c ****     /* OUT EP has completed */
 246:.\Generated_Source\PSoC5/USBFS_boot.c ****     if (USBFS_GetEPState(USBFS_BTLDR_OUT_EP) == USBFS_OUT_BUFFER_FULL)
 338              		.loc 1 246 0
 339 0084 FFF7FEFF 		bl	USBFS_GetEPState
 340              	.LVL40:
 341 0088 0128     		cmp	r0, #1
 342 008a 0AD1     		bne	.L26
 247:.\Generated_Source\PSoC5/USBFS_boot.c ****     {
 248:.\Generated_Source\PSoC5/USBFS_boot.c ****         *count = USBFS_ReadOutEP(USBFS_BTLDR_OUT_EP, pData, size);
 343              		.loc 1 248 0
 344 008c 4146     		mov	r1, r8
 345 008e 402F     		cmp	r7, #64
 346 0090 34BF     		ite	cc
 347 0092 3A46     		movcc	r2, r7
 348 0094 4022     		movcs	r2, #64
 349 0096 FFF7FEFF 		bl	USBFS_ReadOutEP
 350              	.LVL41:
 351 009a 2880     		strh	r0, [r5, #0]	@ movhi
 352              	.LVL42:
 249:.\Generated_Source\PSoC5/USBFS_boot.c ****         status = CYRET_SUCCESS;
 353              		.loc 1 249 0
 354 009c 0020     		movs	r0, #0
 355 009e BDE8F081 		pop	{r4, r5, r6, r7, r8, pc}
 356              	.LVL43:
 357              	.L26:
 250:.\Generated_Source\PSoC5/USBFS_boot.c ****     }
 251:.\Generated_Source\PSoC5/USBFS_boot.c ****     else
 252:.\Generated_Source\PSoC5/USBFS_boot.c ****     {
 253:.\Generated_Source\PSoC5/USBFS_boot.c ****         *count = 0u;
ARM GAS  C:\Users\MICHA_~1\AppData\Local\Temp\cc8co29w.s 			page 12


 358              		.loc 1 253 0
 359 00a2 0020     		movs	r0, #0
 360 00a4 2880     		strh	r0, [r5, #0]	@ movhi
 361              	.LVL44:
 254:.\Generated_Source\PSoC5/USBFS_boot.c ****         status = CYRET_TIMEOUT;
 362              		.loc 1 254 0
 363 00a6 1020     		movs	r0, #16
 364              	.LVL45:
 255:.\Generated_Source\PSoC5/USBFS_boot.c ****     }
 256:.\Generated_Source\PSoC5/USBFS_boot.c ****     return(status);
 257:.\Generated_Source\PSoC5/USBFS_boot.c **** }
 365              		.loc 1 257 0
 366 00a8 BDE8F081 		pop	{r4, r5, r6, r7, r8, pc}
 367              	.L44:
 368              		.align	2
 369              	.L43:
 370 00ac 00000000 		.word	.LANCHOR0
 371              		.cfi_endproc
 372              	.LFE4:
 373              		.size	USBFS_CyBtldrCommRead, .-USBFS_CyBtldrCommRead
 374              		.bss
 375              		.align	1
 376              		.set	.LANCHOR0,. + 0
 377              		.type	USBFS_started, %object
 378              		.size	USBFS_started, 1
 379              	USBFS_started:
 380 0000 00       		.space	1
 381 0001 00       		.space	1
 382              		.type	USBFS_universalTime, %object
 383              		.size	USBFS_universalTime, 2
 384              	USBFS_universalTime:
 385 0002 0000     		.space	2
 386              		.text
 387              	.Letext0:
 388              		.file 2 ".\\Generated_Source\\PSoC5\\cytypes.h"
 389              		.file 3 ".\\Generated_Source\\PSoC5\\USBFS.h"
 390              		.file 4 ".\\Generated_Source\\PSoC5\\CyLib.h"
 391              		.section	.debug_info,"",%progbits
 392              	.Ldebug_info0:
 393 0000 0B040000 		.4byte	0x40b
 394 0004 0200     		.2byte	0x2
 395 0006 00000000 		.4byte	.Ldebug_abbrev0
 396 000a 04       		.byte	0x4
 397 000b 01       		.uleb128 0x1
 398 000c B7010000 		.4byte	.LASF37
 399 0010 01       		.byte	0x1
 400 0011 66020000 		.4byte	.LASF38
 401 0015 91000000 		.4byte	.LASF39
 402 0019 00000000 		.4byte	.Ldebug_ranges0+0
 403 001d 00000000 		.4byte	0
 404 0021 00000000 		.4byte	0
 405 0025 00000000 		.4byte	.Ldebug_line0
 406 0029 02       		.uleb128 0x2
 407 002a 01       		.byte	0x1
 408 002b 06       		.byte	0x6
 409 002c 30020000 		.4byte	.LASF0
 410 0030 02       		.uleb128 0x2
ARM GAS  C:\Users\MICHA_~1\AppData\Local\Temp\cc8co29w.s 			page 13


 411 0031 01       		.byte	0x1
 412 0032 08       		.byte	0x8
 413 0033 C8000000 		.4byte	.LASF1
 414 0037 02       		.uleb128 0x2
 415 0038 02       		.byte	0x2
 416 0039 05       		.byte	0x5
 417 003a AD010000 		.4byte	.LASF2
 418 003e 02       		.uleb128 0x2
 419 003f 02       		.byte	0x2
 420 0040 07       		.byte	0x7
 421 0041 16000000 		.4byte	.LASF3
 422 0045 02       		.uleb128 0x2
 423 0046 04       		.byte	0x4
 424 0047 05       		.byte	0x5
 425 0048 11020000 		.4byte	.LASF4
 426 004c 02       		.uleb128 0x2
 427 004d 04       		.byte	0x4
 428 004e 07       		.byte	0x7
 429 004f 7F000000 		.4byte	.LASF5
 430 0053 02       		.uleb128 0x2
 431 0054 08       		.byte	0x8
 432 0055 05       		.byte	0x5
 433 0056 8B010000 		.4byte	.LASF6
 434 005a 02       		.uleb128 0x2
 435 005b 08       		.byte	0x8
 436 005c 07       		.byte	0x7
 437 005d 36010000 		.4byte	.LASF7
 438 0061 03       		.uleb128 0x3
 439 0062 04       		.byte	0x4
 440 0063 05       		.byte	0x5
 441 0064 696E7400 		.ascii	"int\000"
 442 0068 02       		.uleb128 0x2
 443 0069 04       		.byte	0x4
 444 006a 07       		.byte	0x7
 445 006b 29010000 		.4byte	.LASF8
 446 006f 04       		.uleb128 0x4
 447 0070 C2000000 		.4byte	.LASF9
 448 0074 02       		.byte	0x2
 449 0075 5B       		.byte	0x5b
 450 0076 30000000 		.4byte	0x30
 451 007a 04       		.uleb128 0x4
 452 007b 04010000 		.4byte	.LASF10
 453 007f 02       		.byte	0x2
 454 0080 5C       		.byte	0x5c
 455 0081 3E000000 		.4byte	0x3e
 456 0085 04       		.uleb128 0x4
 457 0086 0B010000 		.4byte	.LASF11
 458 008a 02       		.byte	0x2
 459 008b 5D       		.byte	0x5d
 460 008c 4C000000 		.4byte	0x4c
 461 0090 02       		.uleb128 0x2
 462 0091 04       		.byte	0x4
 463 0092 04       		.byte	0x4
 464 0093 69000000 		.4byte	.LASF12
 465 0097 02       		.uleb128 0x2
 466 0098 08       		.byte	0x8
 467 0099 04       		.byte	0x4
ARM GAS  C:\Users\MICHA_~1\AppData\Local\Temp\cc8co29w.s 			page 14


 468 009a D6000000 		.4byte	.LASF13
 469 009e 02       		.uleb128 0x2
 470 009f 01       		.byte	0x1
 471 00a0 08       		.byte	0x8
 472 00a1 99010000 		.4byte	.LASF14
 473 00a5 04       		.uleb128 0x4
 474 00a6 00000000 		.4byte	.LASF15
 475 00aa 02       		.byte	0x2
 476 00ab E8       		.byte	0xe8
 477 00ac 4C000000 		.4byte	0x4c
 478 00b0 02       		.uleb128 0x2
 479 00b1 04       		.byte	0x4
 480 00b2 07       		.byte	0x7
 481 00b3 82010000 		.4byte	.LASF16
 482 00b7 05       		.uleb128 0x5
 483 00b8 01       		.byte	0x1
 484 00b9 52000000 		.4byte	.LASF17
 485 00bd 01       		.byte	0x1
 486 00be 3E       		.byte	0x3e
 487 00bf 01       		.byte	0x1
 488 00c0 00000000 		.4byte	.LFB0
 489 00c4 18000000 		.4byte	.LFE0
 490 00c8 00000000 		.4byte	.LLST0
 491 00cc 01       		.byte	0x1
 492 00cd E6000000 		.4byte	0xe6
 493 00d1 06       		.uleb128 0x6
 494 00d2 0C000000 		.4byte	.LVL0
 495 00d6 48030000 		.4byte	0x348
 496 00da 07       		.uleb128 0x7
 497 00db 01       		.byte	0x1
 498 00dc 51       		.byte	0x51
 499 00dd 01       		.byte	0x1
 500 00de 32       		.byte	0x32
 501 00df 07       		.uleb128 0x7
 502 00e0 01       		.byte	0x1
 503 00e1 50       		.byte	0x50
 504 00e2 01       		.byte	0x1
 505 00e3 30       		.byte	0x30
 506 00e4 00       		.byte	0
 507 00e5 00       		.byte	0
 508 00e6 08       		.uleb128 0x8
 509 00e7 01       		.byte	0x1
 510 00e8 1A020000 		.4byte	.LASF18
 511 00ec 01       		.byte	0x1
 512 00ed 59       		.byte	0x59
 513 00ee 01       		.byte	0x1
 514 00ef 00000000 		.4byte	.LFB1
 515 00f3 04000000 		.4byte	.LFE1
 516 00f7 02       		.byte	0x2
 517 00f8 7D       		.byte	0x7d
 518 00f9 00       		.sleb128 0
 519 00fa 01       		.byte	0x1
 520 00fb 0A010000 		.4byte	0x10a
 521 00ff 09       		.uleb128 0x9
 522 0100 04000000 		.4byte	.LVL1
 523 0104 01       		.byte	0x1
 524 0105 61030000 		.4byte	0x361
ARM GAS  C:\Users\MICHA_~1\AppData\Local\Temp\cc8co29w.s 			page 15


 525 0109 00       		.byte	0
 526 010a 08       		.uleb128 0x8
 527 010b 01       		.byte	0x1
 528 010c 29000000 		.4byte	.LASF19
 529 0110 01       		.byte	0x1
 530 0111 70       		.byte	0x70
 531 0112 01       		.byte	0x1
 532 0113 00000000 		.4byte	.LFB2
 533 0117 06000000 		.4byte	.LFE2
 534 011b 02       		.byte	0x2
 535 011c 7D       		.byte	0x7d
 536 011d 00       		.sleb128 0
 537 011e 01       		.byte	0x1
 538 011f 34010000 		.4byte	0x134
 539 0123 0A       		.uleb128 0xa
 540 0124 06000000 		.4byte	.LVL2
 541 0128 01       		.byte	0x1
 542 0129 6B030000 		.4byte	0x36b
 543 012d 07       		.uleb128 0x7
 544 012e 01       		.byte	0x1
 545 012f 50       		.byte	0x50
 546 0130 01       		.byte	0x1
 547 0131 31       		.byte	0x31
 548 0132 00       		.byte	0
 549 0133 00       		.byte	0
 550 0134 0B       		.uleb128 0xb
 551 0135 01       		.byte	0x1
 552 0136 ED000000 		.4byte	.LASF26
 553 013a 01       		.byte	0x1
 554 013b 8D       		.byte	0x8d
 555 013c 01       		.byte	0x1
 556 013d A5000000 		.4byte	0xa5
 557 0141 00000000 		.4byte	.LFB3
 558 0145 54000000 		.4byte	.LFE3
 559 0149 20000000 		.4byte	.LLST1
 560 014d 01       		.byte	0x1
 561 014e 01020000 		.4byte	0x201
 562 0152 0C       		.uleb128 0xc
 563 0153 4C000000 		.4byte	.LASF20
 564 0157 01       		.byte	0x1
 565 0158 8D       		.byte	0x8d
 566 0159 01020000 		.4byte	0x201
 567 015d 40000000 		.4byte	.LLST2
 568 0161 0C       		.uleb128 0xc
 569 0162 7A000000 		.4byte	.LASF21
 570 0166 01       		.byte	0x1
 571 0167 8D       		.byte	0x8d
 572 0168 7A000000 		.4byte	0x7a
 573 016c 6C000000 		.4byte	.LLST3
 574 0170 0C       		.uleb128 0xc
 575 0171 10000000 		.4byte	.LASF22
 576 0175 01       		.byte	0x1
 577 0176 8D       		.byte	0x8d
 578 0177 07020000 		.4byte	0x207
 579 017b 8D000000 		.4byte	.LLST4
 580 017f 0C       		.uleb128 0xc
 581 0180 75010000 		.4byte	.LASF23
ARM GAS  C:\Users\MICHA_~1\AppData\Local\Temp\cc8co29w.s 			page 16


 582 0184 01       		.byte	0x1
 583 0185 8D       		.byte	0x8d
 584 0186 6F000000 		.4byte	0x6f
 585 018a AB000000 		.4byte	.LLST5
 586 018e 0D       		.uleb128 0xd
 587 018f 7D010000 		.4byte	.LASF24
 588 0193 01       		.byte	0x1
 589 0194 90       		.byte	0x90
 590 0195 7A000000 		.4byte	0x7a
 591 0199 CC000000 		.4byte	.LLST6
 592 019d 0D       		.uleb128 0xd
 593 019e 09000000 		.4byte	.LASF25
 594 01a2 01       		.byte	0x1
 595 01a3 91       		.byte	0x91
 596 01a4 A5000000 		.4byte	0xa5
 597 01a8 F6000000 		.4byte	.LLST7
 598 01ac 0E       		.uleb128 0xe
 599 01ad 14000000 		.4byte	.LVL7
 600 01b1 7F030000 		.4byte	0x37f
 601 01b5 CB010000 		.4byte	0x1cb
 602 01b9 07       		.uleb128 0x7
 603 01ba 01       		.byte	0x1
 604 01bb 52       		.byte	0x52
 605 01bc 02       		.byte	0x2
 606 01bd 08       		.byte	0x8
 607 01be 40       		.byte	0x40
 608 01bf 07       		.uleb128 0x7
 609 01c0 01       		.byte	0x1
 610 01c1 51       		.byte	0x51
 611 01c2 02       		.byte	0x2
 612 01c3 77       		.byte	0x77
 613 01c4 00       		.sleb128 0
 614 01c5 07       		.uleb128 0x7
 615 01c6 01       		.byte	0x1
 616 01c7 50       		.byte	0x50
 617 01c8 01       		.byte	0x1
 618 01c9 32       		.byte	0x32
 619 01ca 00       		.byte	0
 620 01cb 0E       		.uleb128 0xe
 621 01cc 24000000 		.4byte	.LVL10
 622 01d0 A8030000 		.4byte	0x3a8
 623 01d4 DE010000 		.4byte	0x1de
 624 01d8 07       		.uleb128 0x7
 625 01d9 01       		.byte	0x1
 626 01da 50       		.byte	0x50
 627 01db 01       		.byte	0x1
 628 01dc 32       		.byte	0x32
 629 01dd 00       		.byte	0
 630 01de 0E       		.uleb128 0xe
 631 01df 38000000 		.4byte	.LVL12
 632 01e3 C0030000 		.4byte	0x3c0
 633 01e7 F1010000 		.4byte	0x1f1
 634 01eb 07       		.uleb128 0x7
 635 01ec 01       		.byte	0x1
 636 01ed 50       		.byte	0x50
 637 01ee 01       		.byte	0x1
 638 01ef 31       		.byte	0x31
ARM GAS  C:\Users\MICHA_~1\AppData\Local\Temp\cc8co29w.s 			page 17


 639 01f0 00       		.byte	0
 640 01f1 06       		.uleb128 0x6
 641 01f2 42000000 		.4byte	.LVL14
 642 01f6 A8030000 		.4byte	0x3a8
 643 01fa 07       		.uleb128 0x7
 644 01fb 01       		.byte	0x1
 645 01fc 50       		.byte	0x50
 646 01fd 01       		.byte	0x1
 647 01fe 32       		.byte	0x32
 648 01ff 00       		.byte	0
 649 0200 00       		.byte	0
 650 0201 0F       		.uleb128 0xf
 651 0202 04       		.byte	0x4
 652 0203 6F000000 		.4byte	0x6f
 653 0207 0F       		.uleb128 0xf
 654 0208 04       		.byte	0x4
 655 0209 7A000000 		.4byte	0x7a
 656 020d 0B       		.uleb128 0xb
 657 020e 01       		.byte	0x1
 658 020f 5F010000 		.4byte	.LASF27
 659 0213 01       		.byte	0x1
 660 0214 C7       		.byte	0xc7
 661 0215 01       		.byte	0x1
 662 0216 A5000000 		.4byte	0xa5
 663 021a 00000000 		.4byte	.LFB4
 664 021e B0000000 		.4byte	.LFE4
 665 0222 15010000 		.4byte	.LLST8
 666 0226 01       		.byte	0x1
 667 0227 26030000 		.4byte	0x326
 668 022b 0C       		.uleb128 0xc
 669 022c 4C000000 		.4byte	.LASF20
 670 0230 01       		.byte	0x1
 671 0231 C7       		.byte	0xc7
 672 0232 01020000 		.4byte	0x201
 673 0236 35010000 		.4byte	.LLST9
 674 023a 0C       		.uleb128 0xc
 675 023b 7A000000 		.4byte	.LASF21
 676 023f 01       		.byte	0x1
 677 0240 C7       		.byte	0xc7
 678 0241 7A000000 		.4byte	0x7a
 679 0245 69010000 		.4byte	.LLST10
 680 0249 0C       		.uleb128 0xc
 681 024a 10000000 		.4byte	.LASF22
 682 024e 01       		.byte	0x1
 683 024f C7       		.byte	0xc7
 684 0250 07020000 		.4byte	0x207
 685 0254 FC010000 		.4byte	.LLST11
 686 0258 0C       		.uleb128 0xc
 687 0259 75010000 		.4byte	.LASF23
 688 025d 01       		.byte	0x1
 689 025e C7       		.byte	0xc7
 690 025f 6F000000 		.4byte	0x6f
 691 0263 1A020000 		.4byte	.LLST12
 692 0267 0D       		.uleb128 0xd
 693 0268 09000000 		.4byte	.LASF25
 694 026c 01       		.byte	0x1
 695 026d CA       		.byte	0xca
ARM GAS  C:\Users\MICHA_~1\AppData\Local\Temp\cc8co29w.s 			page 18


 696 026e A5000000 		.4byte	0xa5
 697 0272 3B020000 		.4byte	.LLST13
 698 0276 0D       		.uleb128 0xd
 699 0277 7D010000 		.4byte	.LASF24
 700 027b 01       		.byte	0x1
 701 027c CB       		.byte	0xcb
 702 027d 7A000000 		.4byte	0x7a
 703 0281 66020000 		.4byte	.LLST14
 704 0285 10       		.uleb128 0x10
 705 0286 1C000000 		.4byte	.LVL23
 706 028a D4030000 		.4byte	0x3d4
 707 028e 0E       		.uleb128 0xe
 708 028f 30000000 		.4byte	.LVL25
 709 0293 C0030000 		.4byte	0x3c0
 710 0297 A1020000 		.4byte	0x2a1
 711 029b 07       		.uleb128 0x7
 712 029c 01       		.byte	0x1
 713 029d 50       		.byte	0x50
 714 029e 01       		.byte	0x1
 715 029f 31       		.byte	0x31
 716 02a0 00       		.byte	0
 717 02a1 10       		.uleb128 0x10
 718 02a2 3A000000 		.4byte	.LVL27
 719 02a6 D4030000 		.4byte	0x3d4
 720 02aa 10       		.uleb128 0x10
 721 02ab 40000000 		.4byte	.LVL28
 722 02af E2030000 		.4byte	0x3e2
 723 02b3 10       		.uleb128 0x10
 724 02b4 44000000 		.4byte	.LVL29
 725 02b8 0A010000 		.4byte	0x10a
 726 02bc 10       		.uleb128 0x10
 727 02bd 50000000 		.4byte	.LVL31
 728 02c1 E2030000 		.4byte	0x3e2
 729 02c5 10       		.uleb128 0x10
 730 02c6 5A000000 		.4byte	.LVL32
 731 02ca D4030000 		.4byte	0x3d4
 732 02ce 10       		.uleb128 0x10
 733 02cf 62000000 		.4byte	.LVL33
 734 02d3 0A010000 		.4byte	0x10a
 735 02d7 10       		.uleb128 0x10
 736 02d8 74000000 		.4byte	.LVL36
 737 02dc C0030000 		.4byte	0x3c0
 738 02e0 0E       		.uleb128 0xe
 739 02e1 7C000000 		.4byte	.LVL38
 740 02e5 A8030000 		.4byte	0x3a8
 741 02e9 F3020000 		.4byte	0x2f3
 742 02ed 07       		.uleb128 0x7
 743 02ee 01       		.byte	0x1
 744 02ef 50       		.byte	0x50
 745 02f0 01       		.byte	0x1
 746 02f1 31       		.byte	0x31
 747 02f2 00       		.byte	0
 748 02f3 10       		.uleb128 0x10
 749 02f4 88000000 		.4byte	.LVL40
 750 02f8 A8030000 		.4byte	0x3a8
 751 02fc 06       		.uleb128 0x6
 752 02fd 9A000000 		.4byte	.LVL41
ARM GAS  C:\Users\MICHA_~1\AppData\Local\Temp\cc8co29w.s 			page 19


 753 0301 F0030000 		.4byte	0x3f0
 754 0305 07       		.uleb128 0x7
 755 0306 01       		.byte	0x1
 756 0307 52       		.byte	0x52
 757 0308 15       		.byte	0x15
 758 0309 77       		.byte	0x77
 759 030a 00       		.sleb128 0
 760 030b 12       		.byte	0x12
 761 030c 40       		.byte	0x40
 762 030d 4B       		.byte	0x4b
 763 030e 24       		.byte	0x24
 764 030f 22       		.byte	0x22
 765 0310 08       		.byte	0x8
 766 0311 40       		.byte	0x40
 767 0312 16       		.byte	0x16
 768 0313 14       		.byte	0x14
 769 0314 40       		.byte	0x40
 770 0315 4B       		.byte	0x4b
 771 0316 24       		.byte	0x24
 772 0317 22       		.byte	0x22
 773 0318 2D       		.byte	0x2d
 774 0319 28       		.byte	0x28
 775 031a 0100     		.2byte	0x1
 776 031c 16       		.byte	0x16
 777 031d 13       		.byte	0x13
 778 031e 07       		.uleb128 0x7
 779 031f 01       		.byte	0x1
 780 0320 51       		.byte	0x51
 781 0321 02       		.byte	0x2
 782 0322 78       		.byte	0x78
 783 0323 00       		.sleb128 0
 784 0324 00       		.byte	0
 785 0325 00       		.byte	0
 786 0326 11       		.uleb128 0x11
 787 0327 4A020000 		.4byte	.LASF28
 788 032b 01       		.byte	0x1
 789 032c 26       		.byte	0x26
 790 032d 7A000000 		.4byte	0x7a
 791 0331 05       		.byte	0x5
 792 0332 03       		.byte	0x3
 793 0333 02000000 		.4byte	USBFS_universalTime
 794 0337 11       		.uleb128 0x11
 795 0338 3C020000 		.4byte	.LASF29
 796 033c 01       		.byte	0x1
 797 033d 27       		.byte	0x27
 798 033e 6F000000 		.4byte	0x6f
 799 0342 05       		.byte	0x5
 800 0343 03       		.byte	0x3
 801 0344 00000000 		.4byte	USBFS_started
 802 0348 12       		.uleb128 0x12
 803 0349 01       		.byte	0x1
 804 034a 40000000 		.4byte	.LASF30
 805 034e 03       		.byte	0x3
 806 034f BF       		.byte	0xbf
 807 0350 01       		.byte	0x1
 808 0351 01       		.byte	0x1
 809 0352 61030000 		.4byte	0x361
ARM GAS  C:\Users\MICHA_~1\AppData\Local\Temp\cc8co29w.s 			page 20


 810 0356 13       		.uleb128 0x13
 811 0357 6F000000 		.4byte	0x6f
 812 035b 13       		.uleb128 0x13
 813 035c 6F000000 		.4byte	0x6f
 814 0360 00       		.byte	0
 815 0361 14       		.uleb128 0x14
 816 0362 01       		.byte	0x1
 817 0363 6F000000 		.4byte	.LASF40
 818 0367 03       		.byte	0x3
 819 0368 C2       		.byte	0xc2
 820 0369 01       		.byte	0x1
 821 036a 01       		.byte	0x1
 822 036b 12       		.uleb128 0x12
 823 036c 01       		.byte	0x1
 824 036d 4D010000 		.4byte	.LASF31
 825 0371 03       		.byte	0x3
 826 0372 CE       		.byte	0xce
 827 0373 01       		.byte	0x1
 828 0374 01       		.byte	0x1
 829 0375 7F030000 		.4byte	0x37f
 830 0379 13       		.uleb128 0x13
 831 037a 6F000000 		.4byte	0x6f
 832 037e 00       		.byte	0
 833 037f 12       		.uleb128 0x12
 834 0380 01       		.byte	0x1
 835 0381 9E010000 		.4byte	.LASF32
 836 0385 03       		.byte	0x3
 837 0386 CA       		.byte	0xca
 838 0387 01       		.byte	0x1
 839 0388 01       		.byte	0x1
 840 0389 9D030000 		.4byte	0x39d
 841 038d 13       		.uleb128 0x13
 842 038e 6F000000 		.4byte	0x6f
 843 0392 13       		.uleb128 0x13
 844 0393 9D030000 		.4byte	0x39d
 845 0397 13       		.uleb128 0x13
 846 0398 7A000000 		.4byte	0x7a
 847 039c 00       		.byte	0
 848 039d 0F       		.uleb128 0xf
 849 039e 04       		.byte	0x4
 850 039f A3030000 		.4byte	0x3a3
 851 03a3 15       		.uleb128 0x15
 852 03a4 6F000000 		.4byte	0x6f
 853 03a8 16       		.uleb128 0x16
 854 03a9 01       		.byte	0x1
 855 03aa 00020000 		.4byte	.LASF41
 856 03ae 03       		.byte	0x3
 857 03af C8       		.byte	0xc8
 858 03b0 01       		.byte	0x1
 859 03b1 6F000000 		.4byte	0x6f
 860 03b5 01       		.byte	0x1
 861 03b6 C0030000 		.4byte	0x3c0
 862 03ba 13       		.uleb128 0x13
 863 03bb 6F000000 		.4byte	0x6f
 864 03bf 00       		.byte	0
 865 03c0 12       		.uleb128 0x12
 866 03c1 01       		.byte	0x1
ARM GAS  C:\Users\MICHA_~1\AppData\Local\Temp\cc8co29w.s 			page 21


 867 03c2 5E020000 		.4byte	.LASF33
 868 03c6 04       		.byte	0x4
 869 03c7 77       		.byte	0x77
 870 03c8 01       		.byte	0x1
 871 03c9 01       		.byte	0x1
 872 03ca D4030000 		.4byte	0x3d4
 873 03ce 13       		.uleb128 0x13
 874 03cf 85000000 		.4byte	0x85
 875 03d3 00       		.byte	0
 876 03d4 17       		.uleb128 0x17
 877 03d5 01       		.byte	0x1
 878 03d6 12010000 		.4byte	.LASF34
 879 03da 03       		.byte	0x3
 880 03db C4       		.byte	0xc4
 881 03dc 01       		.byte	0x1
 882 03dd 6F000000 		.4byte	0x6f
 883 03e1 01       		.byte	0x1
 884 03e2 17       		.uleb128 0x17
 885 03e3 01       		.byte	0x1
 886 03e4 8C020000 		.4byte	.LASF35
 887 03e8 03       		.byte	0x3
 888 03e9 C5       		.byte	0xc5
 889 03ea 01       		.byte	0x1
 890 03eb 6F000000 		.4byte	0x6f
 891 03ef 01       		.byte	0x1
 892 03f0 18       		.uleb128 0x18
 893 03f1 01       		.byte	0x1
 894 03f2 DD000000 		.4byte	.LASF36
 895 03f6 03       		.byte	0x3
 896 03f7 CC       		.byte	0xcc
 897 03f8 01       		.byte	0x1
 898 03f9 7A000000 		.4byte	0x7a
 899 03fd 01       		.byte	0x1
 900 03fe 13       		.uleb128 0x13
 901 03ff 6F000000 		.4byte	0x6f
 902 0403 13       		.uleb128 0x13
 903 0404 01020000 		.4byte	0x201
 904 0408 13       		.uleb128 0x13
 905 0409 7A000000 		.4byte	0x7a
 906 040d 00       		.byte	0
 907 040e 00       		.byte	0
 908              		.section	.debug_abbrev,"",%progbits
 909              	.Ldebug_abbrev0:
 910 0000 01       		.uleb128 0x1
 911 0001 11       		.uleb128 0x11
 912 0002 01       		.byte	0x1
 913 0003 25       		.uleb128 0x25
 914 0004 0E       		.uleb128 0xe
 915 0005 13       		.uleb128 0x13
 916 0006 0B       		.uleb128 0xb
 917 0007 03       		.uleb128 0x3
 918 0008 0E       		.uleb128 0xe
 919 0009 1B       		.uleb128 0x1b
 920 000a 0E       		.uleb128 0xe
 921 000b 55       		.uleb128 0x55
 922 000c 06       		.uleb128 0x6
 923 000d 11       		.uleb128 0x11
ARM GAS  C:\Users\MICHA_~1\AppData\Local\Temp\cc8co29w.s 			page 22


 924 000e 01       		.uleb128 0x1
 925 000f 52       		.uleb128 0x52
 926 0010 01       		.uleb128 0x1
 927 0011 10       		.uleb128 0x10
 928 0012 06       		.uleb128 0x6
 929 0013 00       		.byte	0
 930 0014 00       		.byte	0
 931 0015 02       		.uleb128 0x2
 932 0016 24       		.uleb128 0x24
 933 0017 00       		.byte	0
 934 0018 0B       		.uleb128 0xb
 935 0019 0B       		.uleb128 0xb
 936 001a 3E       		.uleb128 0x3e
 937 001b 0B       		.uleb128 0xb
 938 001c 03       		.uleb128 0x3
 939 001d 0E       		.uleb128 0xe
 940 001e 00       		.byte	0
 941 001f 00       		.byte	0
 942 0020 03       		.uleb128 0x3
 943 0021 24       		.uleb128 0x24
 944 0022 00       		.byte	0
 945 0023 0B       		.uleb128 0xb
 946 0024 0B       		.uleb128 0xb
 947 0025 3E       		.uleb128 0x3e
 948 0026 0B       		.uleb128 0xb
 949 0027 03       		.uleb128 0x3
 950 0028 08       		.uleb128 0x8
 951 0029 00       		.byte	0
 952 002a 00       		.byte	0
 953 002b 04       		.uleb128 0x4
 954 002c 16       		.uleb128 0x16
 955 002d 00       		.byte	0
 956 002e 03       		.uleb128 0x3
 957 002f 0E       		.uleb128 0xe
 958 0030 3A       		.uleb128 0x3a
 959 0031 0B       		.uleb128 0xb
 960 0032 3B       		.uleb128 0x3b
 961 0033 0B       		.uleb128 0xb
 962 0034 49       		.uleb128 0x49
 963 0035 13       		.uleb128 0x13
 964 0036 00       		.byte	0
 965 0037 00       		.byte	0
 966 0038 05       		.uleb128 0x5
 967 0039 2E       		.uleb128 0x2e
 968 003a 01       		.byte	0x1
 969 003b 3F       		.uleb128 0x3f
 970 003c 0C       		.uleb128 0xc
 971 003d 03       		.uleb128 0x3
 972 003e 0E       		.uleb128 0xe
 973 003f 3A       		.uleb128 0x3a
 974 0040 0B       		.uleb128 0xb
 975 0041 3B       		.uleb128 0x3b
 976 0042 0B       		.uleb128 0xb
 977 0043 27       		.uleb128 0x27
 978 0044 0C       		.uleb128 0xc
 979 0045 11       		.uleb128 0x11
 980 0046 01       		.uleb128 0x1
ARM GAS  C:\Users\MICHA_~1\AppData\Local\Temp\cc8co29w.s 			page 23


 981 0047 12       		.uleb128 0x12
 982 0048 01       		.uleb128 0x1
 983 0049 40       		.uleb128 0x40
 984 004a 06       		.uleb128 0x6
 985 004b 9742     		.uleb128 0x2117
 986 004d 0C       		.uleb128 0xc
 987 004e 01       		.uleb128 0x1
 988 004f 13       		.uleb128 0x13
 989 0050 00       		.byte	0
 990 0051 00       		.byte	0
 991 0052 06       		.uleb128 0x6
 992 0053 898201   		.uleb128 0x4109
 993 0056 01       		.byte	0x1
 994 0057 11       		.uleb128 0x11
 995 0058 01       		.uleb128 0x1
 996 0059 31       		.uleb128 0x31
 997 005a 13       		.uleb128 0x13
 998 005b 00       		.byte	0
 999 005c 00       		.byte	0
 1000 005d 07       		.uleb128 0x7
 1001 005e 8A8201   		.uleb128 0x410a
 1002 0061 00       		.byte	0
 1003 0062 02       		.uleb128 0x2
 1004 0063 0A       		.uleb128 0xa
 1005 0064 9142     		.uleb128 0x2111
 1006 0066 0A       		.uleb128 0xa
 1007 0067 00       		.byte	0
 1008 0068 00       		.byte	0
 1009 0069 08       		.uleb128 0x8
 1010 006a 2E       		.uleb128 0x2e
 1011 006b 01       		.byte	0x1
 1012 006c 3F       		.uleb128 0x3f
 1013 006d 0C       		.uleb128 0xc
 1014 006e 03       		.uleb128 0x3
 1015 006f 0E       		.uleb128 0xe
 1016 0070 3A       		.uleb128 0x3a
 1017 0071 0B       		.uleb128 0xb
 1018 0072 3B       		.uleb128 0x3b
 1019 0073 0B       		.uleb128 0xb
 1020 0074 27       		.uleb128 0x27
 1021 0075 0C       		.uleb128 0xc
 1022 0076 11       		.uleb128 0x11
 1023 0077 01       		.uleb128 0x1
 1024 0078 12       		.uleb128 0x12
 1025 0079 01       		.uleb128 0x1
 1026 007a 40       		.uleb128 0x40
 1027 007b 0A       		.uleb128 0xa
 1028 007c 9742     		.uleb128 0x2117
 1029 007e 0C       		.uleb128 0xc
 1030 007f 01       		.uleb128 0x1
 1031 0080 13       		.uleb128 0x13
 1032 0081 00       		.byte	0
 1033 0082 00       		.byte	0
 1034 0083 09       		.uleb128 0x9
 1035 0084 898201   		.uleb128 0x4109
 1036 0087 00       		.byte	0
 1037 0088 11       		.uleb128 0x11
ARM GAS  C:\Users\MICHA_~1\AppData\Local\Temp\cc8co29w.s 			page 24


 1038 0089 01       		.uleb128 0x1
 1039 008a 9542     		.uleb128 0x2115
 1040 008c 0C       		.uleb128 0xc
 1041 008d 31       		.uleb128 0x31
 1042 008e 13       		.uleb128 0x13
 1043 008f 00       		.byte	0
 1044 0090 00       		.byte	0
 1045 0091 0A       		.uleb128 0xa
 1046 0092 898201   		.uleb128 0x4109
 1047 0095 01       		.byte	0x1
 1048 0096 11       		.uleb128 0x11
 1049 0097 01       		.uleb128 0x1
 1050 0098 9542     		.uleb128 0x2115
 1051 009a 0C       		.uleb128 0xc
 1052 009b 31       		.uleb128 0x31
 1053 009c 13       		.uleb128 0x13
 1054 009d 00       		.byte	0
 1055 009e 00       		.byte	0
 1056 009f 0B       		.uleb128 0xb
 1057 00a0 2E       		.uleb128 0x2e
 1058 00a1 01       		.byte	0x1
 1059 00a2 3F       		.uleb128 0x3f
 1060 00a3 0C       		.uleb128 0xc
 1061 00a4 03       		.uleb128 0x3
 1062 00a5 0E       		.uleb128 0xe
 1063 00a6 3A       		.uleb128 0x3a
 1064 00a7 0B       		.uleb128 0xb
 1065 00a8 3B       		.uleb128 0x3b
 1066 00a9 0B       		.uleb128 0xb
 1067 00aa 27       		.uleb128 0x27
 1068 00ab 0C       		.uleb128 0xc
 1069 00ac 49       		.uleb128 0x49
 1070 00ad 13       		.uleb128 0x13
 1071 00ae 11       		.uleb128 0x11
 1072 00af 01       		.uleb128 0x1
 1073 00b0 12       		.uleb128 0x12
 1074 00b1 01       		.uleb128 0x1
 1075 00b2 40       		.uleb128 0x40
 1076 00b3 06       		.uleb128 0x6
 1077 00b4 9742     		.uleb128 0x2117
 1078 00b6 0C       		.uleb128 0xc
 1079 00b7 01       		.uleb128 0x1
 1080 00b8 13       		.uleb128 0x13
 1081 00b9 00       		.byte	0
 1082 00ba 00       		.byte	0
 1083 00bb 0C       		.uleb128 0xc
 1084 00bc 05       		.uleb128 0x5
 1085 00bd 00       		.byte	0
 1086 00be 03       		.uleb128 0x3
 1087 00bf 0E       		.uleb128 0xe
 1088 00c0 3A       		.uleb128 0x3a
 1089 00c1 0B       		.uleb128 0xb
 1090 00c2 3B       		.uleb128 0x3b
 1091 00c3 0B       		.uleb128 0xb
 1092 00c4 49       		.uleb128 0x49
 1093 00c5 13       		.uleb128 0x13
 1094 00c6 02       		.uleb128 0x2
ARM GAS  C:\Users\MICHA_~1\AppData\Local\Temp\cc8co29w.s 			page 25


 1095 00c7 06       		.uleb128 0x6
 1096 00c8 00       		.byte	0
 1097 00c9 00       		.byte	0
 1098 00ca 0D       		.uleb128 0xd
 1099 00cb 34       		.uleb128 0x34
 1100 00cc 00       		.byte	0
 1101 00cd 03       		.uleb128 0x3
 1102 00ce 0E       		.uleb128 0xe
 1103 00cf 3A       		.uleb128 0x3a
 1104 00d0 0B       		.uleb128 0xb
 1105 00d1 3B       		.uleb128 0x3b
 1106 00d2 0B       		.uleb128 0xb
 1107 00d3 49       		.uleb128 0x49
 1108 00d4 13       		.uleb128 0x13
 1109 00d5 02       		.uleb128 0x2
 1110 00d6 06       		.uleb128 0x6
 1111 00d7 00       		.byte	0
 1112 00d8 00       		.byte	0
 1113 00d9 0E       		.uleb128 0xe
 1114 00da 898201   		.uleb128 0x4109
 1115 00dd 01       		.byte	0x1
 1116 00de 11       		.uleb128 0x11
 1117 00df 01       		.uleb128 0x1
 1118 00e0 31       		.uleb128 0x31
 1119 00e1 13       		.uleb128 0x13
 1120 00e2 01       		.uleb128 0x1
 1121 00e3 13       		.uleb128 0x13
 1122 00e4 00       		.byte	0
 1123 00e5 00       		.byte	0
 1124 00e6 0F       		.uleb128 0xf
 1125 00e7 0F       		.uleb128 0xf
 1126 00e8 00       		.byte	0
 1127 00e9 0B       		.uleb128 0xb
 1128 00ea 0B       		.uleb128 0xb
 1129 00eb 49       		.uleb128 0x49
 1130 00ec 13       		.uleb128 0x13
 1131 00ed 00       		.byte	0
 1132 00ee 00       		.byte	0
 1133 00ef 10       		.uleb128 0x10
 1134 00f0 898201   		.uleb128 0x4109
 1135 00f3 00       		.byte	0
 1136 00f4 11       		.uleb128 0x11
 1137 00f5 01       		.uleb128 0x1
 1138 00f6 31       		.uleb128 0x31
 1139 00f7 13       		.uleb128 0x13
 1140 00f8 00       		.byte	0
 1141 00f9 00       		.byte	0
 1142 00fa 11       		.uleb128 0x11
 1143 00fb 34       		.uleb128 0x34
 1144 00fc 00       		.byte	0
 1145 00fd 03       		.uleb128 0x3
 1146 00fe 0E       		.uleb128 0xe
 1147 00ff 3A       		.uleb128 0x3a
 1148 0100 0B       		.uleb128 0xb
 1149 0101 3B       		.uleb128 0x3b
 1150 0102 0B       		.uleb128 0xb
 1151 0103 49       		.uleb128 0x49
ARM GAS  C:\Users\MICHA_~1\AppData\Local\Temp\cc8co29w.s 			page 26


 1152 0104 13       		.uleb128 0x13
 1153 0105 02       		.uleb128 0x2
 1154 0106 0A       		.uleb128 0xa
 1155 0107 00       		.byte	0
 1156 0108 00       		.byte	0
 1157 0109 12       		.uleb128 0x12
 1158 010a 2E       		.uleb128 0x2e
 1159 010b 01       		.byte	0x1
 1160 010c 3F       		.uleb128 0x3f
 1161 010d 0C       		.uleb128 0xc
 1162 010e 03       		.uleb128 0x3
 1163 010f 0E       		.uleb128 0xe
 1164 0110 3A       		.uleb128 0x3a
 1165 0111 0B       		.uleb128 0xb
 1166 0112 3B       		.uleb128 0x3b
 1167 0113 0B       		.uleb128 0xb
 1168 0114 27       		.uleb128 0x27
 1169 0115 0C       		.uleb128 0xc
 1170 0116 3C       		.uleb128 0x3c
 1171 0117 0C       		.uleb128 0xc
 1172 0118 01       		.uleb128 0x1
 1173 0119 13       		.uleb128 0x13
 1174 011a 00       		.byte	0
 1175 011b 00       		.byte	0
 1176 011c 13       		.uleb128 0x13
 1177 011d 05       		.uleb128 0x5
 1178 011e 00       		.byte	0
 1179 011f 49       		.uleb128 0x49
 1180 0120 13       		.uleb128 0x13
 1181 0121 00       		.byte	0
 1182 0122 00       		.byte	0
 1183 0123 14       		.uleb128 0x14
 1184 0124 2E       		.uleb128 0x2e
 1185 0125 00       		.byte	0
 1186 0126 3F       		.uleb128 0x3f
 1187 0127 0C       		.uleb128 0xc
 1188 0128 03       		.uleb128 0x3
 1189 0129 0E       		.uleb128 0xe
 1190 012a 3A       		.uleb128 0x3a
 1191 012b 0B       		.uleb128 0xb
 1192 012c 3B       		.uleb128 0x3b
 1193 012d 0B       		.uleb128 0xb
 1194 012e 27       		.uleb128 0x27
 1195 012f 0C       		.uleb128 0xc
 1196 0130 3C       		.uleb128 0x3c
 1197 0131 0C       		.uleb128 0xc
 1198 0132 00       		.byte	0
 1199 0133 00       		.byte	0
 1200 0134 15       		.uleb128 0x15
 1201 0135 26       		.uleb128 0x26
 1202 0136 00       		.byte	0
 1203 0137 49       		.uleb128 0x49
 1204 0138 13       		.uleb128 0x13
 1205 0139 00       		.byte	0
 1206 013a 00       		.byte	0
 1207 013b 16       		.uleb128 0x16
 1208 013c 2E       		.uleb128 0x2e
ARM GAS  C:\Users\MICHA_~1\AppData\Local\Temp\cc8co29w.s 			page 27


 1209 013d 01       		.byte	0x1
 1210 013e 3F       		.uleb128 0x3f
 1211 013f 0C       		.uleb128 0xc
 1212 0140 03       		.uleb128 0x3
 1213 0141 0E       		.uleb128 0xe
 1214 0142 3A       		.uleb128 0x3a
 1215 0143 0B       		.uleb128 0xb
 1216 0144 3B       		.uleb128 0x3b
 1217 0145 0B       		.uleb128 0xb
 1218 0146 27       		.uleb128 0x27
 1219 0147 0C       		.uleb128 0xc
 1220 0148 49       		.uleb128 0x49
 1221 0149 13       		.uleb128 0x13
 1222 014a 3C       		.uleb128 0x3c
 1223 014b 0C       		.uleb128 0xc
 1224 014c 01       		.uleb128 0x1
 1225 014d 13       		.uleb128 0x13
 1226 014e 00       		.byte	0
 1227 014f 00       		.byte	0
 1228 0150 17       		.uleb128 0x17
 1229 0151 2E       		.uleb128 0x2e
 1230 0152 00       		.byte	0
 1231 0153 3F       		.uleb128 0x3f
 1232 0154 0C       		.uleb128 0xc
 1233 0155 03       		.uleb128 0x3
 1234 0156 0E       		.uleb128 0xe
 1235 0157 3A       		.uleb128 0x3a
 1236 0158 0B       		.uleb128 0xb
 1237 0159 3B       		.uleb128 0x3b
 1238 015a 0B       		.uleb128 0xb
 1239 015b 27       		.uleb128 0x27
 1240 015c 0C       		.uleb128 0xc
 1241 015d 49       		.uleb128 0x49
 1242 015e 13       		.uleb128 0x13
 1243 015f 3C       		.uleb128 0x3c
 1244 0160 0C       		.uleb128 0xc
 1245 0161 00       		.byte	0
 1246 0162 00       		.byte	0
 1247 0163 18       		.uleb128 0x18
 1248 0164 2E       		.uleb128 0x2e
 1249 0165 01       		.byte	0x1
 1250 0166 3F       		.uleb128 0x3f
 1251 0167 0C       		.uleb128 0xc
 1252 0168 03       		.uleb128 0x3
 1253 0169 0E       		.uleb128 0xe
 1254 016a 3A       		.uleb128 0x3a
 1255 016b 0B       		.uleb128 0xb
 1256 016c 3B       		.uleb128 0x3b
 1257 016d 0B       		.uleb128 0xb
 1258 016e 27       		.uleb128 0x27
 1259 016f 0C       		.uleb128 0xc
 1260 0170 49       		.uleb128 0x49
 1261 0171 13       		.uleb128 0x13
 1262 0172 3C       		.uleb128 0x3c
 1263 0173 0C       		.uleb128 0xc
 1264 0174 00       		.byte	0
 1265 0175 00       		.byte	0
ARM GAS  C:\Users\MICHA_~1\AppData\Local\Temp\cc8co29w.s 			page 28


 1266 0176 00       		.byte	0
 1267              		.section	.debug_loc,"",%progbits
 1268              	.Ldebug_loc0:
 1269              	.LLST0:
 1270 0000 00000000 		.4byte	.LFB0
 1271 0004 02000000 		.4byte	.LCFI0
 1272 0008 0200     		.2byte	0x2
 1273 000a 7D       		.byte	0x7d
 1274 000b 00       		.sleb128 0
 1275 000c 02000000 		.4byte	.LCFI0
 1276 0010 18000000 		.4byte	.LFE0
 1277 0014 0200     		.2byte	0x2
 1278 0016 7D       		.byte	0x7d
 1279 0017 08       		.sleb128 8
 1280 0018 00000000 		.4byte	0
 1281 001c 00000000 		.4byte	0
 1282              	.LLST1:
 1283 0020 00000000 		.4byte	.LFB3
 1284 0024 02000000 		.4byte	.LCFI1
 1285 0028 0200     		.2byte	0x2
 1286 002a 7D       		.byte	0x7d
 1287 002b 00       		.sleb128 0
 1288 002c 02000000 		.4byte	.LCFI1
 1289 0030 54000000 		.4byte	.LFE3
 1290 0034 0200     		.2byte	0x2
 1291 0036 7D       		.byte	0x7d
 1292 0037 18       		.sleb128 24
 1293 0038 00000000 		.4byte	0
 1294 003c 00000000 		.4byte	0
 1295              	.LLST2:
 1296 0040 00000000 		.4byte	.LVL3
 1297 0044 08000000 		.4byte	.LVL4
 1298 0048 0100     		.2byte	0x1
 1299 004a 50       		.byte	0x50
 1300 004b 08000000 		.4byte	.LVL4
 1301 004f 1E000000 		.4byte	.LVL9
 1302 0053 0100     		.2byte	0x1
 1303 0055 57       		.byte	0x57
 1304 0056 1E000000 		.4byte	.LVL9
 1305 005a 54000000 		.4byte	.LFE3
 1306 005e 0400     		.2byte	0x4
 1307 0060 F3       		.byte	0xf3
 1308 0061 01       		.uleb128 0x1
 1309 0062 50       		.byte	0x50
 1310 0063 9F       		.byte	0x9f
 1311 0064 00000000 		.4byte	0
 1312 0068 00000000 		.4byte	0
 1313              	.LLST3:
 1314 006c 00000000 		.4byte	.LVL3
 1315 0070 0C000000 		.4byte	.LVL5
 1316 0074 0100     		.2byte	0x1
 1317 0076 51       		.byte	0x51
 1318 0077 0C000000 		.4byte	.LVL5
 1319 007b 54000000 		.4byte	.LFE3
 1320 007f 0400     		.2byte	0x4
 1321 0081 F3       		.byte	0xf3
 1322 0082 01       		.uleb128 0x1
ARM GAS  C:\Users\MICHA_~1\AppData\Local\Temp\cc8co29w.s 			page 29


 1323 0083 51       		.byte	0x51
 1324 0084 9F       		.byte	0x9f
 1325 0085 00000000 		.4byte	0
 1326 0089 00000000 		.4byte	0
 1327              	.LLST4:
 1328 008d 00000000 		.4byte	.LVL3
 1329 0091 0E000000 		.4byte	.LVL6
 1330 0095 0100     		.2byte	0x1
 1331 0097 52       		.byte	0x52
 1332 0098 0E000000 		.4byte	.LVL6
 1333 009c 54000000 		.4byte	.LFE3
 1334 00a0 0100     		.2byte	0x1
 1335 00a2 55       		.byte	0x55
 1336 00a3 00000000 		.4byte	0
 1337 00a7 00000000 		.4byte	0
 1338              	.LLST5:
 1339 00ab 00000000 		.4byte	.LVL3
 1340 00af 13000000 		.4byte	.LVL7-1
 1341 00b3 0100     		.2byte	0x1
 1342 00b5 53       		.byte	0x53
 1343 00b6 13000000 		.4byte	.LVL7-1
 1344 00ba 54000000 		.4byte	.LFE3
 1345 00be 0400     		.2byte	0x4
 1346 00c0 F3       		.byte	0xf3
 1347 00c1 01       		.uleb128 0x1
 1348 00c2 53       		.byte	0x53
 1349 00c3 9F       		.byte	0x9f
 1350 00c4 00000000 		.4byte	0
 1351 00c8 00000000 		.4byte	0
 1352              	.LLST6:
 1353 00cc 1C000000 		.4byte	.LVL8
 1354 00d0 1E000000 		.4byte	.LVL9
 1355 00d4 0200     		.2byte	0x2
 1356 00d6 30       		.byte	0x30
 1357 00d7 9F       		.byte	0x9f
 1358 00d8 1E000000 		.4byte	.LVL9
 1359 00dc 2E000000 		.4byte	.LVL11
 1360 00e0 0100     		.2byte	0x1
 1361 00e2 54       		.byte	0x54
 1362 00e3 2E000000 		.4byte	.LVL11
 1363 00e7 3C000000 		.4byte	.LVL13
 1364 00eb 0100     		.2byte	0x1
 1365 00ed 57       		.byte	0x57
 1366 00ee 00000000 		.4byte	0
 1367 00f2 00000000 		.4byte	0
 1368              	.LLST7:
 1369 00f6 46000000 		.4byte	.LVL15
 1370 00fa 4A000000 		.4byte	.LVL16
 1371 00fe 0200     		.2byte	0x2
 1372 0100 30       		.byte	0x30
 1373 0101 9F       		.byte	0x9f
 1374 0102 4C000000 		.4byte	.LVL17
 1375 0106 54000000 		.4byte	.LFE3
 1376 010a 0100     		.2byte	0x1
 1377 010c 50       		.byte	0x50
 1378 010d 00000000 		.4byte	0
 1379 0111 00000000 		.4byte	0
ARM GAS  C:\Users\MICHA_~1\AppData\Local\Temp\cc8co29w.s 			page 30


 1380              	.LLST8:
 1381 0115 00000000 		.4byte	.LFB4
 1382 0119 04000000 		.4byte	.LCFI2
 1383 011d 0200     		.2byte	0x2
 1384 011f 7D       		.byte	0x7d
 1385 0120 00       		.sleb128 0
 1386 0121 04000000 		.4byte	.LCFI2
 1387 0125 B0000000 		.4byte	.LFE4
 1388 0129 0200     		.2byte	0x2
 1389 012b 7D       		.byte	0x7d
 1390 012c 18       		.sleb128 24
 1391 012d 00000000 		.4byte	0
 1392 0131 00000000 		.4byte	0
 1393              	.LLST9:
 1394 0135 00000000 		.4byte	.LVL18
 1395 0139 18000000 		.4byte	.LVL22
 1396 013d 0100     		.2byte	0x1
 1397 013f 50       		.byte	0x50
 1398 0140 18000000 		.4byte	.LVL22
 1399 0144 4C000000 		.4byte	.LVL30
 1400 0148 0100     		.2byte	0x1
 1401 014a 58       		.byte	0x58
 1402 014b 4C000000 		.4byte	.LVL30
 1403 014f 4F000000 		.4byte	.LVL31-1
 1404 0153 0100     		.2byte	0x1
 1405 0155 50       		.byte	0x50
 1406 0156 4F000000 		.4byte	.LVL31-1
 1407 015a B0000000 		.4byte	.LFE4
 1408 015e 0100     		.2byte	0x1
 1409 0160 58       		.byte	0x58
 1410 0161 00000000 		.4byte	0
 1411 0165 00000000 		.4byte	0
 1412              	.LLST10:
 1413 0169 00000000 		.4byte	.LVL18
 1414 016d 14000000 		.4byte	.LVL21
 1415 0171 0100     		.2byte	0x1
 1416 0173 51       		.byte	0x51
 1417 0174 14000000 		.4byte	.LVL21
 1418 0178 18000000 		.4byte	.LVL22
 1419 017c 1600     		.2byte	0x16
 1420 017e 71       		.byte	0x71
 1421 017f 00       		.sleb128 0
 1422 0180 12       		.byte	0x12
 1423 0181 0A       		.byte	0xa
 1424 0182 FFFF     		.2byte	0xffff
 1425 0184 1A       		.byte	0x1a
 1426 0185 08       		.byte	0x8
 1427 0186 40       		.byte	0x40
 1428 0187 16       		.byte	0x16
 1429 0188 14       		.byte	0x14
 1430 0189 0A       		.byte	0xa
 1431 018a FFFF     		.2byte	0xffff
 1432 018c 1A       		.byte	0x1a
 1433 018d 2D       		.byte	0x2d
 1434 018e 28       		.byte	0x28
 1435 018f 0100     		.2byte	0x1
 1436 0191 16       		.byte	0x16
ARM GAS  C:\Users\MICHA_~1\AppData\Local\Temp\cc8co29w.s 			page 31


 1437 0192 13       		.byte	0x13
 1438 0193 9F       		.byte	0x9f
 1439 0194 18000000 		.4byte	.LVL22
 1440 0198 4C000000 		.4byte	.LVL30
 1441 019c 1600     		.2byte	0x16
 1442 019e 77       		.byte	0x77
 1443 019f 00       		.sleb128 0
 1444 01a0 12       		.byte	0x12
 1445 01a1 0A       		.byte	0xa
 1446 01a2 FFFF     		.2byte	0xffff
 1447 01a4 1A       		.byte	0x1a
 1448 01a5 08       		.byte	0x8
 1449 01a6 40       		.byte	0x40
 1450 01a7 16       		.byte	0x16
 1451 01a8 14       		.byte	0x14
 1452 01a9 0A       		.byte	0xa
 1453 01aa FFFF     		.2byte	0xffff
 1454 01ac 1A       		.byte	0x1a
 1455 01ad 2D       		.byte	0x2d
 1456 01ae 28       		.byte	0x28
 1457 01af 0100     		.2byte	0x1
 1458 01b1 16       		.byte	0x16
 1459 01b2 13       		.byte	0x13
 1460 01b3 9F       		.byte	0x9f
 1461 01b4 4C000000 		.4byte	.LVL30
 1462 01b8 4F000000 		.4byte	.LVL31-1
 1463 01bc 1600     		.2byte	0x16
 1464 01be 71       		.byte	0x71
 1465 01bf 00       		.sleb128 0
 1466 01c0 12       		.byte	0x12
 1467 01c1 0A       		.byte	0xa
 1468 01c2 FFFF     		.2byte	0xffff
 1469 01c4 1A       		.byte	0x1a
 1470 01c5 08       		.byte	0x8
 1471 01c6 40       		.byte	0x40
 1472 01c7 16       		.byte	0x16
 1473 01c8 14       		.byte	0x14
 1474 01c9 0A       		.byte	0xa
 1475 01ca FFFF     		.2byte	0xffff
 1476 01cc 1A       		.byte	0x1a
 1477 01cd 2D       		.byte	0x2d
 1478 01ce 28       		.byte	0x28
 1479 01cf 0100     		.2byte	0x1
 1480 01d1 16       		.byte	0x16
 1481 01d2 13       		.byte	0x13
 1482 01d3 9F       		.byte	0x9f
 1483 01d4 4F000000 		.4byte	.LVL31-1
 1484 01d8 B0000000 		.4byte	.LFE4
 1485 01dc 1600     		.2byte	0x16
 1486 01de 77       		.byte	0x77
 1487 01df 00       		.sleb128 0
 1488 01e0 12       		.byte	0x12
 1489 01e1 0A       		.byte	0xa
 1490 01e2 FFFF     		.2byte	0xffff
 1491 01e4 1A       		.byte	0x1a
 1492 01e5 08       		.byte	0x8
 1493 01e6 40       		.byte	0x40
ARM GAS  C:\Users\MICHA_~1\AppData\Local\Temp\cc8co29w.s 			page 32


 1494 01e7 16       		.byte	0x16
 1495 01e8 14       		.byte	0x14
 1496 01e9 0A       		.byte	0xa
 1497 01ea FFFF     		.2byte	0xffff
 1498 01ec 1A       		.byte	0x1a
 1499 01ed 2D       		.byte	0x2d
 1500 01ee 28       		.byte	0x28
 1501 01ef 0100     		.2byte	0x1
 1502 01f1 16       		.byte	0x16
 1503 01f2 13       		.byte	0x13
 1504 01f3 9F       		.byte	0x9f
 1505 01f4 00000000 		.4byte	0
 1506 01f8 00000000 		.4byte	0
 1507              	.LLST11:
 1508 01fc 00000000 		.4byte	.LVL18
 1509 0200 08000000 		.4byte	.LVL19
 1510 0204 0100     		.2byte	0x1
 1511 0206 52       		.byte	0x52
 1512 0207 08000000 		.4byte	.LVL19
 1513 020b B0000000 		.4byte	.LFE4
 1514 020f 0100     		.2byte	0x1
 1515 0211 55       		.byte	0x55
 1516 0212 00000000 		.4byte	0
 1517 0216 00000000 		.4byte	0
 1518              	.LLST12:
 1519 021a 00000000 		.4byte	.LVL18
 1520 021e 0A000000 		.4byte	.LVL20
 1521 0222 0100     		.2byte	0x1
 1522 0224 53       		.byte	0x53
 1523 0225 0A000000 		.4byte	.LVL20
 1524 0229 B0000000 		.4byte	.LFE4
 1525 022d 0400     		.2byte	0x4
 1526 022f F3       		.byte	0xf3
 1527 0230 01       		.uleb128 0x1
 1528 0231 53       		.byte	0x53
 1529 0232 9F       		.byte	0x9f
 1530 0233 00000000 		.4byte	0
 1531 0237 00000000 		.4byte	0
 1532              	.LLST13:
 1533 023b 9C000000 		.4byte	.LVL42
 1534 023f A2000000 		.4byte	.LVL43
 1535 0243 0200     		.2byte	0x2
 1536 0245 30       		.byte	0x30
 1537 0246 9F       		.byte	0x9f
 1538 0247 A6000000 		.4byte	.LVL44
 1539 024b A8000000 		.4byte	.LVL45
 1540 024f 0200     		.2byte	0x2
 1541 0251 40       		.byte	0x40
 1542 0252 9F       		.byte	0x9f
 1543 0253 A8000000 		.4byte	.LVL45
 1544 0257 B0000000 		.4byte	.LFE4
 1545 025b 0100     		.2byte	0x1
 1546 025d 50       		.byte	0x50
 1547 025e 00000000 		.4byte	0
 1548 0262 00000000 		.4byte	0
 1549              	.LLST14:
 1550 0266 14000000 		.4byte	.LVL21
ARM GAS  C:\Users\MICHA_~1\AppData\Local\Temp\cc8co29w.s 			page 33


 1551 026a 18000000 		.4byte	.LVL22
 1552 026e 0200     		.2byte	0x2
 1553 0270 30       		.byte	0x30
 1554 0271 9F       		.byte	0x9f
 1555 0272 18000000 		.4byte	.LVL22
 1556 0276 26000000 		.4byte	.LVL24
 1557 027a 0100     		.2byte	0x1
 1558 027c 54       		.byte	0x54
 1559 027d 26000000 		.4byte	.LVL24
 1560 0281 36000000 		.4byte	.LVL26
 1561 0285 0100     		.2byte	0x1
 1562 0287 56       		.byte	0x56
 1563 0288 36000000 		.4byte	.LVL26
 1564 028c 4C000000 		.4byte	.LVL30
 1565 0290 0100     		.2byte	0x1
 1566 0292 54       		.byte	0x54
 1567 0293 4C000000 		.4byte	.LVL30
 1568 0297 64000000 		.4byte	.LVL34
 1569 029b 0200     		.2byte	0x2
 1570 029d 30       		.byte	0x30
 1571 029e 9F       		.byte	0x9f
 1572 029f 64000000 		.4byte	.LVL34
 1573 02a3 6C000000 		.4byte	.LVL35
 1574 02a7 0100     		.2byte	0x1
 1575 02a9 54       		.byte	0x54
 1576 02aa 6C000000 		.4byte	.LVL35
 1577 02ae 76000000 		.4byte	.LVL37
 1578 02b2 0100     		.2byte	0x1
 1579 02b4 56       		.byte	0x56
 1580 02b5 76000000 		.4byte	.LVL37
 1581 02b9 84000000 		.4byte	.LVL39
 1582 02bd 0100     		.2byte	0x1
 1583 02bf 54       		.byte	0x54
 1584 02c0 00000000 		.4byte	0
 1585 02c4 00000000 		.4byte	0
 1586              		.section	.debug_aranges,"",%progbits
 1587 0000 3C000000 		.4byte	0x3c
 1588 0004 0200     		.2byte	0x2
 1589 0006 00000000 		.4byte	.Ldebug_info0
 1590 000a 04       		.byte	0x4
 1591 000b 00       		.byte	0
 1592 000c 0000     		.2byte	0
 1593 000e 0000     		.2byte	0
 1594 0010 00000000 		.4byte	.LFB0
 1595 0014 18000000 		.4byte	.LFE0-.LFB0
 1596 0018 00000000 		.4byte	.LFB1
 1597 001c 04000000 		.4byte	.LFE1-.LFB1
 1598 0020 00000000 		.4byte	.LFB2
 1599 0024 06000000 		.4byte	.LFE2-.LFB2
 1600 0028 00000000 		.4byte	.LFB3
 1601 002c 54000000 		.4byte	.LFE3-.LFB3
 1602 0030 00000000 		.4byte	.LFB4
 1603 0034 B0000000 		.4byte	.LFE4-.LFB4
 1604 0038 00000000 		.4byte	0
 1605 003c 00000000 		.4byte	0
 1606              		.section	.debug_ranges,"",%progbits
 1607              	.Ldebug_ranges0:
ARM GAS  C:\Users\MICHA_~1\AppData\Local\Temp\cc8co29w.s 			page 34


 1608 0000 00000000 		.4byte	.LFB0
 1609 0004 18000000 		.4byte	.LFE0
 1610 0008 00000000 		.4byte	.LFB1
 1611 000c 04000000 		.4byte	.LFE1
 1612 0010 00000000 		.4byte	.LFB2
 1613 0014 06000000 		.4byte	.LFE2
 1614 0018 00000000 		.4byte	.LFB3
 1615 001c 54000000 		.4byte	.LFE3
 1616 0020 00000000 		.4byte	.LFB4
 1617 0024 B0000000 		.4byte	.LFE4
 1618 0028 00000000 		.4byte	0
 1619 002c 00000000 		.4byte	0
 1620              		.section	.debug_line,"",%progbits
 1621              	.Ldebug_line0:
 1622 0000 47010000 		.section	.debug_str,"MS",%progbits,1
 1622      02005F00 
 1622      00000201 
 1622      FB0E0D00 
 1622      01010101 
 1623              	.LASF15:
 1624 0000 63797374 		.ascii	"cystatus\000"
 1624      61747573 
 1624      00
 1625              	.LASF25:
 1626 0009 73746174 		.ascii	"status\000"
 1626      757300
 1627              	.LASF22:
 1628 0010 636F756E 		.ascii	"count\000"
 1628      7400
 1629              	.LASF3:
 1630 0016 73686F72 		.ascii	"short unsigned int\000"
 1630      7420756E 
 1630      7369676E 
 1630      65642069 
 1630      6E7400
 1631              	.LASF19:
 1632 0029 55534246 		.ascii	"USBFS_CyBtldrCommReset\000"
 1632      535F4379 
 1632      42746C64 
 1632      72436F6D 
 1632      6D526573 
 1633              	.LASF30:
 1634 0040 55534246 		.ascii	"USBFS_Start\000"
 1634      535F5374 
 1634      61727400 
 1635              	.LASF20:
 1636 004c 70446174 		.ascii	"pData\000"
 1636      6100
 1637              	.LASF17:
 1638 0052 55534246 		.ascii	"USBFS_CyBtldrCommStart\000"
 1638      535F4379 
 1638      42746C64 
 1638      72436F6D 
 1638      6D537461 
 1639              	.LASF12:
 1640 0069 666C6F61 		.ascii	"float\000"
 1640      7400
ARM GAS  C:\Users\MICHA_~1\AppData\Local\Temp\cc8co29w.s 			page 35


 1641              	.LASF40:
 1642 006f 55534246 		.ascii	"USBFS_Stop\000"
 1642      535F5374 
 1642      6F7000
 1643              	.LASF21:
 1644 007a 73697A65 		.ascii	"size\000"
 1644      00
 1645              	.LASF5:
 1646 007f 6C6F6E67 		.ascii	"long unsigned int\000"
 1646      20756E73 
 1646      69676E65 
 1646      6420696E 
 1646      7400
 1647              	.LASF39:
 1648 0091 573A5C53 		.ascii	"W:\\SCSI2SD\\software\\SCSI2SD\\USB_Bootloader.cyds"
 1648      43534932 
 1648      53445C73 
 1648      6F667477 
 1648      6172655C 
 1649 00c0 6E00     		.ascii	"n\000"
 1650              	.LASF9:
 1651 00c2 75696E74 		.ascii	"uint8\000"
 1651      3800
 1652              	.LASF1:
 1653 00c8 756E7369 		.ascii	"unsigned char\000"
 1653      676E6564 
 1653      20636861 
 1653      7200
 1654              	.LASF13:
 1655 00d6 646F7562 		.ascii	"double\000"
 1655      6C6500
 1656              	.LASF36:
 1657 00dd 55534246 		.ascii	"USBFS_ReadOutEP\000"
 1657      535F5265 
 1657      61644F75 
 1657      74455000 
 1658              	.LASF26:
 1659 00ed 55534246 		.ascii	"USBFS_CyBtldrCommWrite\000"
 1659      535F4379 
 1659      42746C64 
 1659      72436F6D 
 1659      6D577269 
 1660              	.LASF10:
 1661 0104 75696E74 		.ascii	"uint16\000"
 1661      313600
 1662              	.LASF11:
 1663 010b 75696E74 		.ascii	"uint32\000"
 1663      333200
 1664              	.LASF34:
 1665 0112 55534246 		.ascii	"USBFS_GetConfiguration\000"
 1665      535F4765 
 1665      74436F6E 
 1665      66696775 
 1665      72617469 
 1666              	.LASF8:
 1667 0129 756E7369 		.ascii	"unsigned int\000"
 1667      676E6564 
ARM GAS  C:\Users\MICHA_~1\AppData\Local\Temp\cc8co29w.s 			page 36


 1667      20696E74 
 1667      00
 1668              	.LASF7:
 1669 0136 6C6F6E67 		.ascii	"long long unsigned int\000"
 1669      206C6F6E 
 1669      6720756E 
 1669      7369676E 
 1669      65642069 
 1670              	.LASF31:
 1671 014d 55534246 		.ascii	"USBFS_EnableOutEP\000"
 1671      535F456E 
 1671      61626C65 
 1671      4F757445 
 1671      5000
 1672              	.LASF27:
 1673 015f 55534246 		.ascii	"USBFS_CyBtldrCommRead\000"
 1673      535F4379 
 1673      42746C64 
 1673      72436F6D 
 1673      6D526561 
 1674              	.LASF23:
 1675 0175 74696D65 		.ascii	"timeOut\000"
 1675      4F757400 
 1676              	.LASF24:
 1677 017d 74696D65 		.ascii	"time\000"
 1677      00
 1678              	.LASF16:
 1679 0182 73697A65 		.ascii	"sizetype\000"
 1679      74797065 
 1679      00
 1680              	.LASF6:
 1681 018b 6C6F6E67 		.ascii	"long long int\000"
 1681      206C6F6E 
 1681      6720696E 
 1681      7400
 1682              	.LASF14:
 1683 0199 63686172 		.ascii	"char\000"
 1683      00
 1684              	.LASF32:
 1685 019e 55534246 		.ascii	"USBFS_LoadInEP\000"
 1685      535F4C6F 
 1685      6164496E 
 1685      455000
 1686              	.LASF2:
 1687 01ad 73686F72 		.ascii	"short int\000"
 1687      7420696E 
 1687      7400
 1688              	.LASF37:
 1689 01b7 474E5520 		.ascii	"GNU C 4.7.3 20130312 (release) [ARM/embedded-4_7-br"
 1689      4320342E 
 1689      372E3320 
 1689      32303133 
 1689      30333132 
 1690 01ea 616E6368 		.ascii	"anch revision 196615]\000"
 1690      20726576 
 1690      6973696F 
 1690      6E203139 
ARM GAS  C:\Users\MICHA_~1\AppData\Local\Temp\cc8co29w.s 			page 37


 1690      36363135 
 1691              	.LASF41:
 1692 0200 55534246 		.ascii	"USBFS_GetEPState\000"
 1692      535F4765 
 1692      74455053 
 1692      74617465 
 1692      00
 1693              	.LASF4:
 1694 0211 6C6F6E67 		.ascii	"long int\000"
 1694      20696E74 
 1694      00
 1695              	.LASF18:
 1696 021a 55534246 		.ascii	"USBFS_CyBtldrCommStop\000"
 1696      535F4379 
 1696      42746C64 
 1696      72436F6D 
 1696      6D53746F 
 1697              	.LASF0:
 1698 0230 7369676E 		.ascii	"signed char\000"
 1698      65642063 
 1698      68617200 
 1699              	.LASF29:
 1700 023c 55534246 		.ascii	"USBFS_started\000"
 1700      535F7374 
 1700      61727465 
 1700      6400
 1701              	.LASF28:
 1702 024a 55534246 		.ascii	"USBFS_universalTime\000"
 1702      535F756E 
 1702      69766572 
 1702      73616C54 
 1702      696D6500 
 1703              	.LASF33:
 1704 025e 43794465 		.ascii	"CyDelay\000"
 1704      6C617900 
 1705              	.LASF38:
 1706 0266 2E5C4765 		.ascii	".\\Generated_Source\\PSoC5\\USBFS_boot.c\000"
 1706      6E657261 
 1706      7465645F 
 1706      536F7572 
 1706      63655C50 
 1707              	.LASF35:
 1708 028c 55534246 		.ascii	"USBFS_IsConfigurationChanged\000"
 1708      535F4973 
 1708      436F6E66 
 1708      69677572 
 1708      6174696F 
 1709              		.ident	"GCC: (GNU Tools for ARM Embedded Processors) 4.7.3 20130312 (release) [ARM/embedded-4_7-br
