ARM GAS  C:\Users\MICHA_~1\AppData\Local\Temp\ccHIenTb.s 			page 1


   1              		.syntax unified
   2              		.cpu cortex-m3
   3              		.fpu softvfp
   4              		.eabi_attribute 20, 1
   5              		.eabi_attribute 21, 1
   6              		.eabi_attribute 23, 3
   7              		.eabi_attribute 24, 1
   8              		.eabi_attribute 25, 1
   9              		.eabi_attribute 26, 1
  10              		.eabi_attribute 30, 4
  11              		.eabi_attribute 34, 1
  12              		.eabi_attribute 18, 4
  13              		.thumb
  14              		.file	"USBFS_descr.c"
  15              		.text
  16              	.Ltext0:
  17              		.cfi_sections	.debug_frame
  18              		.global	USBFS_TABLE
  19              		.global	USBFS_DEVICE0_TABLE
  20              		.global	USBFS_DEVICE0_CONFIGURATION0_TABLE
  21              		.global	USBFS_DEVICE0_CONFIGURATION0_INTERFACE_CLASS
  22              		.global	USBFS_DEVICE0_CONFIGURATION0_EP_SETTINGS_TABLE
  23              		.global	USBFS_DEVICE0_CONFIGURATION0_INTERFACE0_TABLE
  24              		.global	USBFS_DEVICE0_CONFIGURATION0_INTERFACE0_ALTERNATE0_HID_TABLE
  25              		.global	USBFS_DEVICE0_CONFIGURATION0_INTERFACE0_ALTERNATE0_HID_OUT_RPT_TABLE
  26              		.comm	USBFS_DEVICE0_CONFIGURATION0_INTERFACE0_ALTERNATE0_HID_OUT_BUF,65,1
  27              		.comm	USBFS_DEVICE0_CONFIGURATION0_INTERFACE0_ALTERNATE0_HID_OUT_RPT_SCB,4,2
  28              		.global	USBFS_DEVICE0_CONFIGURATION0_INTERFACE0_ALTERNATE0_HID_IN_RPT_TABLE
  29              		.comm	USBFS_DEVICE0_CONFIGURATION0_INTERFACE0_ALTERNATE0_HID_IN_BUF,65,1
  30              		.comm	USBFS_DEVICE0_CONFIGURATION0_INTERFACE0_ALTERNATE0_HID_IN_RPT_SCB,4,2
  31              		.global	USBFS_HIDREPORT_DESCRIPTOR1
  32              		.global	USBFS_SN_STRING_DESCRIPTOR
  33              		.global	USBFS_STRING_DESCRIPTORS
  34              		.global	USBFS_DEVICE0_CONFIGURATION0_DESCR
  35              		.global	USBFS_DEVICE0_DESCR
  36              		.section	.rodata
  37              		.align	2
  38              		.type	USBFS_TABLE, %object
  39              		.size	USBFS_TABLE, 8
  40              	USBFS_TABLE:
  41 0000 01       		.byte	1
  42 0001 000000   		.space	3
  43 0004 00000000 		.word	USBFS_DEVICE0_TABLE
  44              		.type	USBFS_DEVICE0_TABLE, %object
  45              		.size	USBFS_DEVICE0_TABLE, 16
  46              	USBFS_DEVICE0_TABLE:
  47 0008 01       		.byte	1
  48 0009 000000   		.space	3
  49 000c 00000000 		.word	USBFS_DEVICE0_DESCR
  50 0010 01       		.byte	1
  51 0011 000000   		.space	3
  52 0014 00000000 		.word	USBFS_DEVICE0_CONFIGURATION0_TABLE
  53              		.type	USBFS_DEVICE0_CONFIGURATION0_TABLE, %object
  54              		.size	USBFS_DEVICE0_CONFIGURATION0_TABLE, 32
  55              	USBFS_DEVICE0_CONFIGURATION0_TABLE:
  56 0018 01       		.byte	1
  57 0019 000000   		.space	3
ARM GAS  C:\Users\MICHA_~1\AppData\Local\Temp\ccHIenTb.s 			page 2


  58 001c 00000000 		.word	USBFS_DEVICE0_CONFIGURATION0_DESCR
  59 0020 02       		.byte	2
  60 0021 000000   		.space	3
  61 0024 00000000 		.word	USBFS_DEVICE0_CONFIGURATION0_EP_SETTINGS_TABLE
  62 0028 01       		.byte	1
  63 0029 000000   		.space	3
  64 002c 00000000 		.word	USBFS_DEVICE0_CONFIGURATION0_INTERFACE0_TABLE
  65 0030 00       		.byte	0
  66 0031 000000   		.space	3
  67 0034 00000000 		.word	USBFS_DEVICE0_CONFIGURATION0_INTERFACE_CLASS
  68              		.type	USBFS_DEVICE0_CONFIGURATION0_INTERFACE_CLASS, %object
  69              		.size	USBFS_DEVICE0_CONFIGURATION0_INTERFACE_CLASS, 1
  70              	USBFS_DEVICE0_CONFIGURATION0_INTERFACE_CLASS:
  71 0038 03       		.byte	3
  72 0039 00       		.space	1
  73              		.type	USBFS_DEVICE0_CONFIGURATION0_EP_SETTINGS_TABLE, %object
  74              		.size	USBFS_DEVICE0_CONFIGURATION0_EP_SETTINGS_TABLE, 16
  75              	USBFS_DEVICE0_CONFIGURATION0_EP_SETTINGS_TABLE:
  76 003a 00       		.byte	0
  77 003b 00       		.byte	0
  78 003c 01       		.byte	1
  79 003d 03       		.byte	3
  80 003e 4000     		.short	64
  81 0040 03       		.byte	3
  82 0041 00       		.space	1
  83 0042 00       		.byte	0
  84 0043 00       		.byte	0
  85 0044 82       		.byte	-126
  86 0045 03       		.byte	3
  87 0046 4000     		.short	64
  88 0048 03       		.byte	3
  89 0049 00       		.space	1
  90 004a 0000     		.space	2
  91              		.type	USBFS_DEVICE0_CONFIGURATION0_INTERFACE0_TABLE, %object
  92              		.size	USBFS_DEVICE0_CONFIGURATION0_INTERFACE0_TABLE, 8
  93              	USBFS_DEVICE0_CONFIGURATION0_INTERFACE0_TABLE:
  94 004c 01       		.byte	1
  95 004d 000000   		.space	3
  96 0050 00000000 		.word	USBFS_DEVICE0_CONFIGURATION0_INTERFACE0_ALTERNATE0_HID_TABLE
  97              		.type	USBFS_DEVICE0_CONFIGURATION0_INTERFACE0_ALTERNATE0_HID_TABLE, %object
  98              		.size	USBFS_DEVICE0_CONFIGURATION0_INTERFACE0_ALTERNATE0_HID_TABLE, 40
  99              	USBFS_DEVICE0_CONFIGURATION0_INTERFACE0_ALTERNATE0_HID_TABLE:
 100 0054 00       		.byte	0
 101 0055 000000   		.space	3
 102 0058 00000000 		.word	USBFS_DEVICE0_CONFIGURATION0_INTERFACE0_ALTERNATE0_HID_IN_RPT_TABLE
 103 005c 00       		.byte	0
 104 005d 000000   		.space	3
 105 0060 00000000 		.word	USBFS_DEVICE0_CONFIGURATION0_INTERFACE0_ALTERNATE0_HID_OUT_RPT_TABLE
 106 0064 00       		.byte	0
 107 0065 000000   		.space	3
 108 0068 00000000 		.word	0
 109 006c 01       		.byte	1
 110 006d 000000   		.space	3
 111 0070 00000000 		.word	USBFS_HIDREPORT_DESCRIPTOR1
 112 0074 01       		.byte	1
 113 0075 000000   		.space	3
 114 0078 12000000 		.word	USBFS_DEVICE0_CONFIGURATION0_DESCR+18
ARM GAS  C:\Users\MICHA_~1\AppData\Local\Temp\ccHIenTb.s 			page 3


 115              		.type	USBFS_DEVICE0_CONFIGURATION0_INTERFACE0_ALTERNATE0_HID_OUT_RPT_TABLE, %object
 116              		.size	USBFS_DEVICE0_CONFIGURATION0_INTERFACE0_ALTERNATE0_HID_OUT_RPT_TABLE, 12
 117              	USBFS_DEVICE0_CONFIGURATION0_INTERFACE0_ALTERNATE0_HID_OUT_RPT_TABLE:
 118 007c 4100     		.short	65
 119 007e 0000     		.space	2
 120 0080 00000000 		.word	USBFS_DEVICE0_CONFIGURATION0_INTERFACE0_ALTERNATE0_HID_OUT_BUF
 121 0084 00000000 		.word	USBFS_DEVICE0_CONFIGURATION0_INTERFACE0_ALTERNATE0_HID_OUT_RPT_SCB
 122              		.type	USBFS_DEVICE0_CONFIGURATION0_INTERFACE0_ALTERNATE0_HID_IN_RPT_TABLE, %object
 123              		.size	USBFS_DEVICE0_CONFIGURATION0_INTERFACE0_ALTERNATE0_HID_IN_RPT_TABLE, 12
 124              	USBFS_DEVICE0_CONFIGURATION0_INTERFACE0_ALTERNATE0_HID_IN_RPT_TABLE:
 125 0088 4100     		.short	65
 126 008a 0000     		.space	2
 127 008c 00000000 		.word	USBFS_DEVICE0_CONFIGURATION0_INTERFACE0_ALTERNATE0_HID_IN_BUF
 128 0090 00000000 		.word	USBFS_DEVICE0_CONFIGURATION0_INTERFACE0_ALTERNATE0_HID_IN_RPT_SCB
 129              		.type	USBFS_HIDREPORT_DESCRIPTOR1, %object
 130              		.size	USBFS_HIDREPORT_DESCRIPTOR1, 40
 131              	USBFS_HIDREPORT_DESCRIPTOR1:
 132 0094 24       		.byte	36
 133 0095 00       		.byte	0
 134 0096 05       		.byte	5
 135 0097 01       		.byte	1
 136 0098 09       		.byte	9
 137 0099 00       		.byte	0
 138 009a A1       		.byte	-95
 139 009b 00       		.byte	0
 140 009c 09       		.byte	9
 141 009d 00       		.byte	0
 142 009e A1       		.byte	-95
 143 009f 00       		.byte	0
 144 00a0 09       		.byte	9
 145 00a1 00       		.byte	0
 146 00a2 15       		.byte	21
 147 00a3 00       		.byte	0
 148 00a4 25       		.byte	37
 149 00a5 FF       		.byte	-1
 150 00a6 75       		.byte	117
 151 00a7 08       		.byte	8
 152 00a8 95       		.byte	-107
 153 00a9 40       		.byte	64
 154 00aa 91       		.byte	-111
 155 00ab 02       		.byte	2
 156 00ac 09       		.byte	9
 157 00ad 00       		.byte	0
 158 00ae 15       		.byte	21
 159 00af 00       		.byte	0
 160 00b0 25       		.byte	37
 161 00b1 FF       		.byte	-1
 162 00b2 75       		.byte	117
 163 00b3 08       		.byte	8
 164 00b4 95       		.byte	-107
 165 00b5 40       		.byte	64
 166 00b6 81       		.byte	-127
 167 00b7 02       		.byte	2
 168 00b8 C0       		.byte	-64
 169 00b9 C0       		.byte	-64
 170 00ba 00       		.byte	0
 171 00bb 00       		.byte	0
ARM GAS  C:\Users\MICHA_~1\AppData\Local\Temp\ccHIenTb.s 			page 4


 172              		.type	USBFS_SN_STRING_DESCRIPTOR, %object
 173              		.size	USBFS_SN_STRING_DESCRIPTOR, 10
 174              	USBFS_SN_STRING_DESCRIPTOR:
 175 00bc 0A       		.byte	10
 176 00bd 03       		.byte	3
 177 00be 30       		.byte	48
 178 00bf 00       		.byte	0
 179 00c0 30       		.byte	48
 180 00c1 00       		.byte	0
 181 00c2 30       		.byte	48
 182 00c3 00       		.byte	0
 183 00c4 31       		.byte	49
 184 00c5 00       		.byte	0
 185              		.type	USBFS_STRING_DESCRIPTORS, %object
 186              		.size	USBFS_STRING_DESCRIPTORS, 83
 187              	USBFS_STRING_DESCRIPTORS:
 188 00c6 04       		.byte	4
 189 00c7 03       		.byte	3
 190 00c8 09       		.byte	9
 191 00c9 04       		.byte	4
 192 00ca 2C       		.byte	44
 193 00cb 03       		.byte	3
 194 00cc 43       		.byte	67
 195 00cd 00       		.byte	0
 196 00ce 79       		.byte	121
 197 00cf 00       		.byte	0
 198 00d0 70       		.byte	112
 199 00d1 00       		.byte	0
 200 00d2 72       		.byte	114
 201 00d3 00       		.byte	0
 202 00d4 65       		.byte	101
 203 00d5 00       		.byte	0
 204 00d6 73       		.byte	115
 205 00d7 00       		.byte	0
 206 00d8 73       		.byte	115
 207 00d9 00       		.byte	0
 208 00da 20       		.byte	32
 209 00db 00       		.byte	0
 210 00dc 53       		.byte	83
 211 00dd 00       		.byte	0
 212 00de 65       		.byte	101
 213 00df 00       		.byte	0
 214 00e0 6D       		.byte	109
 215 00e1 00       		.byte	0
 216 00e2 69       		.byte	105
 217 00e3 00       		.byte	0
 218 00e4 63       		.byte	99
 219 00e5 00       		.byte	0
 220 00e6 6F       		.byte	111
 221 00e7 00       		.byte	0
 222 00e8 6E       		.byte	110
 223 00e9 00       		.byte	0
 224 00ea 64       		.byte	100
 225 00eb 00       		.byte	0
 226 00ec 75       		.byte	117
 227 00ed 00       		.byte	0
 228 00ee 63       		.byte	99
ARM GAS  C:\Users\MICHA_~1\AppData\Local\Temp\ccHIenTb.s 			page 5


 229 00ef 00       		.byte	0
 230 00f0 74       		.byte	116
 231 00f1 00       		.byte	0
 232 00f2 6F       		.byte	111
 233 00f3 00       		.byte	0
 234 00f4 72       		.byte	114
 235 00f5 00       		.byte	0
 236 00f6 22       		.byte	34
 237 00f7 03       		.byte	3
 238 00f8 50       		.byte	80
 239 00f9 00       		.byte	0
 240 00fa 53       		.byte	83
 241 00fb 00       		.byte	0
 242 00fc 6F       		.byte	111
 243 00fd 00       		.byte	0
 244 00fe 43       		.byte	67
 245 00ff 00       		.byte	0
 246 0100 33       		.byte	51
 247 0101 00       		.byte	0
 248 0102 20       		.byte	32
 249 0103 00       		.byte	0
 250 0104 42       		.byte	66
 251 0105 00       		.byte	0
 252 0106 6F       		.byte	111
 253 0107 00       		.byte	0
 254 0108 6F       		.byte	111
 255 0109 00       		.byte	0
 256 010a 74       		.byte	116
 257 010b 00       		.byte	0
 258 010c 6C       		.byte	108
 259 010d 00       		.byte	0
 260 010e 6F       		.byte	111
 261 010f 00       		.byte	0
 262 0110 61       		.byte	97
 263 0111 00       		.byte	0
 264 0112 64       		.byte	100
 265 0113 00       		.byte	0
 266 0114 65       		.byte	101
 267 0115 00       		.byte	0
 268 0116 72       		.byte	114
 269 0117 00       		.byte	0
 270 0118 00       		.byte	0
 271              		.type	USBFS_DEVICE0_CONFIGURATION0_DESCR, %object
 272              		.size	USBFS_DEVICE0_CONFIGURATION0_DESCR, 41
 273              	USBFS_DEVICE0_CONFIGURATION0_DESCR:
 274 0119 09       		.byte	9
 275 011a 02       		.byte	2
 276 011b 29       		.byte	41
 277 011c 00       		.byte	0
 278 011d 01       		.byte	1
 279 011e 01       		.byte	1
 280 011f 00       		.byte	0
 281 0120 80       		.byte	-128
 282 0121 00       		.byte	0
 283 0122 09       		.byte	9
 284 0123 04       		.byte	4
 285 0124 00       		.byte	0
ARM GAS  C:\Users\MICHA_~1\AppData\Local\Temp\ccHIenTb.s 			page 6


 286 0125 00       		.byte	0
 287 0126 02       		.byte	2
 288 0127 03       		.byte	3
 289 0128 00       		.byte	0
 290 0129 00       		.byte	0
 291 012a 02       		.byte	2
 292 012b 09       		.byte	9
 293 012c 21       		.byte	33
 294 012d 11       		.byte	17
 295 012e 01       		.byte	1
 296 012f 00       		.byte	0
 297 0130 01       		.byte	1
 298 0131 22       		.byte	34
 299 0132 24       		.byte	36
 300 0133 00       		.byte	0
 301 0134 07       		.byte	7
 302 0135 05       		.byte	5
 303 0136 01       		.byte	1
 304 0137 03       		.byte	3
 305 0138 40       		.byte	64
 306 0139 00       		.byte	0
 307 013a 01       		.byte	1
 308 013b 07       		.byte	7
 309 013c 05       		.byte	5
 310 013d 82       		.byte	-126
 311 013e 03       		.byte	3
 312 013f 40       		.byte	64
 313 0140 00       		.byte	0
 314 0141 01       		.byte	1
 315              		.type	USBFS_DEVICE0_DESCR, %object
 316              		.size	USBFS_DEVICE0_DESCR, 18
 317              	USBFS_DEVICE0_DESCR:
 318 0142 12       		.byte	18
 319 0143 01       		.byte	1
 320 0144 00       		.byte	0
 321 0145 02       		.byte	2
 322 0146 00       		.byte	0
 323 0147 00       		.byte	0
 324 0148 00       		.byte	0
 325 0149 08       		.byte	8
 326 014a B4       		.byte	-76
 327 014b 04       		.byte	4
 328 014c 1D       		.byte	29
 329 014d B7       		.byte	-73
 330 014e 01       		.byte	1
 331 014f 30       		.byte	48
 332 0150 01       		.byte	1
 333 0151 02       		.byte	2
 334 0152 80       		.byte	-128
 335 0153 01       		.byte	1
 336              		.text
 337              	.Letext0:
 338              		.file 1 ".\\Generated_Source\\PSoC5\\cytypes.h"
 339              		.file 2 ".\\Generated_Source\\PSoC5\\USBFS.h"
 340              		.file 3 ".\\Generated_Source\\PSoC5\\USBFS_descr.c"
 341              		.section	.debug_info,"",%progbits
 342              	.Ldebug_info0:
ARM GAS  C:\Users\MICHA_~1\AppData\Local\Temp\ccHIenTb.s 			page 7


 343 0000 0B040000 		.4byte	0x40b
 344 0004 0200     		.2byte	0x2
 345 0006 00000000 		.4byte	.Ldebug_abbrev0
 346 000a 04       		.byte	0x4
 347 000b 01       		.uleb128 0x1
 348 000c 9C040000 		.4byte	.LASF49
 349 0010 01       		.byte	0x1
 350 0011 FC030000 		.4byte	.LASF50
 351 0015 45020000 		.4byte	.LASF51
 352 0019 00000000 		.4byte	.Ldebug_line0
 353 001d 02       		.uleb128 0x2
 354 001e 01       		.byte	0x1
 355 001f 06       		.byte	0x6
 356 0020 FF040000 		.4byte	.LASF0
 357 0024 02       		.uleb128 0x2
 358 0025 01       		.byte	0x1
 359 0026 08       		.byte	0x8
 360 0027 C6030000 		.4byte	.LASF1
 361 002b 02       		.uleb128 0x2
 362 002c 02       		.byte	0x2
 363 002d 05       		.byte	0x5
 364 002e 2E040000 		.4byte	.LASF2
 365 0032 02       		.uleb128 0x2
 366 0033 02       		.byte	0x2
 367 0034 07       		.byte	0x7
 368 0035 17010000 		.4byte	.LASF3
 369 0039 02       		.uleb128 0x2
 370 003a 04       		.byte	0x4
 371 003b 05       		.byte	0x5
 372 003c EF040000 		.4byte	.LASF4
 373 0040 02       		.uleb128 0x2
 374 0041 04       		.byte	0x4
 375 0042 07       		.byte	0x7
 376 0043 6F030000 		.4byte	.LASF5
 377 0047 02       		.uleb128 0x2
 378 0048 08       		.byte	0x8
 379 0049 05       		.byte	0x5
 380 004a DD030000 		.4byte	.LASF6
 381 004e 02       		.uleb128 0x2
 382 004f 08       		.byte	0x8
 383 0050 07       		.byte	0x7
 384 0051 8E030000 		.4byte	.LASF7
 385 0055 03       		.uleb128 0x3
 386 0056 04       		.byte	0x4
 387 0057 05       		.byte	0x5
 388 0058 696E7400 		.ascii	"int\000"
 389 005c 02       		.uleb128 0x2
 390 005d 04       		.byte	0x4
 391 005e 07       		.byte	0x7
 392 005f 81030000 		.4byte	.LASF8
 393 0063 04       		.uleb128 0x4
 394 0064 96040000 		.4byte	.LASF9
 395 0068 01       		.byte	0x1
 396 0069 5B       		.byte	0x5b
 397 006a 24000000 		.4byte	0x24
 398 006e 04       		.uleb128 0x4
 399 006f 16030000 		.4byte	.LASF10
ARM GAS  C:\Users\MICHA_~1\AppData\Local\Temp\ccHIenTb.s 			page 8


 400 0073 01       		.byte	0x1
 401 0074 5C       		.byte	0x5c
 402 0075 32000000 		.4byte	0x32
 403 0079 02       		.uleb128 0x2
 404 007a 04       		.byte	0x4
 405 007b 04       		.byte	0x4
 406 007c 9F010000 		.4byte	.LASF11
 407 0080 02       		.uleb128 0x2
 408 0081 08       		.byte	0x8
 409 0082 04       		.byte	0x4
 410 0083 0F030000 		.4byte	.LASF12
 411 0087 02       		.uleb128 0x2
 412 0088 01       		.byte	0x1
 413 0089 08       		.byte	0x8
 414 008a F7030000 		.4byte	.LASF13
 415 008e 05       		.uleb128 0x5
 416 008f 63000000 		.4byte	0x63
 417 0093 02       		.uleb128 0x2
 418 0094 04       		.byte	0x4
 419 0095 07       		.byte	0x7
 420 0096 D4030000 		.4byte	.LASF14
 421 009a 06       		.uleb128 0x6
 422 009b 08       		.byte	0x8
 423 009c 02       		.byte	0x2
 424 009d 86       		.byte	0x86
 425 009e F7000000 		.4byte	0xf7
 426 00a2 07       		.uleb128 0x7
 427 00a3 E5040000 		.4byte	.LASF15
 428 00a7 02       		.byte	0x2
 429 00a8 88       		.byte	0x88
 430 00a9 63000000 		.4byte	0x63
 431 00ad 02       		.byte	0x2
 432 00ae 23       		.byte	0x23
 433 00af 00       		.uleb128 0
 434 00b0 07       		.uleb128 0x7
 435 00b1 89010000 		.4byte	.LASF16
 436 00b5 02       		.byte	0x2
 437 00b6 89       		.byte	0x89
 438 00b7 63000000 		.4byte	0x63
 439 00bb 02       		.byte	0x2
 440 00bc 23       		.byte	0x23
 441 00bd 01       		.uleb128 0x1
 442 00be 07       		.uleb128 0x7
 443 00bf 76020000 		.4byte	.LASF17
 444 00c3 02       		.byte	0x2
 445 00c4 8A       		.byte	0x8a
 446 00c5 63000000 		.4byte	0x63
 447 00c9 02       		.byte	0x2
 448 00ca 23       		.byte	0x23
 449 00cb 02       		.uleb128 0x2
 450 00cc 07       		.uleb128 0x7
 451 00cd FD010000 		.4byte	.LASF18
 452 00d1 02       		.byte	0x2
 453 00d2 8B       		.byte	0x8b
 454 00d3 63000000 		.4byte	0x63
 455 00d7 02       		.byte	0x2
 456 00d8 23       		.byte	0x23
ARM GAS  C:\Users\MICHA_~1\AppData\Local\Temp\ccHIenTb.s 			page 9


 457 00d9 03       		.uleb128 0x3
 458 00da 07       		.uleb128 0x7
 459 00db 23040000 		.4byte	.LASF19
 460 00df 02       		.byte	0x2
 461 00e0 8C       		.byte	0x8c
 462 00e1 6E000000 		.4byte	0x6e
 463 00e5 02       		.byte	0x2
 464 00e6 23       		.byte	0x23
 465 00e7 04       		.uleb128 0x4
 466 00e8 07       		.uleb128 0x7
 467 00e9 12050000 		.4byte	.LASF20
 468 00ed 02       		.byte	0x2
 469 00ee 8D       		.byte	0x8d
 470 00ef 63000000 		.4byte	0x63
 471 00f3 02       		.byte	0x2
 472 00f4 23       		.byte	0x23
 473 00f5 06       		.uleb128 0x6
 474 00f6 00       		.byte	0
 475 00f7 04       		.uleb128 0x4
 476 00f8 AC030000 		.4byte	.LASF21
 477 00fc 02       		.byte	0x2
 478 00fd 8E       		.byte	0x8e
 479 00fe 9A000000 		.4byte	0x9a
 480 0102 06       		.uleb128 0x6
 481 0103 04       		.byte	0x4
 482 0104 02       		.byte	0x2
 483 0105 90       		.byte	0x90
 484 0106 27010000 		.4byte	0x127
 485 010a 07       		.uleb128 0x7
 486 010b F8040000 		.4byte	.LASF22
 487 010f 02       		.byte	0x2
 488 0110 92       		.byte	0x92
 489 0111 63000000 		.4byte	0x63
 490 0115 02       		.byte	0x2
 491 0116 23       		.byte	0x23
 492 0117 00       		.uleb128 0
 493 0118 07       		.uleb128 0x7
 494 0119 0B050000 		.4byte	.LASF23
 495 011d 02       		.byte	0x2
 496 011e 93       		.byte	0x93
 497 011f 6E000000 		.4byte	0x6e
 498 0123 02       		.byte	0x2
 499 0124 23       		.byte	0x23
 500 0125 02       		.uleb128 0x2
 501 0126 00       		.byte	0
 502 0127 04       		.uleb128 0x4
 503 0128 08020000 		.4byte	.LASF24
 504 012c 02       		.byte	0x2
 505 012d 94       		.byte	0x94
 506 012e 02010000 		.4byte	0x102
 507 0132 06       		.uleb128 0x6
 508 0133 0C       		.byte	0xc
 509 0134 02       		.byte	0x2
 510 0135 96       		.byte	0x96
 511 0136 65010000 		.4byte	0x165
 512 013a 07       		.uleb128 0x7
 513 013b E3000000 		.4byte	.LASF25
ARM GAS  C:\Users\MICHA_~1\AppData\Local\Temp\ccHIenTb.s 			page 10


 514 013f 02       		.byte	0x2
 515 0140 98       		.byte	0x98
 516 0141 6E000000 		.4byte	0x6e
 517 0145 02       		.byte	0x2
 518 0146 23       		.byte	0x23
 519 0147 00       		.uleb128 0
 520 0148 07       		.uleb128 0x7
 521 0149 83010000 		.4byte	.LASF26
 522 014d 02       		.byte	0x2
 523 014e 99       		.byte	0x99
 524 014f 65010000 		.4byte	0x165
 525 0153 02       		.byte	0x2
 526 0154 23       		.byte	0x23
 527 0155 04       		.uleb128 0x4
 528 0156 07       		.uleb128 0x7
 529 0157 14000000 		.4byte	.LASF27
 530 015b 02       		.byte	0x2
 531 015c 9A       		.byte	0x9a
 532 015d 6B010000 		.4byte	0x16b
 533 0161 02       		.byte	0x2
 534 0162 23       		.byte	0x23
 535 0163 08       		.uleb128 0x8
 536 0164 00       		.byte	0
 537 0165 08       		.uleb128 0x8
 538 0166 04       		.byte	0x4
 539 0167 8E000000 		.4byte	0x8e
 540 016b 08       		.uleb128 0x8
 541 016c 04       		.byte	0x4
 542 016d 27010000 		.4byte	0x127
 543 0171 04       		.uleb128 0x4
 544 0172 94010000 		.4byte	.LASF28
 545 0176 02       		.byte	0x2
 546 0177 9B       		.byte	0x9b
 547 0178 32010000 		.4byte	0x132
 548 017c 06       		.uleb128 0x6
 549 017d 08       		.byte	0x8
 550 017e 02       		.byte	0x2
 551 017f 9E       		.byte	0x9e
 552 0180 9F010000 		.4byte	0x19f
 553 0184 09       		.uleb128 0x9
 554 0185 6300     		.ascii	"c\000"
 555 0187 02       		.byte	0x2
 556 0188 A0       		.byte	0xa0
 557 0189 63000000 		.4byte	0x63
 558 018d 02       		.byte	0x2
 559 018e 23       		.byte	0x23
 560 018f 00       		.uleb128 0
 561 0190 07       		.uleb128 0x7
 562 0191 A5030000 		.4byte	.LASF29
 563 0195 02       		.byte	0x2
 564 0196 A1       		.byte	0xa1
 565 0197 9F010000 		.4byte	0x19f
 566 019b 02       		.byte	0x2
 567 019c 23       		.byte	0x23
 568 019d 04       		.uleb128 0x4
 569 019e 00       		.byte	0
 570 019f 08       		.uleb128 0x8
ARM GAS  C:\Users\MICHA_~1\AppData\Local\Temp\ccHIenTb.s 			page 11


 571 01a0 04       		.byte	0x4
 572 01a1 A5010000 		.4byte	0x1a5
 573 01a5 0A       		.uleb128 0xa
 574 01a6 04       		.uleb128 0x4
 575 01a7 EB030000 		.4byte	.LASF30
 576 01ab 02       		.byte	0x2
 577 01ac A2       		.byte	0xa2
 578 01ad 7C010000 		.4byte	0x17c
 579 01b1 0B       		.uleb128 0xb
 580 01b2 63000000 		.4byte	0x63
 581 01b6 C1010000 		.4byte	0x1c1
 582 01ba 0C       		.uleb128 0xc
 583 01bb 93000000 		.4byte	0x93
 584 01bf 11       		.byte	0x11
 585 01c0 00       		.byte	0
 586 01c1 0D       		.uleb128 0xd
 587 01c2 00000000 		.4byte	.LASF31
 588 01c6 03       		.byte	0x3
 589 01c7 27       		.byte	0x27
 590 01c8 D3010000 		.4byte	0x1d3
 591 01cc 01       		.byte	0x1
 592 01cd 05       		.byte	0x5
 593 01ce 03       		.byte	0x3
 594 01cf 00000000 		.4byte	USBFS_DEVICE0_DESCR
 595 01d3 0E       		.uleb128 0xe
 596 01d4 B1010000 		.4byte	0x1b1
 597 01d8 0B       		.uleb128 0xb
 598 01d9 63000000 		.4byte	0x63
 599 01dd E8010000 		.4byte	0x1e8
 600 01e1 0C       		.uleb128 0xc
 601 01e2 93000000 		.4byte	0x93
 602 01e6 28       		.byte	0x28
 603 01e7 00       		.byte	0
 604 01e8 0D       		.uleb128 0xd
 605 01e9 4C030000 		.4byte	.LASF32
 606 01ed 03       		.byte	0x3
 607 01ee 3A       		.byte	0x3a
 608 01ef FA010000 		.4byte	0x1fa
 609 01f3 01       		.byte	0x1
 610 01f4 05       		.byte	0x5
 611 01f5 03       		.byte	0x3
 612 01f6 00000000 		.4byte	USBFS_DEVICE0_CONFIGURATION0_DESCR
 613 01fa 0E       		.uleb128 0xe
 614 01fb D8010000 		.4byte	0x1d8
 615 01ff 0B       		.uleb128 0xb
 616 0200 A6010000 		.4byte	0x1a6
 617 0204 0F020000 		.4byte	0x20f
 618 0208 0C       		.uleb128 0xc
 619 0209 93000000 		.4byte	0x93
 620 020d 00       		.byte	0
 621 020e 00       		.byte	0
 622 020f 0D       		.uleb128 0xd
 623 0210 E9000000 		.4byte	.LASF33
 624 0214 03       		.byte	0x3
 625 0215 E8       		.byte	0xe8
 626 0216 21020000 		.4byte	0x221
 627 021a 01       		.byte	0x1
ARM GAS  C:\Users\MICHA_~1\AppData\Local\Temp\ccHIenTb.s 			page 12


 628 021b 05       		.byte	0x5
 629 021c 03       		.byte	0x3
 630 021d 00000000 		.4byte	USBFS_DEVICE0_CONFIGURATION0_INTERFACE0_TABLE
 631 0221 0E       		.uleb128 0xe
 632 0222 FF010000 		.4byte	0x1ff
 633 0226 0B       		.uleb128 0xb
 634 0227 F7000000 		.4byte	0xf7
 635 022b 36020000 		.4byte	0x236
 636 022f 0C       		.uleb128 0xc
 637 0230 93000000 		.4byte	0x93
 638 0234 01       		.byte	0x1
 639 0235 00       		.byte	0
 640 0236 0D       		.uleb128 0xd
 641 0237 1D030000 		.4byte	.LASF34
 642 023b 03       		.byte	0x3
 643 023c F3       		.byte	0xf3
 644 023d 48020000 		.4byte	0x248
 645 0241 01       		.byte	0x1
 646 0242 05       		.byte	0x5
 647 0243 03       		.byte	0x3
 648 0244 00000000 		.4byte	USBFS_DEVICE0_CONFIGURATION0_EP_SETTINGS_TABLE
 649 0248 0E       		.uleb128 0xe
 650 0249 26020000 		.4byte	0x226
 651 024d 0B       		.uleb128 0xb
 652 024e 63000000 		.4byte	0x63
 653 0252 5D020000 		.4byte	0x25d
 654 0256 0C       		.uleb128 0xc
 655 0257 93000000 		.4byte	0x93
 656 025b 00       		.byte	0
 657 025c 00       		.byte	0
 658 025d 0D       		.uleb128 0xd
 659 025e 21000000 		.4byte	.LASF35
 660 0262 03       		.byte	0x3
 661 0263 F8       		.byte	0xf8
 662 0264 6F020000 		.4byte	0x26f
 663 0268 01       		.byte	0x1
 664 0269 05       		.byte	0x5
 665 026a 03       		.byte	0x3
 666 026b 00000000 		.4byte	USBFS_DEVICE0_CONFIGURATION0_INTERFACE_CLASS
 667 026f 0E       		.uleb128 0xe
 668 0270 4D020000 		.4byte	0x24d
 669 0274 0B       		.uleb128 0xb
 670 0275 A6010000 		.4byte	0x1a6
 671 0279 84020000 		.4byte	0x284
 672 027d 0C       		.uleb128 0xc
 673 027e 93000000 		.4byte	0x93
 674 0282 03       		.byte	0x3
 675 0283 00       		.byte	0
 676 0284 0F       		.uleb128 0xf
 677 0285 22020000 		.4byte	.LASF36
 678 0289 03       		.byte	0x3
 679 028a 0001     		.2byte	0x100
 680 028c 97020000 		.4byte	0x297
 681 0290 01       		.byte	0x1
 682 0291 05       		.byte	0x5
 683 0292 03       		.byte	0x3
 684 0293 00000000 		.4byte	USBFS_DEVICE0_CONFIGURATION0_TABLE
ARM GAS  C:\Users\MICHA_~1\AppData\Local\Temp\ccHIenTb.s 			page 13


 685 0297 0E       		.uleb128 0xe
 686 0298 74020000 		.4byte	0x274
 687 029c 0B       		.uleb128 0xb
 688 029d A6010000 		.4byte	0x1a6
 689 02a1 AC020000 		.4byte	0x2ac
 690 02a5 0C       		.uleb128 0xc
 691 02a6 93000000 		.4byte	0x93
 692 02aa 01       		.byte	0x1
 693 02ab 00       		.byte	0
 694 02ac 0F       		.uleb128 0xf
 695 02ad 7B020000 		.4byte	.LASF37
 696 02b1 03       		.byte	0x3
 697 02b2 0A01     		.2byte	0x10a
 698 02b4 BF020000 		.4byte	0x2bf
 699 02b8 01       		.byte	0x1
 700 02b9 05       		.byte	0x5
 701 02ba 03       		.byte	0x3
 702 02bb 00000000 		.4byte	USBFS_DEVICE0_TABLE
 703 02bf 0E       		.uleb128 0xe
 704 02c0 9C020000 		.4byte	0x29c
 705 02c4 0F       		.uleb128 0xf
 706 02c5 D7000000 		.4byte	.LASF38
 707 02c9 03       		.byte	0x3
 708 02ca 1101     		.2byte	0x111
 709 02cc D7020000 		.4byte	0x2d7
 710 02d0 01       		.byte	0x1
 711 02d1 05       		.byte	0x5
 712 02d2 03       		.byte	0x3
 713 02d3 00000000 		.4byte	USBFS_TABLE
 714 02d7 0E       		.uleb128 0xe
 715 02d8 FF010000 		.4byte	0x1ff
 716 02dc 0B       		.uleb128 0xb
 717 02dd 63000000 		.4byte	0x63
 718 02e1 EC020000 		.4byte	0x2ec
 719 02e5 0C       		.uleb128 0xc
 720 02e6 93000000 		.4byte	0x93
 721 02ea 09       		.byte	0x9
 722 02eb 00       		.byte	0
 723 02ec 0D       		.uleb128 0xd
 724 02ed 2A010000 		.4byte	.LASF39
 725 02f1 03       		.byte	0x3
 726 02f2 92       		.byte	0x92
 727 02f3 FE020000 		.4byte	0x2fe
 728 02f7 01       		.byte	0x1
 729 02f8 05       		.byte	0x5
 730 02f9 03       		.byte	0x3
 731 02fa 00000000 		.4byte	USBFS_SN_STRING_DESCRIPTOR
 732 02fe 0E       		.uleb128 0xe
 733 02ff DC020000 		.4byte	0x2dc
 734 0303 0B       		.uleb128 0xb
 735 0304 63000000 		.4byte	0x63
 736 0308 13030000 		.4byte	0x313
 737 030c 0C       		.uleb128 0xc
 738 030d 93000000 		.4byte	0x93
 739 0311 52       		.byte	0x52
 740 0312 00       		.byte	0
 741 0313 0D       		.uleb128 0xd
ARM GAS  C:\Users\MICHA_~1\AppData\Local\Temp\ccHIenTb.s 			page 14


 742 0314 E4010000 		.4byte	.LASF40
 743 0318 03       		.byte	0x3
 744 0319 71       		.byte	0x71
 745 031a 25030000 		.4byte	0x325
 746 031e 01       		.byte	0x1
 747 031f 05       		.byte	0x5
 748 0320 03       		.byte	0x3
 749 0321 00000000 		.4byte	USBFS_STRING_DESCRIPTORS
 750 0325 0E       		.uleb128 0xe
 751 0326 03030000 		.4byte	0x303
 752 032a 0D       		.uleb128 0xd
 753 032b 54040000 		.4byte	.LASF41
 754 032f 03       		.byte	0x3
 755 0330 B9       		.byte	0xb9
 756 0331 27010000 		.4byte	0x127
 757 0335 01       		.byte	0x1
 758 0336 05       		.byte	0x5
 759 0337 03       		.byte	0x3
 760 0338 00000000 		.4byte	USBFS_DEVICE0_CONFIGURATION0_INTERFACE0_ALTERNATE0_HID_IN_RPT_SCB
 761 033c 0B       		.uleb128 0xb
 762 033d 63000000 		.4byte	0x63
 763 0341 4C030000 		.4byte	0x34c
 764 0345 0C       		.uleb128 0xc
 765 0346 93000000 		.4byte	0x93
 766 034a 40       		.byte	0x40
 767 034b 00       		.byte	0
 768 034c 0D       		.uleb128 0xd
 769 034d 45010000 		.4byte	.LASF42
 770 0351 03       		.byte	0x3
 771 0352 BA       		.byte	0xba
 772 0353 3C030000 		.4byte	0x33c
 773 0357 01       		.byte	0x1
 774 0358 05       		.byte	0x5
 775 0359 03       		.byte	0x3
 776 035a 00000000 		.4byte	USBFS_DEVICE0_CONFIGURATION0_INTERFACE0_ALTERNATE0_HID_IN_BUF
 777 035e 0D       		.uleb128 0xd
 778 035f 8F020000 		.4byte	.LASF43
 779 0363 03       		.byte	0x3
 780 0364 C8       		.byte	0xc8
 781 0365 27010000 		.4byte	0x127
 782 0369 01       		.byte	0x1
 783 036a 05       		.byte	0x5
 784 036b 03       		.byte	0x3
 785 036c 00000000 		.4byte	USBFS_DEVICE0_CONFIGURATION0_INTERFACE0_ALTERNATE0_HID_OUT_RPT_SCB
 786 0370 0D       		.uleb128 0xd
 787 0371 A5010000 		.4byte	.LASF44
 788 0375 03       		.byte	0x3
 789 0376 C9       		.byte	0xc9
 790 0377 3C030000 		.4byte	0x33c
 791 037b 01       		.byte	0x1
 792 037c 05       		.byte	0x5
 793 037d 03       		.byte	0x3
 794 037e 00000000 		.4byte	USBFS_DEVICE0_CONFIGURATION0_INTERFACE0_ALTERNATE0_HID_OUT_BUF
 795 0382 0B       		.uleb128 0xb
 796 0383 63000000 		.4byte	0x63
 797 0387 92030000 		.4byte	0x392
 798 038b 0C       		.uleb128 0xc
ARM GAS  C:\Users\MICHA_~1\AppData\Local\Temp\ccHIenTb.s 			page 15


 799 038c 93000000 		.4byte	0x93
 800 0390 27       		.byte	0x27
 801 0391 00       		.byte	0
 802 0392 0D       		.uleb128 0xd
 803 0393 38040000 		.4byte	.LASF45
 804 0397 03       		.byte	0x3
 805 0398 9B       		.byte	0x9b
 806 0399 A4030000 		.4byte	0x3a4
 807 039d 01       		.byte	0x1
 808 039e 05       		.byte	0x5
 809 039f 03       		.byte	0x3
 810 03a0 00000000 		.4byte	USBFS_HIDREPORT_DESCRIPTOR1
 811 03a4 0E       		.uleb128 0xe
 812 03a5 82030000 		.4byte	0x382
 813 03a9 0B       		.uleb128 0xb
 814 03aa 71010000 		.4byte	0x171
 815 03ae B9030000 		.4byte	0x3b9
 816 03b2 0C       		.uleb128 0xc
 817 03b3 93000000 		.4byte	0x93
 818 03b7 00       		.byte	0
 819 03b8 00       		.byte	0
 820 03b9 0D       		.uleb128 0xd
 821 03ba 93000000 		.4byte	.LASF46
 822 03be 03       		.byte	0x3
 823 03bf C0       		.byte	0xc0
 824 03c0 CB030000 		.4byte	0x3cb
 825 03c4 01       		.byte	0x1
 826 03c5 05       		.byte	0x5
 827 03c6 03       		.byte	0x3
 828 03c7 00000000 		.4byte	USBFS_DEVICE0_CONFIGURATION0_INTERFACE0_ALTERNATE0_HID_IN_RPT_TABLE
 829 03cb 0E       		.uleb128 0xe
 830 03cc A9030000 		.4byte	0x3a9
 831 03d0 0D       		.uleb128 0xd
 832 03d1 4E000000 		.4byte	.LASF47
 833 03d5 03       		.byte	0x3
 834 03d6 CF       		.byte	0xcf
 835 03d7 E2030000 		.4byte	0x3e2
 836 03db 01       		.byte	0x1
 837 03dc 05       		.byte	0x5
 838 03dd 03       		.byte	0x3
 839 03de 00000000 		.4byte	USBFS_DEVICE0_CONFIGURATION0_INTERFACE0_ALTERNATE0_HID_OUT_RPT_TABLE
 840 03e2 0E       		.uleb128 0xe
 841 03e3 A9030000 		.4byte	0x3a9
 842 03e7 0B       		.uleb128 0xb
 843 03e8 A6010000 		.4byte	0x1a6
 844 03ec F7030000 		.4byte	0x3f7
 845 03f0 0C       		.uleb128 0xc
 846 03f1 93000000 		.4byte	0x93
 847 03f5 04       		.byte	0x4
 848 03f6 00       		.byte	0
 849 03f7 0D       		.uleb128 0xd
 850 03f8 D2020000 		.4byte	.LASF48
 851 03fc 03       		.byte	0x3
 852 03fd DC       		.byte	0xdc
 853 03fe 09040000 		.4byte	0x409
 854 0402 01       		.byte	0x1
 855 0403 05       		.byte	0x5
ARM GAS  C:\Users\MICHA_~1\AppData\Local\Temp\ccHIenTb.s 			page 16


 856 0404 03       		.byte	0x3
 857 0405 00000000 		.4byte	USBFS_DEVICE0_CONFIGURATION0_INTERFACE0_ALTERNATE0_HID_TABLE
 858 0409 0E       		.uleb128 0xe
 859 040a E7030000 		.4byte	0x3e7
 860 040e 00       		.byte	0
 861              		.section	.debug_abbrev,"",%progbits
 862              	.Ldebug_abbrev0:
 863 0000 01       		.uleb128 0x1
 864 0001 11       		.uleb128 0x11
 865 0002 01       		.byte	0x1
 866 0003 25       		.uleb128 0x25
 867 0004 0E       		.uleb128 0xe
 868 0005 13       		.uleb128 0x13
 869 0006 0B       		.uleb128 0xb
 870 0007 03       		.uleb128 0x3
 871 0008 0E       		.uleb128 0xe
 872 0009 1B       		.uleb128 0x1b
 873 000a 0E       		.uleb128 0xe
 874 000b 10       		.uleb128 0x10
 875 000c 06       		.uleb128 0x6
 876 000d 00       		.byte	0
 877 000e 00       		.byte	0
 878 000f 02       		.uleb128 0x2
 879 0010 24       		.uleb128 0x24
 880 0011 00       		.byte	0
 881 0012 0B       		.uleb128 0xb
 882 0013 0B       		.uleb128 0xb
 883 0014 3E       		.uleb128 0x3e
 884 0015 0B       		.uleb128 0xb
 885 0016 03       		.uleb128 0x3
 886 0017 0E       		.uleb128 0xe
 887 0018 00       		.byte	0
 888 0019 00       		.byte	0
 889 001a 03       		.uleb128 0x3
 890 001b 24       		.uleb128 0x24
 891 001c 00       		.byte	0
 892 001d 0B       		.uleb128 0xb
 893 001e 0B       		.uleb128 0xb
 894 001f 3E       		.uleb128 0x3e
 895 0020 0B       		.uleb128 0xb
 896 0021 03       		.uleb128 0x3
 897 0022 08       		.uleb128 0x8
 898 0023 00       		.byte	0
 899 0024 00       		.byte	0
 900 0025 04       		.uleb128 0x4
 901 0026 16       		.uleb128 0x16
 902 0027 00       		.byte	0
 903 0028 03       		.uleb128 0x3
 904 0029 0E       		.uleb128 0xe
 905 002a 3A       		.uleb128 0x3a
 906 002b 0B       		.uleb128 0xb
 907 002c 3B       		.uleb128 0x3b
 908 002d 0B       		.uleb128 0xb
 909 002e 49       		.uleb128 0x49
 910 002f 13       		.uleb128 0x13
 911 0030 00       		.byte	0
 912 0031 00       		.byte	0
ARM GAS  C:\Users\MICHA_~1\AppData\Local\Temp\ccHIenTb.s 			page 17


 913 0032 05       		.uleb128 0x5
 914 0033 35       		.uleb128 0x35
 915 0034 00       		.byte	0
 916 0035 49       		.uleb128 0x49
 917 0036 13       		.uleb128 0x13
 918 0037 00       		.byte	0
 919 0038 00       		.byte	0
 920 0039 06       		.uleb128 0x6
 921 003a 13       		.uleb128 0x13
 922 003b 01       		.byte	0x1
 923 003c 0B       		.uleb128 0xb
 924 003d 0B       		.uleb128 0xb
 925 003e 3A       		.uleb128 0x3a
 926 003f 0B       		.uleb128 0xb
 927 0040 3B       		.uleb128 0x3b
 928 0041 0B       		.uleb128 0xb
 929 0042 01       		.uleb128 0x1
 930 0043 13       		.uleb128 0x13
 931 0044 00       		.byte	0
 932 0045 00       		.byte	0
 933 0046 07       		.uleb128 0x7
 934 0047 0D       		.uleb128 0xd
 935 0048 00       		.byte	0
 936 0049 03       		.uleb128 0x3
 937 004a 0E       		.uleb128 0xe
 938 004b 3A       		.uleb128 0x3a
 939 004c 0B       		.uleb128 0xb
 940 004d 3B       		.uleb128 0x3b
 941 004e 0B       		.uleb128 0xb
 942 004f 49       		.uleb128 0x49
 943 0050 13       		.uleb128 0x13
 944 0051 38       		.uleb128 0x38
 945 0052 0A       		.uleb128 0xa
 946 0053 00       		.byte	0
 947 0054 00       		.byte	0
 948 0055 08       		.uleb128 0x8
 949 0056 0F       		.uleb128 0xf
 950 0057 00       		.byte	0
 951 0058 0B       		.uleb128 0xb
 952 0059 0B       		.uleb128 0xb
 953 005a 49       		.uleb128 0x49
 954 005b 13       		.uleb128 0x13
 955 005c 00       		.byte	0
 956 005d 00       		.byte	0
 957 005e 09       		.uleb128 0x9
 958 005f 0D       		.uleb128 0xd
 959 0060 00       		.byte	0
 960 0061 03       		.uleb128 0x3
 961 0062 08       		.uleb128 0x8
 962 0063 3A       		.uleb128 0x3a
 963 0064 0B       		.uleb128 0xb
 964 0065 3B       		.uleb128 0x3b
 965 0066 0B       		.uleb128 0xb
 966 0067 49       		.uleb128 0x49
 967 0068 13       		.uleb128 0x13
 968 0069 38       		.uleb128 0x38
 969 006a 0A       		.uleb128 0xa
ARM GAS  C:\Users\MICHA_~1\AppData\Local\Temp\ccHIenTb.s 			page 18


 970 006b 00       		.byte	0
 971 006c 00       		.byte	0
 972 006d 0A       		.uleb128 0xa
 973 006e 26       		.uleb128 0x26
 974 006f 00       		.byte	0
 975 0070 00       		.byte	0
 976 0071 00       		.byte	0
 977 0072 0B       		.uleb128 0xb
 978 0073 01       		.uleb128 0x1
 979 0074 01       		.byte	0x1
 980 0075 49       		.uleb128 0x49
 981 0076 13       		.uleb128 0x13
 982 0077 01       		.uleb128 0x1
 983 0078 13       		.uleb128 0x13
 984 0079 00       		.byte	0
 985 007a 00       		.byte	0
 986 007b 0C       		.uleb128 0xc
 987 007c 21       		.uleb128 0x21
 988 007d 00       		.byte	0
 989 007e 49       		.uleb128 0x49
 990 007f 13       		.uleb128 0x13
 991 0080 2F       		.uleb128 0x2f
 992 0081 0B       		.uleb128 0xb
 993 0082 00       		.byte	0
 994 0083 00       		.byte	0
 995 0084 0D       		.uleb128 0xd
 996 0085 34       		.uleb128 0x34
 997 0086 00       		.byte	0
 998 0087 03       		.uleb128 0x3
 999 0088 0E       		.uleb128 0xe
 1000 0089 3A       		.uleb128 0x3a
 1001 008a 0B       		.uleb128 0xb
 1002 008b 3B       		.uleb128 0x3b
 1003 008c 0B       		.uleb128 0xb
 1004 008d 49       		.uleb128 0x49
 1005 008e 13       		.uleb128 0x13
 1006 008f 3F       		.uleb128 0x3f
 1007 0090 0C       		.uleb128 0xc
 1008 0091 02       		.uleb128 0x2
 1009 0092 0A       		.uleb128 0xa
 1010 0093 00       		.byte	0
 1011 0094 00       		.byte	0
 1012 0095 0E       		.uleb128 0xe
 1013 0096 26       		.uleb128 0x26
 1014 0097 00       		.byte	0
 1015 0098 49       		.uleb128 0x49
 1016 0099 13       		.uleb128 0x13
 1017 009a 00       		.byte	0
 1018 009b 00       		.byte	0
 1019 009c 0F       		.uleb128 0xf
 1020 009d 34       		.uleb128 0x34
 1021 009e 00       		.byte	0
 1022 009f 03       		.uleb128 0x3
 1023 00a0 0E       		.uleb128 0xe
 1024 00a1 3A       		.uleb128 0x3a
 1025 00a2 0B       		.uleb128 0xb
 1026 00a3 3B       		.uleb128 0x3b
ARM GAS  C:\Users\MICHA_~1\AppData\Local\Temp\ccHIenTb.s 			page 19


 1027 00a4 05       		.uleb128 0x5
 1028 00a5 49       		.uleb128 0x49
 1029 00a6 13       		.uleb128 0x13
 1030 00a7 3F       		.uleb128 0x3f
 1031 00a8 0C       		.uleb128 0xc
 1032 00a9 02       		.uleb128 0x2
 1033 00aa 0A       		.uleb128 0xa
 1034 00ab 00       		.byte	0
 1035 00ac 00       		.byte	0
 1036 00ad 00       		.byte	0
 1037              		.section	.debug_aranges,"",%progbits
 1038 0000 14000000 		.4byte	0x14
 1039 0004 0200     		.2byte	0x2
 1040 0006 00000000 		.4byte	.Ldebug_info0
 1041 000a 04       		.byte	0x4
 1042 000b 00       		.byte	0
 1043 000c 0000     		.2byte	0
 1044 000e 0000     		.2byte	0
 1045 0010 00000000 		.4byte	0
 1046 0014 00000000 		.4byte	0
 1047              		.section	.debug_line,"",%progbits
 1048              	.Ldebug_line0:
 1049 0000 5B000000 		.section	.debug_str,"MS",%progbits,1
 1049      02005500 
 1049      00000201 
 1049      FB0E0D00 
 1049      01010101 
 1050              	.LASF31:
 1051 0000 55534246 		.ascii	"USBFS_DEVICE0_DESCR\000"
 1051      535F4445 
 1051      56494345 
 1051      305F4445 
 1051      53435200 
 1052              	.LASF27:
 1053 0014 70537461 		.ascii	"pStatusBlock\000"
 1053      74757342 
 1053      6C6F636B 
 1053      00
 1054              	.LASF35:
 1055 0021 55534246 		.ascii	"USBFS_DEVICE0_CONFIGURATION0_INTERFACE_CLASS\000"
 1055      535F4445 
 1055      56494345 
 1055      305F434F 
 1055      4E464947 
 1056              	.LASF47:
 1057 004e 55534246 		.ascii	"USBFS_DEVICE0_CONFIGURATION0_INTERFACE0_ALTERNATE0_"
 1057      535F4445 
 1057      56494345 
 1057      305F434F 
 1057      4E464947 
 1058 0081 4849445F 		.ascii	"HID_OUT_RPT_TABLE\000"
 1058      4F55545F 
 1058      5250545F 
 1058      5441424C 
 1058      4500
 1059              	.LASF46:
 1060 0093 55534246 		.ascii	"USBFS_DEVICE0_CONFIGURATION0_INTERFACE0_ALTERNATE0_"
ARM GAS  C:\Users\MICHA_~1\AppData\Local\Temp\ccHIenTb.s 			page 20


 1060      535F4445 
 1060      56494345 
 1060      305F434F 
 1060      4E464947 
 1061 00c6 4849445F 		.ascii	"HID_IN_RPT_TABLE\000"
 1061      494E5F52 
 1061      50545F54 
 1061      41424C45 
 1061      00
 1062              	.LASF38:
 1063 00d7 55534246 		.ascii	"USBFS_TABLE\000"
 1063      535F5441 
 1063      424C4500 
 1064              	.LASF25:
 1065 00e3 636F756E 		.ascii	"count\000"
 1065      7400
 1066              	.LASF33:
 1067 00e9 55534246 		.ascii	"USBFS_DEVICE0_CONFIGURATION0_INTERFACE0_TABLE\000"
 1067      535F4445 
 1067      56494345 
 1067      305F434F 
 1067      4E464947 
 1068              	.LASF3:
 1069 0117 73686F72 		.ascii	"short unsigned int\000"
 1069      7420756E 
 1069      7369676E 
 1069      65642069 
 1069      6E7400
 1070              	.LASF39:
 1071 012a 55534246 		.ascii	"USBFS_SN_STRING_DESCRIPTOR\000"
 1071      535F534E 
 1071      5F535452 
 1071      494E475F 
 1071      44455343 
 1072              	.LASF42:
 1073 0145 55534246 		.ascii	"USBFS_DEVICE0_CONFIGURATION0_INTERFACE0_ALTERNATE0_"
 1073      535F4445 
 1073      56494345 
 1073      305F434F 
 1073      4E464947 
 1074 0178 4849445F 		.ascii	"HID_IN_BUF\000"
 1074      494E5F42 
 1074      554600
 1075              	.LASF26:
 1076 0183 70446174 		.ascii	"pData\000"
 1076      6100
 1077              	.LASF16:
 1078 0189 616C7453 		.ascii	"altSetting\000"
 1078      65747469 
 1078      6E6700
 1079              	.LASF28:
 1080 0194 545F5553 		.ascii	"T_USBFS_TD\000"
 1080      4246535F 
 1080      544400
 1081              	.LASF11:
 1082 019f 666C6F61 		.ascii	"float\000"
 1082      7400
ARM GAS  C:\Users\MICHA_~1\AppData\Local\Temp\ccHIenTb.s 			page 21


 1083              	.LASF44:
 1084 01a5 55534246 		.ascii	"USBFS_DEVICE0_CONFIGURATION0_INTERFACE0_ALTERNATE0_"
 1084      535F4445 
 1084      56494345 
 1084      305F434F 
 1084      4E464947 
 1085 01d8 4849445F 		.ascii	"HID_OUT_BUF\000"
 1085      4F55545F 
 1085      42554600 
 1086              	.LASF40:
 1087 01e4 55534246 		.ascii	"USBFS_STRING_DESCRIPTORS\000"
 1087      535F5354 
 1087      52494E47 
 1087      5F444553 
 1087      43524950 
 1088              	.LASF18:
 1089 01fd 61747472 		.ascii	"attributes\000"
 1089      69627574 
 1089      657300
 1090              	.LASF24:
 1091 0208 545F5553 		.ascii	"T_USBFS_XFER_STATUS_BLOCK\000"
 1091      4246535F 
 1091      58464552 
 1091      5F535441 
 1091      5455535F 
 1092              	.LASF36:
 1093 0222 55534246 		.ascii	"USBFS_DEVICE0_CONFIGURATION0_TABLE\000"
 1093      535F4445 
 1093      56494345 
 1093      305F434F 
 1093      4E464947 
 1094              	.LASF51:
 1095 0245 573A5C53 		.ascii	"W:\\SCSI2SD\\software\\SCSI2SD\\USB_Bootloader.cyds"
 1095      43534932 
 1095      53445C73 
 1095      6F667477 
 1095      6172655C 
 1096 0274 6E00     		.ascii	"n\000"
 1097              	.LASF17:
 1098 0276 61646472 		.ascii	"addr\000"
 1098      00
 1099              	.LASF37:
 1100 027b 55534246 		.ascii	"USBFS_DEVICE0_TABLE\000"
 1100      535F4445 
 1100      56494345 
 1100      305F5441 
 1100      424C4500 
 1101              	.LASF43:
 1102 028f 55534246 		.ascii	"USBFS_DEVICE0_CONFIGURATION0_INTERFACE0_ALTERNATE0_"
 1102      535F4445 
 1102      56494345 
 1102      305F434F 
 1102      4E464947 
 1103 02c2 4849445F 		.ascii	"HID_OUT_RPT_SCB\000"
 1103      4F55545F 
 1103      5250545F 
 1103      53434200 
ARM GAS  C:\Users\MICHA_~1\AppData\Local\Temp\ccHIenTb.s 			page 22


 1104              	.LASF48:
 1105 02d2 55534246 		.ascii	"USBFS_DEVICE0_CONFIGURATION0_INTERFACE0_ALTERNATE0_"
 1105      535F4445 
 1105      56494345 
 1105      305F434F 
 1105      4E464947 
 1106 0305 4849445F 		.ascii	"HID_TABLE\000"
 1106      5441424C 
 1106      4500
 1107              	.LASF12:
 1108 030f 646F7562 		.ascii	"double\000"
 1108      6C6500
 1109              	.LASF10:
 1110 0316 75696E74 		.ascii	"uint16\000"
 1110      313600
 1111              	.LASF34:
 1112 031d 55534246 		.ascii	"USBFS_DEVICE0_CONFIGURATION0_EP_SETTINGS_TABLE\000"
 1112      535F4445 
 1112      56494345 
 1112      305F434F 
 1112      4E464947 
 1113              	.LASF32:
 1114 034c 55534246 		.ascii	"USBFS_DEVICE0_CONFIGURATION0_DESCR\000"
 1114      535F4445 
 1114      56494345 
 1114      305F434F 
 1114      4E464947 
 1115              	.LASF5:
 1116 036f 6C6F6E67 		.ascii	"long unsigned int\000"
 1116      20756E73 
 1116      69676E65 
 1116      6420696E 
 1116      7400
 1117              	.LASF8:
 1118 0381 756E7369 		.ascii	"unsigned int\000"
 1118      676E6564 
 1118      20696E74 
 1118      00
 1119              	.LASF7:
 1120 038e 6C6F6E67 		.ascii	"long long unsigned int\000"
 1120      206C6F6E 
 1120      6720756E 
 1120      7369676E 
 1120      65642069 
 1121              	.LASF29:
 1122 03a5 705F6C69 		.ascii	"p_list\000"
 1122      737400
 1123              	.LASF21:
 1124 03ac 545F5553 		.ascii	"T_USBFS_EP_SETTINGS_BLOCK\000"
 1124      4246535F 
 1124      45505F53 
 1124      45545449 
 1124      4E47535F 
 1125              	.LASF1:
 1126 03c6 756E7369 		.ascii	"unsigned char\000"
 1126      676E6564 
 1126      20636861 
ARM GAS  C:\Users\MICHA_~1\AppData\Local\Temp\ccHIenTb.s 			page 23


 1126      7200
 1127              	.LASF14:
 1128 03d4 73697A65 		.ascii	"sizetype\000"
 1128      74797065 
 1128      00
 1129              	.LASF6:
 1130 03dd 6C6F6E67 		.ascii	"long long int\000"
 1130      206C6F6E 
 1130      6720696E 
 1130      7400
 1131              	.LASF30:
 1132 03eb 545F5553 		.ascii	"T_USBFS_LUT\000"
 1132      4246535F 
 1132      4C555400 
 1133              	.LASF13:
 1134 03f7 63686172 		.ascii	"char\000"
 1134      00
 1135              	.LASF50:
 1136 03fc 2E5C4765 		.ascii	".\\Generated_Source\\PSoC5\\USBFS_descr.c\000"
 1136      6E657261 
 1136      7465645F 
 1136      536F7572 
 1136      63655C50 
 1137              	.LASF19:
 1138 0423 62756666 		.ascii	"bufferSize\000"
 1138      65725369 
 1138      7A6500
 1139              	.LASF2:
 1140 042e 73686F72 		.ascii	"short int\000"
 1140      7420696E 
 1140      7400
 1141              	.LASF45:
 1142 0438 55534246 		.ascii	"USBFS_HIDREPORT_DESCRIPTOR1\000"
 1142      535F4849 
 1142      44524550 
 1142      4F52545F 
 1142      44455343 
 1143              	.LASF41:
 1144 0454 55534246 		.ascii	"USBFS_DEVICE0_CONFIGURATION0_INTERFACE0_ALTERNATE0_"
 1144      535F4445 
 1144      56494345 
 1144      305F434F 
 1144      4E464947 
 1145 0487 4849445F 		.ascii	"HID_IN_RPT_SCB\000"
 1145      494E5F52 
 1145      50545F53 
 1145      434200
 1146              	.LASF9:
 1147 0496 75696E74 		.ascii	"uint8\000"
 1147      3800
 1148              	.LASF49:
 1149 049c 474E5520 		.ascii	"GNU C 4.7.3 20130312 (release) [ARM/embedded-4_7-br"
 1149      4320342E 
 1149      372E3320 
 1149      32303133 
 1149      30333132 
 1150 04cf 616E6368 		.ascii	"anch revision 196615]\000"
ARM GAS  C:\Users\MICHA_~1\AppData\Local\Temp\ccHIenTb.s 			page 24


 1150      20726576 
 1150      6973696F 
 1150      6E203139 
 1150      36363135 
 1151              	.LASF15:
 1152 04e5 696E7465 		.ascii	"interface\000"
 1152      72666163 
 1152      6500
 1153              	.LASF4:
 1154 04ef 6C6F6E67 		.ascii	"long int\000"
 1154      20696E74 
 1154      00
 1155              	.LASF22:
 1156 04f8 73746174 		.ascii	"status\000"
 1156      757300
 1157              	.LASF0:
 1158 04ff 7369676E 		.ascii	"signed char\000"
 1158      65642063 
 1158      68617200 
 1159              	.LASF23:
 1160 050b 6C656E67 		.ascii	"length\000"
 1160      746800
 1161              	.LASF20:
 1162 0512 624D6973 		.ascii	"bMisc\000"
 1162      6300
 1163              		.ident	"GCC: (GNU Tools for ARM Embedded Processors) 4.7.3 20130312 (release) [ARM/embedded-4_7-br
